#
# There is insufficient memory for the Java Runtime Environment to continue.
# Native memory allocation (malloc) failed to allocate 1353632 bytes for Chunk::new
# Possible reasons:
#   The system is out of physical RAM or swap space
#   The process is running with CompressedOops enabled, and the Java Heap may be blocking the growth of the native heap
# Possible solutions:
#   Reduce memory load on the system
#   Increase physical memory or swap space
#   Check if swap backing store is full
#   Decrease Java heap size (-Xmx/-Xms)
#   Decrease number of Java threads
#   Decrease Java thread stack sizes (-Xss)
#   Set larger code cache with -XX:ReservedCodeCacheSize=
#   JVM is running with Zero Based Compressed Oops mode in which the Java heap is
#     placed in the first 32GB address space. The Java Heap base address is the
#     maximum limit for the native heap growth. Please use -XX:HeapBaseMinAddress
#     to set the Java Heap base and to place the Java Heap above 32GB virtual address.
# This output file may be truncated or incomplete.
#
#  Out of Memory Error (arena.cpp:189), pid=25188, tid=11756
#
# JRE version: Java(TM) SE Runtime Environment (17.0.12+8) (build 17.0.12+8-LTS-286)
# Java VM: Java HotSpot(TM) 64-Bit Server VM (17.0.12+8-LTS-286, mixed mode, sharing, tiered, compressed oops, compressed class ptrs, g1 gc, windows-amd64)
# No core dump will be written. Minidumps are not enabled by default on client versions of Windows
#

---------------  S U M M A R Y ------------

Command Line: -javaagent:E:\IntelliJ IDEA Community Edition 2022.1.4\lib\idea_rt.jar=37847:E:\IntelliJ IDEA Community Edition 2022.1.4\bin -Dfile.encoding=UTF-8 com.univ.researchhub.ResearchHubApplication

Host: 12th Gen Intel(R) Core(TM) i5-1240P, 16 cores, 15G,  Windows 11 , 64 bit Build 26100 (10.0.26100.7019)
Time: Tue Dec  9 12:59:07 2025  Windows 11 , 64 bit Build 26100 (10.0.26100.7019) elapsed time: 8.626360 seconds (0d 0h 0m 8s)

---------------  T H R E A D  ---------------

Current thread (0x000001da8d0b1ab0):  JavaThread "C2 CompilerThread0" daemon [_thread_in_native, id=11756, stack(0x0000003eca600000,0x0000003eca700000)]


Current CompileTask:
C2:   8626 4079   !   4       jdk.internal.loader.BuiltinClassLoader::loadClassOrNull (143 bytes)

Stack: [0x0000003eca600000,0x0000003eca700000]
Native frames: (J=compiled Java code, j=interpreted, Vv=VM code, C=native code)
V  [jvm.dll+0x67a04a]
V  [jvm.dll+0x7da4ed]
V  [jvm.dll+0x7dbe33]
V  [jvm.dll+0x7dc4a3]
V  [jvm.dll+0x24508f]
V  [jvm.dll+0xab773]
V  [jvm.dll+0xabd3c]
V  [jvm.dll+0x361bee]
V  [jvm.dll+0x1ba64a]
V  [jvm.dll+0x216997]
V  [jvm.dll+0x215c6f]
V  [jvm.dll+0x1a2960]
V  [jvm.dll+0x22610b]
V  [jvm.dll+0x2242ab]
V  [jvm.dll+0x79075c]
V  [jvm.dll+0x78abea]
V  [jvm.dll+0x678f35]
C  [ucrtbase.dll+0x37b0]
C  [KERNEL32.DLL+0x2e8d7]
C  [ntdll.dll+0x8c53c]


---------------  P R O C E S S  ---------------

Threads class SMR info:
_java_thread_list=0x000001dad67f7890, length=23, elements={
0x000001dae8d29ea0, 0x000001da8c66f040, 0x000001da8c66fc00, 0x000001da8d0a9410,
0x000001da8d0abff0, 0x000001da8d0af170, 0x000001da8d0ad310, 0x000001da8d0b1ab0,
0x000001da8d0b64c0, 0x000001da8d0af680, 0x000001da8d0ad820, 0x000001da8d191040,
0x000001da8d1d5b90, 0x000001da8d20d980, 0x000001da8d0ae750, 0x000001da8d0b05b0,
0x000001dad3489d10, 0x000001dad4201650, 0x000001dad4fca100, 0x000001da8d0afb90,
0x000001da8d0add30, 0x000001da8d0b00a0, 0x000001dad5db9a60
}

Java Threads: ( => current thread )
  0x000001dae8d29ea0 JavaThread "main" [_thread_in_vm, id=32628, stack(0x0000003ec9900000,0x0000003ec9a00000)]
  0x000001da8c66f040 JavaThread "Reference Handler" daemon [_thread_blocked, id=8708, stack(0x0000003eca000000,0x0000003eca100000)]
  0x000001da8c66fc00 JavaThread "Finalizer" daemon [_thread_blocked, id=25532, stack(0x0000003eca100000,0x0000003eca200000)]
  0x000001da8d0a9410 JavaThread "Signal Dispatcher" daemon [_thread_blocked, id=3212, stack(0x0000003eca200000,0x0000003eca300000)]
  0x000001da8d0abff0 JavaThread "Attach Listener" daemon [_thread_blocked, id=8228, stack(0x0000003eca300000,0x0000003eca400000)]
  0x000001da8d0af170 JavaThread "Service Thread" daemon [_thread_blocked, id=17216, stack(0x0000003eca400000,0x0000003eca500000)]
  0x000001da8d0ad310 JavaThread "Monitor Deflation Thread" daemon [_thread_blocked, id=31192, stack(0x0000003eca500000,0x0000003eca600000)]
=>0x000001da8d0b1ab0 JavaThread "C2 CompilerThread0" daemon [_thread_in_native, id=11756, stack(0x0000003eca600000,0x0000003eca700000)]
  0x000001da8d0b64c0 JavaThread "C1 CompilerThread0" daemon [_thread_blocked, id=12172, stack(0x0000003eca700000,0x0000003eca800000)]
  0x000001da8d0af680 JavaThread "Sweeper thread" daemon [_thread_blocked, id=29076, stack(0x0000003eca800000,0x0000003eca900000)]
  0x000001da8d0ad820 JavaThread "Common-Cleaner" daemon [_thread_blocked, id=28064, stack(0x0000003eca900000,0x0000003ecaa00000)]
  0x000001da8d191040 JavaThread "C1 CompilerThread1" daemon [_thread_blocked, id=26164, stack(0x0000003ecaa00000,0x0000003ecab00000)]
  0x000001da8d1d5b90 JavaThread "C1 CompilerThread2" daemon [_thread_blocked, id=9812, stack(0x0000003ecab00000,0x0000003ecac00000)]
  0x000001da8d20d980 JavaThread "C2 CompilerThread1" daemon [_thread_in_native, id=21012, stack(0x0000003ecad00000,0x0000003ecae00000)]
  0x000001da8d0ae750 JavaThread "Monitor Ctrl-Break" daemon [_thread_in_native, id=7508, stack(0x0000003ecae00000,0x0000003ecaf00000)]
  0x000001da8d0b05b0 JavaThread "Notification Thread" daemon [_thread_blocked, id=21180, stack(0x0000003ecaf00000,0x0000003ecb000000)]
  0x000001dad3489d10 JavaThread "C2 CompilerThread2" daemon [_thread_blocked, id=17316, stack(0x0000003ecb600000,0x0000003ecb700000)]
  0x000001dad4201650 JavaThread "C2 CompilerThread3" daemon [_thread_in_native, id=22136, stack(0x0000003ecbd00000,0x0000003ecbe00000)]
  0x000001dad4fca100 JavaThread "C2 CompilerThread4" daemon [_thread_blocked, id=16676, stack(0x0000003ecb700000,0x0000003ecb800000)]
  0x000001da8d0afb90 JavaThread "Catalina-utility-1" [_thread_blocked, id=24040, stack(0x0000003ecc200000,0x0000003ecc300000)]
  0x000001da8d0add30 JavaThread "Catalina-utility-2" [_thread_blocked, id=12420, stack(0x0000003ecc300000,0x0000003ecc400000)]
  0x000001da8d0b00a0 JavaThread "container-0" [_thread_blocked, id=6348, stack(0x0000003ecc400000,0x0000003ecc500000)]
  0x000001dad5db9a60 JavaThread "mysql-cj-abandoned-connection-cleanup" daemon [_thread_blocked, id=16404, stack(0x0000003ecc500000,0x0000003ecc600000)]

Other Threads:
  0x000001da8c66b5a0 VMThread "VM Thread" [stack: 0x0000003ec9f00000,0x0000003eca000000] [id=27772]
  0x000001da8d417e90 WatcherThread [stack: 0x0000003ecb000000,0x0000003ecb100000] [id=26524]
  0x000001dae8d96420 GCTaskThread "GC Thread#0" [stack: 0x0000003ec9a00000,0x0000003ec9b00000] [id=8444]
  0x000001dad3131750 GCTaskThread "GC Thread#1" [stack: 0x0000003ecb100000,0x0000003ecb200000] [id=9444]
  0x000001dad31327d0 GCTaskThread "GC Thread#2" [stack: 0x0000003ecb200000,0x0000003ecb300000] [id=24016]
  0x000001dad3131a10 GCTaskThread "GC Thread#3" [stack: 0x0000003ecb300000,0x0000003ecb400000] [id=3780]
  0x000001dad3132250 GCTaskThread "GC Thread#4" [stack: 0x0000003ecb400000,0x0000003ecb500000] [id=3356]
  0x000001dad3131cd0 GCTaskThread "GC Thread#5" [stack: 0x0000003ecb500000,0x0000003ecb600000] [id=32200]
  0x000001dad3131f90 GCTaskThread "GC Thread#6" [stack: 0x0000003ecb800000,0x0000003ecb900000] [id=29028]
  0x000001dad3132a90 GCTaskThread "GC Thread#7" [stack: 0x0000003ecb900000,0x0000003ecba00000] [id=21812]
  0x000001dad3132510 GCTaskThread "GC Thread#8" [stack: 0x0000003ecba00000,0x0000003ecbb00000] [id=22948]
  0x000001dad3132d50 GCTaskThread "GC Thread#9" [stack: 0x0000003ecbb00000,0x0000003ecbc00000] [id=31736]
  0x000001dad31311d0 GCTaskThread "GC Thread#10" [stack: 0x0000003ecbc00000,0x0000003ecbd00000] [id=12312]
  0x000001dad332d670 GCTaskThread "GC Thread#11" [stack: 0x0000003ecbe00000,0x0000003ecbf00000] [id=17660]
  0x000001dad332c8b0 GCTaskThread "GC Thread#12" [stack: 0x0000003ecbf00000,0x0000003ecc000000] [id=18132]
  0x000001dae8da7740 ConcurrentGCThread "G1 Main Marker" [stack: 0x0000003ec9b00000,0x0000003ec9c00000] [id=3416]
  0x000001dae8da8cc0 ConcurrentGCThread "G1 Conc#0" [stack: 0x0000003ec9c00000,0x0000003ec9d00000] [id=7152]
  0x000001dad332cb70 ConcurrentGCThread "G1 Conc#1" [stack: 0x0000003ecc000000,0x0000003ecc100000] [id=13288]
  0x000001dad332b830 ConcurrentGCThread "G1 Conc#2" [stack: 0x0000003ecc100000,0x0000003ecc200000] [id=21788]
  0x000001da8c5952c0 ConcurrentGCThread "G1 Refine#0" [stack: 0x0000003ec9d00000,0x0000003ec9e00000] [id=16812]
  0x000001da8c595b00 ConcurrentGCThread "G1 Service" [stack: 0x0000003ec9e00000,0x0000003ec9f00000] [id=26976]

Threads with active compile tasks:
C2 CompilerThread0     9715 4079   !   4       jdk.internal.loader.BuiltinClassLoader::loadClassOrNull (143 bytes)
C2 CompilerThread1     9715 3995       4       java.util.function.BiPredicate$$Lambda$103/0x000001da8f0c35d0::test (16 bytes)
C2 CompilerThread3     9715 3996       4       org.springframework.boot.context.properties.source.SystemEnvironmentPropertyMapper$$Lambda$102/0x000001da8f0ae2b8::test (16 bytes)

VM state: not at safepoint (normal execution)

VM Mutex/Monitor currently owned by a thread:  ([mutex/lock_event])
[0x000001dae8d254b0] Metaspace_lock - owner thread: 0x000001dae8d29ea0

Heap address: 0x0000000704400000, size: 4028 MB, Compressed Oops mode: Zero based, Oop shift amount: 3

CDS archive(s) mapped at: [0x000001da8e000000-0x000001da8ebd0000-0x000001da8ebd0000), size 12386304, SharedBaseAddress: 0x000001da8e000000, ArchiveRelocationMode: 1.
Compressed class space mapped at: 0x000001da8f000000-0x000001dacf000000, reserved size: 1073741824
Narrow klass base: 0x000001da8e000000, Narrow klass shift: 0, Narrow klass range: 0x100000000

GC Precious Log:
 CPUs: 16 total, 16 available
 Memory: 16108M
 Large Page Support: Disabled
 NUMA Support: Disabled
 Compressed Oops: Enabled (Zero based)
 Heap Region Size: 2M
 Heap Min Capacity: 8M
 Heap Initial Capacity: 252M
 Heap Max Capacity: 4028M
 Pre-touch: Disabled
 Parallel Workers: 13
 Concurrent Workers: 3
 Concurrent Refinement Workers: 13
 Periodic GC: Disabled

Heap:
 garbage-first heap   total 49152K, used 27242K [0x0000000704400000, 0x0000000800000000)
  region size 2048K, 9 young (18432K), 2 survivors (4096K)
 Metaspace       used 31748K, committed 32128K, reserved 1114112K
  class space    used 4089K, committed 4288K, reserved 1048576K

Heap Regions: E=young(eden), S=young(survivor), O=old, HS=humongous(starts), HC=humongous(continues), CS=collection set, F=free, OA=open archive, CA=closed archive, TAMS=top-at-mark-start (previous, next)
|   0|0x0000000704400000, 0x0000000704600000, 0x0000000704600000|100%| O|  |TAMS 0x0000000704600000, 0x0000000704400000| Untracked 
|   1|0x0000000704600000, 0x0000000704800000, 0x0000000704800000|100%| O|  |TAMS 0x0000000704800000, 0x0000000704600000| Untracked 
|   2|0x0000000704800000, 0x0000000704800000, 0x0000000704a00000|  0%| F|  |TAMS 0x0000000704800000, 0x0000000704800000| Untracked 
|   3|0x0000000704a00000, 0x0000000704c00000, 0x0000000704c00000|100%| O|  |TAMS 0x0000000704a00000, 0x0000000704a00000| Untracked 
|   4|0x0000000704c00000, 0x0000000704e00000, 0x0000000704e00000|100%| O|  |TAMS 0x0000000704c00000, 0x0000000704c00000| Untracked 
|   5|0x0000000704e00000, 0x0000000705000000, 0x0000000705000000|100%| O|  |TAMS 0x0000000704e00000, 0x0000000704e00000| Untracked 
|   6|0x0000000705000000, 0x0000000705200000, 0x0000000705200000|100%| O|  |TAMS 0x0000000705000000, 0x0000000705000000| Untracked 
|   7|0x0000000705200000, 0x0000000705286800, 0x0000000705400000| 26%| O|  |TAMS 0x0000000705200000, 0x0000000705200000| Untracked 
|   8|0x0000000705400000, 0x0000000705400000, 0x0000000705600000|  0%| F|  |TAMS 0x0000000705400000, 0x0000000705400000| Untracked 
|   9|0x0000000705600000, 0x0000000705600000, 0x0000000705800000|  0%| F|  |TAMS 0x0000000705600000, 0x0000000705600000| Untracked 
|  10|0x0000000705800000, 0x0000000705800000, 0x0000000705a00000|  0%| F|  |TAMS 0x0000000705800000, 0x0000000705800000| Untracked 
|  11|0x0000000705a00000, 0x0000000705a00000, 0x0000000705c00000|  0%| F|  |TAMS 0x0000000705a00000, 0x0000000705a00000| Untracked 
|  12|0x0000000705c00000, 0x0000000705c00000, 0x0000000705e00000|  0%| F|  |TAMS 0x0000000705c00000, 0x0000000705c00000| Untracked 
|  13|0x0000000705e00000, 0x0000000705e141e0, 0x0000000706000000|  3%| S|CS|TAMS 0x0000000705e00000, 0x0000000705e00000| Complete 
|  14|0x0000000706000000, 0x0000000706200000, 0x0000000706200000|100%| S|CS|TAMS 0x0000000706000000, 0x0000000706000000| Complete 
|  15|0x0000000706200000, 0x0000000706200000, 0x0000000706400000|  0%| F|  |TAMS 0x0000000706200000, 0x0000000706200000| Untracked 
|  16|0x0000000706400000, 0x0000000706400000, 0x0000000706600000|  0%| F|  |TAMS 0x0000000706400000, 0x0000000706400000| Untracked 
|  17|0x0000000706600000, 0x000000070664e390, 0x0000000706800000| 15%| E|  |TAMS 0x0000000706600000, 0x0000000706600000| Complete 
|  18|0x0000000706800000, 0x0000000706a00000, 0x0000000706a00000|100%| E|CS|TAMS 0x0000000706800000, 0x0000000706800000| Complete 
|  19|0x0000000706a00000, 0x0000000706c00000, 0x0000000706c00000|100%| E|CS|TAMS 0x0000000706a00000, 0x0000000706a00000| Complete 
|  95|0x0000000710200000, 0x0000000710400000, 0x0000000710400000|100%| E|CS|TAMS 0x0000000710200000, 0x0000000710200000| Complete 
|  96|0x0000000710400000, 0x0000000710600000, 0x0000000710600000|100%| E|CS|TAMS 0x0000000710400000, 0x0000000710400000| Complete 
|  97|0x0000000710600000, 0x0000000710800000, 0x0000000710800000|100%| E|CS|TAMS 0x0000000710600000, 0x0000000710600000| Complete 
| 125|0x0000000713e00000, 0x0000000714000000, 0x0000000714000000|100%| E|CS|TAMS 0x0000000713e00000, 0x0000000713e00000| Complete 

Card table byte_map: [0x000001da81290000,0x000001da81a70000] _byte_map_base: 0x000001da7da6e000

Marking Bits (Prev, Next): (CMBitMap*) 0x000001dae8d96a80, (CMBitMap*) 0x000001dae8d96a40
 Prev Bits: [0x000001da86140000, 0x000001da8a030000)
 Next Bits: [0x000001da82250000, 0x000001da86140000)

Polling page: 0x000001dae74f0000

Metaspace:

Usage:
  Non-class:     27.01 MB used.
      Class:      3.99 MB used.
       Both:     31.00 MB used.

Virtual space:
  Non-class space:       64.00 MB reserved,      27.19 MB ( 42%) committed,  1 nodes.
      Class space:        1.00 GB reserved,       4.19 MB ( <1%) committed,  1 nodes.
             Both:        1.06 GB reserved,      31.38 MB (  3%) committed. 

Chunk freelists:
   Non-Class:  4.56 MB
       Class:  11.69 MB
        Both:  16.25 MB

MaxMetaspaceSize: unlimited
CompressedClassSpaceSize: 1.00 GB
Initial GC threshold: 21.00 MB
Current GC threshold: 35.12 MB
CDS: on
MetaspaceReclaimPolicy: balanced
 - commit_granule_bytes: 65536.
 - commit_granule_words: 8192.
 - virtual_space_node_default_size: 8388608.
 - enlarge_chunks_in_place: 1.
 - new_chunks_are_fully_committed: 0.
 - uncommit_free_chunks: 1.
 - use_allocation_guard: 0.
 - handle_deallocations: 1.


Internal statistics:

num_allocs_failed_limit: 3.
num_arena_births: 558.
num_arena_deaths: 0.
num_vsnodes_births: 2.
num_vsnodes_deaths: 0.
num_space_committed: 502.
num_space_uncommitted: 0.
num_chunks_returned_to_freelist: 3.
num_chunks_taken_from_freelist: 1672.
num_chunk_merges: 3.
num_chunk_splits: 1155.
num_chunks_enlarged: 857.
num_inconsistent_stats: 0.

CodeHeap 'non-profiled nmethods': size=119168Kb used=1792Kb max_used=2661Kb free=117375Kb
 bounds [0x000001daf8740000, 0x000001daf89e0000, 0x000001daffba0000]
CodeHeap 'profiled nmethods': size=119104Kb used=6888Kb max_used=8804Kb free=112215Kb
 bounds [0x000001daf0ba0000, 0x000001daf1440000, 0x000001daf7ff0000]
CodeHeap 'non-nmethods': size=7488Kb used=2363Kb max_used=2987Kb free=5124Kb
 bounds [0x000001daf7ff0000, 0x000001daf82f0000, 0x000001daf8740000]
 total_blobs=4007 nmethods=3459 adapters=458
 compilation: enabled
              stopped_count=0, restarted_count=0
 full_count=0

Compilation events (20 events):
Event: 6.554 Thread 0x000001da8d0b64c0 4128       3       java.lang.reflect.ProxyGenerator$ProxyMethod::<init> (44 bytes)
Event: 6.554 Thread 0x000001dad5af7040 4129       4       jdk.internal.org.objectweb.asm.SymbolTable::addType (81 bytes)
Event: 6.554 Thread 0x000001da8d0b64c0 nmethod 4128 0x000001daf0c59090 code [0x000001daf0c59240, 0x000001daf0c59678]
Event: 6.555 Thread 0x000001dad4fca100 4130       4       jdk.internal.org.objectweb.asm.ByteVector::put11 (52 bytes)
Event: 6.560 Thread 0x000001dad4fca100 nmethod 4130 0x000001daf87c5790 code [0x000001daf87c5920, 0x000001daf87c5e18]
Event: 6.572 Thread 0x000001da8d1d5b90 4131       3       java.util.ArrayList::elementAt (4 bytes)
Event: 6.573 Thread 0x000001da8d1d5b90 nmethod 4131 0x000001daf0c03e90 code [0x000001daf0c04020, 0x000001daf0c04138]
Event: 6.590 Thread 0x000001da8d1d5b90 4132       3       java.lang.reflect.AccessibleObject::verifyAccess (55 bytes)
Event: 6.591 Thread 0x000001da8d1d5b90 nmethod 4132 0x000001daf0bb7890 code [0x000001daf0bb7ae0, 0x000001daf0bb86e8]
Event: 6.599 Thread 0x000001da8d191040 4133       1       java.util.Formatter$Flags::valueOf (5 bytes)
Event: 6.600 Thread 0x000001da8d191040 nmethod 4133 0x000001daf8740a10 code [0x000001daf8740ba0, 0x000001daf8740c78]
Event: 6.603 Thread 0x000001da8d1d60b0 4134       3       java.util.regex.Pattern::append (43 bytes)
Event: 6.603 Thread 0x000001da8d0b64c0 4135       3       java.util.regex.Pattern::newCharProperty (39 bytes)
Event: 6.603 Thread 0x000001da8d1d60b0 nmethod 4134 0x000001daf0d2cb10 code [0x000001daf0d2cce0, 0x000001daf0d2d0f8]
Event: 6.604 Thread 0x000001da8d0b64c0 nmethod 4135 0x000001daf0c27290 code [0x000001daf0c274a0, 0x000001daf0c27db8]
Event: 6.609 Thread 0x000001dad5af7040 nmethod 4129 0x000001daf87b4990 code [0x000001daf87b4b60, 0x000001daf87b5f58]
Event: 6.611 Thread 0x000001da8d0b64c0 4136       3       java.lang.Module::canRead (86 bytes)
Event: 6.612 Thread 0x000001da8d1d60b0 4137       3       java.lang.invoke.DirectMethodHandle$Holder::invokeStatic (22 bytes)
Event: 6.612 Thread 0x000001da8d1d60b0 nmethod 4137 0x000001daf0e18790 code [0x000001daf0e18960, 0x000001daf0e18eb8]
Event: 6.613 Thread 0x000001da8d0b64c0 nmethod 4136 0x000001daf10c5b10 code [0x000001daf10c5ec0, 0x000001daf10c7ce8]

GC Heap History (12 events):
Event: 0.925 GC heap before
{Heap before GC invocations=0 (full 0):
 garbage-first heap   total 258048K, used 20480K [0x0000000704400000, 0x0000000800000000)
  region size 2048K, 11 young (22528K), 0 survivors (0K)
 Metaspace       used 6150K, committed 6400K, reserved 1114112K
  class space    used 719K, committed 832K, reserved 1048576K
}
Event: 0.931 GC heap after
{Heap after GC invocations=1 (full 0):
 garbage-first heap   total 258048K, used 5204K [0x0000000704400000, 0x0000000800000000)
  region size 2048K, 2 young (4096K), 2 survivors (4096K)
 Metaspace       used 6150K, committed 6400K, reserved 1114112K
  class space    used 719K, committed 832K, reserved 1048576K
}
Event: 1.579 GC heap before
{Heap before GC invocations=1 (full 0):
 garbage-first heap   total 258048K, used 31828K [0x0000000704400000, 0x0000000800000000)
  region size 2048K, 15 young (30720K), 2 survivors (4096K)
 Metaspace       used 12240K, committed 12416K, reserved 1114112K
  class space    used 1602K, committed 1664K, reserved 1048576K
}
Event: 1.585 GC heap after
{Heap after GC invocations=2 (full 0):
 garbage-first heap   total 258048K, used 7672K [0x0000000704400000, 0x0000000800000000)
  region size 2048K, 2 young (4096K), 2 survivors (4096K)
 Metaspace       used 12240K, committed 12416K, reserved 1114112K
  class space    used 1602K, committed 1664K, reserved 1048576K
}
Event: 2.911 GC heap before
{Heap before GC invocations=2 (full 0):
 garbage-first heap   total 258048K, used 58872K [0x0000000704400000, 0x0000000800000000)
  region size 2048K, 28 young (57344K), 2 survivors (4096K)
 Metaspace       used 21261K, committed 21504K, reserved 1114112K
  class space    used 2690K, committed 2816K, reserved 1048576K
}
Event: 2.918 GC heap after
{Heap after GC invocations=3 (full 0):
 garbage-first heap   total 258048K, used 11144K [0x0000000704400000, 0x0000000800000000)
  region size 2048K, 3 young (6144K), 3 survivors (6144K)
 Metaspace       used 21261K, committed 21504K, reserved 1114112K
  class space    used 2690K, committed 2816K, reserved 1048576K
}
Event: 3.981 GC heap before
{Heap before GC invocations=4 (full 0):
 garbage-first heap   total 49152K, used 31624K [0x0000000704400000, 0x0000000800000000)
  region size 2048K, 14 young (28672K), 3 survivors (6144K)
 Metaspace       used 25142K, committed 25472K, reserved 1114112K
  class space    used 3259K, committed 3392K, reserved 1048576K
}
Event: 3.993 GC heap after
{Heap after GC invocations=5 (full 0):
 garbage-first heap   total 49152K, used 13235K [0x0000000704400000, 0x0000000800000000)
  region size 2048K, 2 young (4096K), 2 survivors (4096K)
 Metaspace       used 25142K, committed 25472K, reserved 1114112K
  class space    used 3259K, committed 3392K, reserved 1048576K
}
Event: 4.082 GC heap before
{Heap before GC invocations=5 (full 0):
 garbage-first heap   total 49152K, used 15283K [0x0000000704400000, 0x0000000800000000)
  region size 2048K, 3 young (6144K), 2 survivors (4096K)
 Metaspace       used 25337K, committed 25664K, reserved 1114112K
  class space    used 3289K, committed 3456K, reserved 1048576K
}
Event: 4.092 GC heap after
{Heap after GC invocations=6 (full 0):
 garbage-first heap   total 49152K, used 13370K [0x0000000704400000, 0x0000000800000000)
  region size 2048K, 1 young (2048K), 1 survivors (2048K)
 Metaspace       used 25337K, committed 25664K, reserved 1114112K
  class space    used 3289K, committed 3456K, reserved 1048576K
}
Event: 5.386 GC heap before
{Heap before GC invocations=6 (full 0):
 garbage-first heap   total 49152K, used 27706K [0x0000000704400000, 0x0000000800000000)
  region size 2048K, 9 young (18432K), 1 survivors (2048K)
 Metaspace       used 29202K, committed 29696K, reserved 1114112K
  class space    used 3748K, committed 3968K, reserved 1048576K
}
Event: 5.390 GC heap after
{Heap after GC invocations=7 (full 0):
 garbage-first heap   total 49152K, used 14954K [0x0000000704400000, 0x0000000800000000)
  region size 2048K, 2 young (4096K), 2 survivors (4096K)
 Metaspace       used 29202K, committed 29696K, reserved 1114112K
  class space    used 3748K, committed 3968K, reserved 1048576K
}

Deoptimization events (20 events):
Event: 5.582 Thread 0x000001dae8d29ea0 Uncommon trap: trap_request=0xffffffbe fr.pc=0x000001daf89a04f0 relative=0x0000000000000d90
Event: 5.582 Thread 0x000001dae8d29ea0 Uncommon trap: reason=profile_predicate action=maybe_recompile pc=0x000001daf89a04f0 method=org.springframework.boot.context.properties.source.ConfigurationPropertyName.hashCode()I @ 58 c2
Event: 5.582 Thread 0x000001dae8d29ea0 DEOPT PACKING pc=0x000001daf89a04f0 sp=0x0000003ec99fba00
Event: 5.582 Thread 0x000001dae8d29ea0 DEOPT UNPACKING pc=0x000001daf80423a3 sp=0x0000003ec99fb970 mode 2
Event: 6.145 Thread 0x000001dae8d29ea0 Uncommon trap: trap_request=0xffffff45 fr.pc=0x000001daf881c838 relative=0x0000000000000198
Event: 6.146 Thread 0x000001dae8d29ea0 Uncommon trap: reason=unstable_if action=reinterpret pc=0x000001daf881c838 method=java.util.concurrent.ConcurrentHashMap.get(Ljava/lang/Object;)Ljava/lang/Object; @ 152 c2
Event: 6.146 Thread 0x000001dae8d29ea0 DEOPT PACKING pc=0x000001daf881c838 sp=0x0000003ec99fcd70
Event: 6.146 Thread 0x000001dae8d29ea0 DEOPT UNPACKING pc=0x000001daf80423a3 sp=0x0000003ec99fccd8 mode 2
Event: 6.163 Thread 0x000001dae8d29ea0 Uncommon trap: trap_request=0xffffffbe fr.pc=0x000001daf89a04f0 relative=0x0000000000000d90
Event: 6.163 Thread 0x000001dae8d29ea0 Uncommon trap: reason=profile_predicate action=maybe_recompile pc=0x000001daf89a04f0 method=org.springframework.boot.context.properties.source.ConfigurationPropertyName.hashCode()I @ 58 c2
Event: 6.163 Thread 0x000001dae8d29ea0 DEOPT PACKING pc=0x000001daf89a04f0 sp=0x0000003ec99fb750
Event: 6.163 Thread 0x000001dae8d29ea0 DEOPT UNPACKING pc=0x000001daf80423a3 sp=0x0000003ec99fb6c0 mode 2
Event: 6.168 Thread 0x000001dae8d29ea0 Uncommon trap: trap_request=0xffffffbe fr.pc=0x000001daf89a04f0 relative=0x0000000000000d90
Event: 6.169 Thread 0x000001dae8d29ea0 Uncommon trap: reason=profile_predicate action=maybe_recompile pc=0x000001daf89a04f0 method=org.springframework.boot.context.properties.source.ConfigurationPropertyName.hashCode()I @ 58 c2
Event: 6.169 Thread 0x000001dae8d29ea0 DEOPT PACKING pc=0x000001daf89a04f0 sp=0x0000003ec99fb750
Event: 6.170 Thread 0x000001dae8d29ea0 DEOPT UNPACKING pc=0x000001daf80423a3 sp=0x0000003ec99fb6c0 mode 2
Event: 6.255 Thread 0x000001dae8d29ea0 Uncommon trap: trap_request=0xffffff45 fr.pc=0x000001daf891494c relative=0x0000000000007eac
Event: 6.255 Thread 0x000001dae8d29ea0 Uncommon trap: reason=unstable_if action=reinterpret pc=0x000001daf891494c method=jdk.internal.org.objectweb.asm.Frame.execute(IILjdk/internal/org/objectweb/asm/Symbol;Ljdk/internal/org/objectweb/asm/SymbolTable;)V @ 1 c2
Event: 6.255 Thread 0x000001dae8d29ea0 DEOPT PACKING pc=0x000001daf891494c sp=0x0000003ec99fbcf0
Event: 6.255 Thread 0x000001dae8d29ea0 DEOPT UNPACKING pc=0x000001daf80423a3 sp=0x0000003ec99fbc98 mode 2

Classes unloaded (0 events):
No events

Classes redefined (0 events):
No events

Internal exceptions (20 events):
Event: 3.392 Thread 0x000001dae8d29ea0 Exception <a 'java/lang/NoClassDefFoundError'{0x000000070611fca8}: jakarta/persistence/EntityManagerFactory> (0x000000070611fca8) 
thrown [s\open\src\hotspot\share\classfile\systemDictionary.cpp, line 245]
Event: 3.663 Thread 0x000001dae8d29ea0 Implicit null exception at 0x000001daf881cf10 to 0x000001daf881ddc8
Event: 3.897 Thread 0x000001dae8d29ea0 Exception <a 'java/lang/NoSuchMethodError'{0x0000000705877de0}: 'void java.lang.invoke.DirectMethodHandle$Holder.invokeInterface(java.lang.Object, java.lang.Object, int)'> (0x0000000705877de0) 
thrown [s\open\src\hotspot\share\interpreter\linkResolver.cpp, line 759]
Event: 3.913 Thread 0x000001dae8d29ea0 Exception <a 'java/lang/IncompatibleClassChangeError'{0x00000007058c7c98}: Found class java.lang.Object, but interface was expected> (0x00000007058c7c98) 
thrown [s\open\src\hotspot\share\interpreter\linkResolver.cpp, line 826]
Event: 3.916 Thread 0x000001dae8d29ea0 Exception <a 'java/lang/NoSuchMethodError'{0x00000007058d8760}: 'int java.lang.invoke.DirectMethodHandle$Holder.invokeSpecialIFC(java.lang.Object, java.lang.Object, java.lang.Object)'> (0x00000007058d8760) 
thrown [s\open\src\hotspot\share\interpreter\linkResolver.cpp, line 759]
Event: 3.919 Thread 0x000001dae8d29ea0 Exception <a 'java/lang/NoSuchMethodError'{0x00000007058e6628}: 'void java.lang.invoke.DirectMethodHandle$Holder.invokeStatic(java.lang.Object, int, java.lang.Object)'> (0x00000007058e6628) 
thrown [s\open\src\hotspot\share\interpreter\linkResolver.cpp, line 759]
Event: 3.932 Thread 0x000001dae8d29ea0 Exception <a 'java/lang/NoSuchMethodError'{0x00000007059221b0}: 'void java.lang.invoke.DirectMethodHandle$Holder.invokeVirtual(java.lang.Object, java.lang.Object, int)'> (0x00000007059221b0) 
thrown [s\open\src\hotspot\share\interpreter\linkResolver.cpp, line 759]
Event: 3.933 Thread 0x000001dae8d29ea0 Exception <a 'java/lang/NoSuchMethodError'{0x0000000705928368}: 'void java.lang.invoke.DirectMethodHandle$Holder.invokeStatic(java.lang.Object, java.lang.Object, java.lang.Object, int, java.lang.Object)'> (0x0000000705928368) 
thrown [s\open\src\hotspot\share\interpreter\linkResolver.cpp, line 759]
Event: 3.934 Thread 0x000001dae8d29ea0 Exception <a 'java/lang/NoSuchMethodError'{0x000000070592f7e8}: 'java.lang.Object java.lang.invoke.DirectMethodHandle$Holder.newInvokeSpecial(java.lang.Object, java.lang.Object, java.lang.Object, int)'> (0x000000070592f7e8) 
thrown [s\open\src\hotspot\share\interpreter\linkResolver.cpp, line 759]
Event: 3.935 Thread 0x000001dae8d29ea0 Exception <a 'java/lang/NoSuchMethodError'{0x0000000705933ad0}: 'java.lang.Object java.lang.invoke.DirectMethodHandle$Holder.invokeSpecial(java.lang.Object, java.lang.Object, java.lang.Object, java.lang.Object, int)'> (0x0000000705933ad0) 
thrown [s\open\src\hotspot\share\interpreter\linkResolver.cpp, line 759]
Event: 3.936 Thread 0x000001dae8d29ea0 Exception <a 'java/lang/NoSuchMethodError'{0x0000000705937698}: 'java.lang.Object java.lang.invoke.Invokers$Holder.linkToTargetMethod(java.lang.Object, java.lang.Object, int, java.lang.Object)'> (0x0000000705937698) 
thrown [s\open\src\hotspot\share\interpreter\linkResolver.cpp, line 759]
Event: 4.203 Thread 0x000001dae8d29ea0 Exception <a 'java/lang/NoSuchMethodError'{0x0000000713f9a660}: 'java.lang.Object java.lang.invoke.DirectMethodHandle$Holder.invokeStaticInit(java.lang.Object, int, int, int, int)'> (0x0000000713f9a660) 
thrown [s\open\src\hotspot\share\interpreter\linkResolver.cpp, line 759]
Event: 4.481 Thread 0x000001dae8d29ea0 Exception <a 'java/lang/NoSuchMethodError'{0x000000071047d0d8}: 'java.lang.Object java.lang.invoke.DirectMethodHandle$Holder.invokeStaticInit(java.lang.Object, java.lang.Object, int, int, int, int)'> (0x000000071047d0d8) 
thrown [s\open\src\hotspot\share\interpreter\linkResolver.cpp, line 759]
Event: 4.746 Thread 0x000001dae8d29ea0 Exception <a 'java/lang/NoSuchMethodError'{0x0000000706bf55a8}: 'java.lang.Object java.lang.invoke.DirectMethodHandle$Holder.invokeSpecial(java.lang.Object, java.lang.Object, long, java.lang.Object, java.lang.Object, java.lang.Object, java.lang.Object, java.lang.Object, java.lang.Object)'> (0x0000000706bf55a8) 
thrown [s\open\src\hotspot\share\interpreter\linkResolver.cpp, line 759]
Event: 4.746 Thread 0x000001dae8d29ea0 Exception <a 'java/lang/NoSuchMethodError'{0x0000000706bfa0d0}: 'java.lang.Object java.lang.invoke.DelegatingMethodHandle$Holder.reinvoke_L(java.lang.Object, long, java.lang.Object, java.lang.Object, java.lang.Object, java.lang.Object, java.lang.Object, java.lang.Object)'> (0x0000000706bfa0d0) 
thrown [s\open\src\hotspot\share\interpreter\linkResolver.cpp, line 759]
Event: 4.960 Thread 0x000001dae8d29ea0 Exception <a 'java/io/FileNotFoundException'{0x000000070670e930}> (0x000000070670e930) 
thrown [s\open\src\hotspot\share\prims\jni.cpp, line 516]
Event: 5.045 Thread 0x000001dae8d29ea0 Exception <a 'java/lang/NoSuchMethodError'{0x000000070647d628}: 'int java.lang.invoke.DirectMethodHandle$Holder.invokeInterface(java.lang.Object, java.lang.Object, java.lang.Object, java.lang.Object)'> (0x000000070647d628) 
thrown [s\open\src\hotspot\share\interpreter\linkResolver.cpp, line 759]
Event: 5.322 Thread 0x000001dae8d29ea0 Exception <a 'java/lang/NoSuchMethodError'{0x00000007062b8e30}: 'long java.lang.invoke.DirectMethodHandle$Holder.invokeVirtual(java.lang.Object, java.lang.Object)'> (0x00000007062b8e30) 
thrown [s\open\src\hotspot\share\interpreter\linkResolver.cpp, line 759]
Event: 5.569 Thread 0x000001dae8d29ea0 Implicit null exception at 0x000001daf89791aa to 0x000001daf89794d4
Event: 6.534 Thread 0x000001dae8d29ea0 Exception <a 'java/lang/NoSuchMethodError'{0x00000007068e4ef8}: 'int java.lang.invoke.Invokers$Holder.invokeExact_MT(java.lang.Object, java.lang.Object, java.lang.Object)'> (0x00000007068e4ef8) 
thrown [s\open\src\hotspot\share\interpreter\linkResolver.cpp, line 759]

VM Operations (20 events):
Event: 5.339 Executing VM operation: HandshakeAllThreads done
Event: 5.385 Executing VM operation: G1CollectForAllocation
Event: 5.390 Executing VM operation: G1CollectForAllocation done
Event: 5.477 Executing VM operation: HandshakeAllThreads
Event: 5.477 Executing VM operation: HandshakeAllThreads done
Event: 5.551 Executing VM operation: HandshakeAllThreads
Event: 5.551 Executing VM operation: HandshakeAllThreads done
Event: 5.728 Executing VM operation: HandshakeAllThreads
Event: 5.728 Executing VM operation: HandshakeAllThreads done
Event: 5.729 Executing VM operation: HandshakeAllThreads
Event: 5.729 Executing VM operation: HandshakeAllThreads done
Event: 6.247 Executing VM operation: ICBufferFull
Event: 6.247 Executing VM operation: ICBufferFull done
Event: 6.277 Executing VM operation: HandshakeAllThreads
Event: 6.290 Executing VM operation: HandshakeAllThreads done
Event: 6.314 Executing VM operation: HandshakeAllThreads
Event: 6.331 Executing VM operation: HandshakeAllThreads done
Event: 6.391 Executing VM operation: HandshakeAllThreads
Event: 6.391 Executing VM operation: HandshakeAllThreads done
Event: 7.405 Executing VM operation: Cleanup

Events (20 events):
Event: 6.616 loading class com/sun/org/apache/xpath/internal/jaxp/XPathFactoryImpl
Event: 6.616 loading class com/sun/org/apache/xpath/internal/jaxp/XPathFactoryImpl done
Event: 6.616 loading class jdk/xml/internal/JdkXmlFeatures
Event: 6.617 loading class jdk/xml/internal/JdkXmlFeatures done
Event: 6.617 loading class jdk/xml/internal/JdkXmlFeatures$XmlFeature
Event: 6.617 loading class jdk/xml/internal/JdkXmlFeatures$XmlFeature done
Event: 6.617 loading class jdk/xml/internal/JdkProperty$ImplPropMap
Event: 6.618 loading class jdk/xml/internal/JdkProperty$ImplPropMap done
Event: 6.618 loading class jdk/xml/internal/JdkProperty$State
Event: 6.618 loading class jdk/xml/internal/JdkProperty$State done
Event: 6.620 loading class jdk/xml/internal/XMLSecurityManager
Event: 6.621 loading class jdk/xml/internal/XMLSecurityManager done
Event: 6.621 loading class jdk/xml/internal/XMLSecurityManager$Limit
Event: 6.622 loading class jdk/xml/internal/XMLSecurityManager$Limit done
Event: 6.622 loading class jdk/xml/internal/XMLSecurityManager$Processor
Event: 6.622 loading class jdk/xml/internal/XMLSecurityManager$Processor done
Event: 6.622 loading class jdk/xml/internal/XMLSecurityManager$NameMap
Event: 6.622 loading class jdk/xml/internal/XMLSecurityManager$NameMap done
Event: 6.623 loading class com/sun/org/apache/xpath/internal/jaxp/XPathImpl
Event: 7.624 loading class javax/xml/xpath/XPath


Dynamic libraries:
0x00007ff706b60000 - 0x00007ff706b70000 	C:\Program Files\Java\jdk-17\bin\java.exe
0x00007ffdbaea0000 - 0x00007ffdbb108000 	C:\WINDOWS\SYSTEM32\ntdll.dll
0x00007ffdb9ac0000 - 0x00007ffdb9b89000 	C:\WINDOWS\System32\KERNEL32.DLL
0x00007ffdb8390000 - 0x00007ffdb8788000 	C:\WINDOWS\System32\KERNELBASE.dll
0x00007ffdb7ff0000 - 0x00007ffdb813b000 	C:\WINDOWS\System32\ucrtbase.dll
0x00007ffd712e0000 - 0x00007ffd712fb000 	C:\Program Files\Java\jdk-17\bin\VCRUNTIME140.dll
0x00007ffd71190000 - 0x00007ffd711a9000 	C:\Program Files\Java\jdk-17\bin\jli.dll
0x00007ffdb8c70000 - 0x00007ffdb8d24000 	C:\WINDOWS\System32\ADVAPI32.dll
0x00007ffdba290000 - 0x00007ffdba339000 	C:\WINDOWS\System32\msvcrt.dll
0x00007ffdba0e0000 - 0x00007ffdba186000 	C:\WINDOWS\System32\sechost.dll
0x00007ffdba5c0000 - 0x00007ffdba6d8000 	C:\WINDOWS\System32\RPCRT4.dll
0x00007ffdb8d50000 - 0x00007ffdb8f17000 	C:\WINDOWS\System32\USER32.dll
0x00007ffdb8360000 - 0x00007ffdb8387000 	C:\WINDOWS\System32\win32u.dll
0x00007ffdb8c40000 - 0x00007ffdb8c6b000 	C:\WINDOWS\System32\GDI32.dll
0x00007ffdb8790000 - 0x00007ffdb88bc000 	C:\WINDOWS\System32\gdi32full.dll
0x00007ffdb82b0000 - 0x00007ffdb8353000 	C:\WINDOWS\System32\msvcp_win.dll
0x00007ffd9cbe0000 - 0x00007ffd9ce74000 	C:\WINDOWS\WinSxS\amd64_microsoft.windows.common-controls_6595b64144ccf1df_6.0.26100.7019_none_3e06ffa0e335b8a8\COMCTL32.dll
0x00007ffdb7790000 - 0x00007ffdb779b000 	C:\WINDOWS\SYSTEM32\VERSION.dll
0x00007ffdba580000 - 0x00007ffdba5b1000 	C:\WINDOWS\System32\IMM32.DLL
0x0000000052cb0000 - 0x0000000052cbd000 	C:\Program Files (x86)\360\360Safe\safemon\SafeWrapper.dll
0x00007ffdaf4b0000 - 0x00007ffdaf5b4000 	C:\Program Files (x86)\360\360Safe\safemon\libzdtp64.dll
0x00007ffdb8f20000 - 0x00007ffdb966f000 	C:\WINDOWS\System32\SHELL32.dll
0x00007ffdb8140000 - 0x00007ffdb82ab000 	C:\WINDOWS\System32\wintypes.dll
0x00007ffdb9720000 - 0x00007ffdb9aab000 	C:\WINDOWS\System32\combase.dll
0x00007ffdba510000 - 0x00007ffdba577000 	C:\WINDOWS\System32\SHLWAPI.dll
0x00007ffd88020000 - 0x00007ffd8802c000 	C:\Program Files\Java\jdk-17\bin\vcruntime140_1.dll
0x00007ffd57c40000 - 0x00007ffd57cce000 	C:\Program Files\Java\jdk-17\bin\msvcp140.dll
0x00007ffce6f50000 - 0x00007ffce7b30000 	C:\Program Files\Java\jdk-17\bin\server\jvm.dll
0x00007ffdba740000 - 0x00007ffdba748000 	C:\WINDOWS\System32\PSAPI.DLL
0x00007ffda38d0000 - 0x00007ffda3905000 	C:\WINDOWS\SYSTEM32\WINMM.dll
0x00007ffda5340000 - 0x00007ffda534a000 	C:\WINDOWS\SYSTEM32\WSOCK32.dll
0x00007ffdb9ed0000 - 0x00007ffdb9f44000 	C:\WINDOWS\System32\WS2_32.dll
0x00007ffdb6cf0000 - 0x00007ffdb6d0b000 	C:\WINDOWS\SYSTEM32\kernel.appcore.dll
0x00007ffd85cc0000 - 0x00007ffd85cca000 	C:\Program Files\Java\jdk-17\bin\jimage.dll
0x00007ffdb56e0000 - 0x00007ffdb5922000 	C:\WINDOWS\SYSTEM32\DBGHELP.DLL
0x00007ffdb9c10000 - 0x00007ffdb9ce7000 	C:\WINDOWS\System32\OLEAUT32.dll
0x00007ffd98da0000 - 0x00007ffd98ddc000 	C:\WINDOWS\SYSTEM32\dbgcore.DLL
0x00007ffdb8b00000 - 0x00007ffdb8ba5000 	C:\WINDOWS\System32\bcryptPrimitives.dll
0x00007ffd85840000 - 0x00007ffd8584e000 	C:\Program Files\Java\jdk-17\bin\instrument.dll
0x00007ffd6fc30000 - 0x00007ffd6fc55000 	C:\Program Files\Java\jdk-17\bin\java.dll
0x00007ffd51170000 - 0x00007ffd51247000 	C:\Program Files\Java\jdk-17\bin\jsvml.dll
0x00007ffdb5bb0000 - 0x00007ffdb640d000 	C:\WINDOWS\SYSTEM32\windows.storage.dll
0x00007ffdb9f50000 - 0x00007ffdba042000 	C:\WINDOWS\System32\SHCORE.dll
0x00007ffdb7f10000 - 0x00007ffdb7f39000 	C:\WINDOWS\SYSTEM32\profapi.dll
0x00007ffd6b2c0000 - 0x00007ffd6b2d8000 	C:\Program Files\Java\jdk-17\bin\zip.dll
0x00007ffd6f370000 - 0x00007ffd6f389000 	C:\Program Files\Java\jdk-17\bin\net.dll
0x00007ffdac8b0000 - 0x00007ffdac9d8000 	C:\WINDOWS\SYSTEM32\WINHTTP.dll
0x00007ffdb7260000 - 0x00007ffdb72cb000 	C:\WINDOWS\system32\mswsock.dll
0x00007ffd6f290000 - 0x00007ffd6f2a6000 	C:\Program Files\Java\jdk-17\bin\nio.dll
0x00007ffd71040000 - 0x00007ffd7105a000 	E:\IntelliJ IDEA Community Edition 2022.1.4\bin\breakgen64.dll
0x00007ffdb7520000 - 0x00007ffdb753b000 	C:\WINDOWS\SYSTEM32\CRYPTSP.dll
0x00007ffdb6c50000 - 0x00007ffdb6c8a000 	C:\WINDOWS\system32\rsaenh.dll
0x00007ffdb7310000 - 0x00007ffdb733b000 	C:\WINDOWS\SYSTEM32\USERENV.dll
0x00007ffdb7ee0000 - 0x00007ffdb7f0a000 	C:\WINDOWS\SYSTEM32\bcrypt.dll
0x00007ffdb7540000 - 0x00007ffdb754c000 	C:\WINDOWS\SYSTEM32\CRYPTBASE.dll
0x00007ffdb77a0000 - 0x00007ffdb77d4000 	C:\WINDOWS\SYSTEM32\IPHLPAPI.DLL
0x00007ffdb9710000 - 0x00007ffdb971a000 	C:\WINDOWS\System32\NSI.dll
0x00007ffdae170000 - 0x00007ffdae18e000 	C:\WINDOWS\SYSTEM32\dhcpcsvc6.DLL
0x00007ffdae140000 - 0x00007ffdae163000 	C:\WINDOWS\SYSTEM32\dhcpcsvc.DLL
0x00007ffdb6890000 - 0x00007ffdb69bc000 	C:\WINDOWS\SYSTEM32\DNSAPI.dll
0x00007ffd83250000 - 0x00007ffd8325e000 	C:\Program Files\Java\jdk-17\bin\sunmscapi.dll
0x00007ffdb8980000 - 0x00007ffdb8af7000 	C:\WINDOWS\System32\CRYPT32.dll
0x00007ffdb7740000 - 0x00007ffdb7770000 	C:\WINDOWS\SYSTEM32\ncrypt.dll
0x00007ffdb76f0000 - 0x00007ffdb772f000 	C:\WINDOWS\SYSTEM32\NTASN1.dll
0x00007ffd856c0000 - 0x00007ffd856ca000 	C:\Program Files\Java\jdk-17\bin\management.dll
0x00007ffd83bd0000 - 0x00007ffd83bdb000 	C:\Program Files\Java\jdk-17\bin\management_ext.dll
0x00007ffd835f0000 - 0x00007ffd83608000 	C:\WINDOWS\system32\napinsp.dll
0x00007ffd835d0000 - 0x00007ffd835e2000 	C:\WINDOWS\System32\winrnr.dll
0x00007ffd835a0000 - 0x00007ffd835c2000 	C:\WINDOWS\system32\nlansp_c.dll
0x00007ffda54b0000 - 0x00007ffda54c6000 	C:\WINDOWS\system32\wshbth.dll
0x00007ffdaae90000 - 0x00007ffdaae9b000 	C:\Windows\System32\rasadhlp.dll
0x00007ffdaea80000 - 0x00007ffdaeb06000 	C:\WINDOWS\System32\fwpuclnt.dll

dbghelp: loaded successfully - version: 4.0.5 - missing functions: none
symbol engine: initialized successfully - sym options: 0x614 - pdb path: .;C:\Program Files\Java\jdk-17\bin;C:\WINDOWS\SYSTEM32;C:\WINDOWS\WinSxS\amd64_microsoft.windows.common-controls_6595b64144ccf1df_6.0.26100.7019_none_3e06ffa0e335b8a8;C:\Program Files (x86)\360\360Safe\safemon;C:\Program Files\Java\jdk-17\bin\server;E:\IntelliJ IDEA Community Edition 2022.1.4\bin

VM Arguments:
jvm_args: -javaagent:E:\IntelliJ IDEA Community Edition 2022.1.4\lib\idea_rt.jar=37847:E:\IntelliJ IDEA Community Edition 2022.1.4\bin -Dfile.encoding=UTF-8 
java_command: com.univ.researchhub.ResearchHubApplication
java_class_path (initial): F:\UnivResearchManager\UnivResearchManager\target\classes;C:\Users\35254\.m2\repository\org\springframework\boot\spring-boot-starter-web\3.1.5\spring-boot-starter-web-3.1.5.jar;C:\Users\35254\.m2\repository\org\springframework\boot\spring-boot-starter\3.1.5\spring-boot-starter-3.1.5.jar;C:\Users\35254\.m2\repository\org\springframework\boot\spring-boot-starter-logging\3.1.5\spring-boot-starter-logging-3.1.5.jar;C:\Users\35254\.m2\repository\ch\qos\logback\logback-classic\1.4.11\logback-classic-1.4.11.jar;C:\Users\35254\.m2\repository\ch\qos\logback\logback-core\1.4.11\logback-core-1.4.11.jar;C:\Users\35254\.m2\repository\org\apache\logging\log4j\log4j-to-slf4j\2.20.0\log4j-to-slf4j-2.20.0.jar;C:\Users\35254\.m2\repository\org\apache\logging\log4j\log4j-api\2.20.0\log4j-api-2.20.0.jar;C:\Users\35254\.m2\repository\org\slf4j\jul-to-slf4j\2.0.9\jul-to-slf4j-2.0.9.jar;C:\Users\35254\.m2\repository\jakarta\annotation\jakarta.annotation-api\2.1.1\jakarta.annotation-api-2.1.1.jar;C:\Users\35254\.m2\repository\org\yaml\snakeyaml\1.33\snakeyaml-1.33.jar;C:\Users\35254\.m2\repository\org\springframework\boot\spring-boot-starter-json\3.1.5\spring-boot-starter-json-3.1.5.jar;C:\Users\35254\.m2\repository\com\fasterxml\jackson\datatype\jackson-datatype-jdk8\2.15.3\jackson-datatype-jdk8-2.15.3.jar;C:\Users\35254\.m2\repository\com\fasterxml\jackson\datatype\jackson-datatype-jsr310\2.15.3\jackson-datatype-jsr310-2.15.3.jar;C:\Users\35254\.m2\repository\com\fasterxml\jackson\module\jackson-module-parameter-names\2.15.3\jackson-module-parameter-names-2.15.3.jar;C:\Users\35254\.m2\repository\org\springframework\boot\spring-boot-starter-tomcat\3.1.5\spring-boot-starter-tomcat-3.1.5.jar;C:\Users\35254\.m2\repository\org\apache\tomcat\embed\tomcat-embed-core\10.1.15\tomcat-embed-core-10.1.15.jar;C:\Users\35254\.m2\repository\org\apache\tomcat\embed\tomcat-embed-websocket\10.1.15\tomcat-embed-websocket-10.1.15.jar;C:\Users\35254\.m2\repository\org\springframe
Launcher Type: SUN_STANDARD

[Global flags]
     intx CICompilerCount                          = 12                                        {product} {ergonomic}
     uint ConcGCThreads                            = 3                                         {product} {ergonomic}
     uint G1ConcRefinementThreads                  = 13                                        {product} {ergonomic}
   size_t G1HeapRegionSize                         = 2097152                                   {product} {ergonomic}
    uintx GCDrainStackTargetSize                   = 64                                        {product} {ergonomic}
   size_t InitialHeapSize                          = 264241152                                 {product} {ergonomic}
   size_t MarkStackSize                            = 4194304                                   {product} {ergonomic}
   size_t MaxHeapSize                              = 4223664128                                {product} {ergonomic}
   size_t MaxNewSize                               = 2533359616                                {product} {ergonomic}
   size_t MinHeapDeltaBytes                        = 2097152                                   {product} {ergonomic}
   size_t MinHeapSize                              = 8388608                                   {product} {ergonomic}
    uintx NonNMethodCodeHeapSize                   = 7602480                                {pd product} {ergonomic}
    uintx NonProfiledCodeHeapSize                  = 122027880                              {pd product} {ergonomic}
    uintx ProfiledCodeHeapSize                     = 122027880                              {pd product} {ergonomic}
    uintx ReservedCodeCacheSize                    = 251658240                              {pd product} {ergonomic}
     bool SegmentedCodeCache                       = true                                      {product} {ergonomic}
   size_t SoftMaxHeapSize                          = 4223664128                             {manageable} {ergonomic}
     bool UseCompressedClassPointers               = true                           {product lp64_product} {ergonomic}
     bool UseCompressedOops                        = true                           {product lp64_product} {ergonomic}
     bool UseG1GC                                  = true                                      {product} {ergonomic}
     bool UseLargePagesIndividualAllocation        = false                                  {pd product} {ergonomic}

Logging:
Log output configuration:
 #0: stdout all=warning uptime,level,tags
 #1: stderr all=off uptime,level,tags

Environment Variables:
JAVA_HOME=C:\Program Files\Java\jdk1.8.0_212
CLASSPATH=.;%JAVA_HOME%\lib;%JAVA_HOME%\lib\tools.jar
PATH=C:\Program Files\Eclipse Adoptium\jdk-17.0.15.6-hotspot\bin;C:\Program Files\Java\jdk1.8.0_212\bin;C:\Program Files\Common Files\Oracle\Java\javapath;C:\Program Files\nodejs\node_global\bin;E:\VMwareĐéÄâ»ú\bin\;C:;Program Files\Java\jdk-17\bin;C:\Windows\System32\HWAudioDriverLibs;C:\Windows\system32;C:\Windows;F:\download\mingw64\bin;C:\Windows\System32\Wbem;C:\Windows\System32\WindowsPowerShell\v1.0\;C:\Windows\System32\OpenSSH\;C:\Users\Administrator\AppData\Local\Microsoft\WindowsApps;C:\Windows\system32\config\systemprofile\AppData\Local\Microsoft\WindowsApps;C:\windows\system32\HWAudioDriver\;F:\download\Î˘ĐĹżŞ·˘Őßą¤ľß\Î˘ĐĹWebżŞ·˘Őßą¤ľß\dll;C:\Program Files (x86)\Windows Kits\10\Windows Performance Toolkit\;E:\Î˘ĐĹwebżŞ·˘Őß;ľß\dll;F:\nodejs\node_modules;E:\maven\apache-maven-3.9.9\bin;F:\download\nvm;C:\Program Files\nodejs;C:\Program Files\nodejs\node_global;C:\Program Files\MySQL\MySQL Server 8.0\bin;F:\download\BlueWhale-3.31.3-Python38-win64\BlueWhale\bluewhale\Scripts;F:\download\BlueWhale-3.31.3-Python38-win64\BlueWhale\bluewhale\;F:\download\;C:\Program Files\Git\cmd;F:\download\anaconda\Scripts;F:\download\anaconda;F:\download\anaconda\Library\bin;C:\WINDOWS\system32;C:\WINDOWS;C:\WINDOWS\System32\Wbem;C:\WINDOWS\System32\WindowsPowerShell\v1.0\;C:\WINDOWS\System32\OpenSSH\;F:\download\miniconda\application\Scripts;F:\download\miniconda\application\condabin;F:\download\miniconda\application;F:\download\miniconda\application\Library\mingw-w64\bin;F:\download\miniconda\application\Library\usr\bin;F:\download\miniconda\application\Library\bin;F:\download\miniconda\application\Scripts;F:\download\anaconda\Scripts;E:\Proteus 8 Professional\python\Scripts\;E:\Proteus 8 Professional\python\;F:\download\anaconda;F:\download\anaconda\Library\bin;C:\Users\35254\AppData\Local\Microsoft\WindowsApps;E:\Microsoft VS Code\bin;E:\maven\apache-maven-3.9.9\bin;%JAVA_HOME\bin;C:\Users\35254\AppData\Local\Microsoft\WinGet\Packages\Schniz.fnm_Microsoft.Winget.Source_8wek
USERNAME=35254
OS=Windows_NT
PROCESSOR_IDENTIFIER=Intel64 Family 6 Model 154 Stepping 3, GenuineIntel



---------------  S Y S T E M  ---------------

OS:
 Windows 11 , 64 bit Build 26100 (10.0.26100.7019)
OS uptime: 15 days 18:04 hours

CPU: total 16 (initial active 16) (8 cores per cpu, 2 threads per core) family 6 model 154 stepping 3 microcode 0x420, cx8, cmov, fxsr, ht, mmx, 3dnowpref, sse, sse2, sse3, ssse3, sse4.1, sse4.2, popcnt, lzcnt, tsc, tscinvbit, avx, avx2, aes, erms, clmul, bmi1, bmi2, adx, sha, fma, vzeroupper, clflush, clflushopt, clwb

Memory: 4k page, system-wide physical 16108M (1875M free)
TotalPageFile size 16108M (AvailPageFile size 3M)
current process WorkingSet (physical memory assigned to process): 226M, peak: 234M
current process commit charge ("private bytes"): 279M, peak: 442M

vm_info: Java HotSpot(TM) 64-Bit Server VM (17.0.12+8-LTS-286) for windows-amd64 JRE (17.0.12+8-LTS-286), built on Jun  5 2024 06:46:59 by "mach5one" with MS VC++ 17.6 (VS2022)

END.
