#
# There is insufficient memory for the Java Runtime Environment to continue.
# Native memory allocation (malloc) failed to allocate 1306096 bytes for Chunk::new
# Possible reasons:
#   The system is out of physical RAM or swap space
#   The process is running with CompressedOops enabled, and the Java Heap may be blocking the growth of the native heap
# Possible solutions:
#   Reduce memory load on the system
#   Increase physical memory or swap space
#   Check if swap backing store is full
#   Decrease Java heap size (-Xmx/-Xms)
#   Decrease number of Java threads
#   Decrease Java thread stack sizes (-Xss)
#   Set larger code cache with -XX:ReservedCodeCacheSize=
#   JVM is running with Zero Based Compressed Oops mode in which the Java heap is
#     placed in the first 32GB address space. The Java Heap base address is the
#     maximum limit for the native heap growth. Please use -XX:HeapBaseMinAddress
#     to set the Java Heap base and to place the Java Heap above 32GB virtual address.
# This output file may be truncated or incomplete.
#
#  Out of Memory Error (arena.cpp:189), pid=14996, tid=19556
#
# JRE version: Java(TM) SE Runtime Environment (17.0.12+8) (build 17.0.12+8-LTS-286)
# Java VM: Java HotSpot(TM) 64-Bit Server VM (17.0.12+8-LTS-286, mixed mode, sharing, tiered, compressed oops, compressed class ptrs, g1 gc, windows-amd64)
# No core dump will be written. Minidumps are not enabled by default on client versions of Windows
#

---------------  S U M M A R Y ------------

Command Line: -javaagent:E:\IntelliJ IDEA Community Edition 2022.1.4\lib\idea_rt.jar=31410:E:\IntelliJ IDEA Community Edition 2022.1.4\bin -Dfile.encoding=UTF-8 com.univ.researchhub.ResearchHubApplication

Host: 12th Gen Intel(R) Core(TM) i5-1240P, 16 cores, 15G,  Windows 11 , 64 bit Build 26100 (10.0.26100.5074)
Time: Sat Oct 11 15:33:12 2025  Windows 11 , 64 bit Build 26100 (10.0.26100.5074) elapsed time: 6.329930 seconds (0d 0h 0m 6s)

---------------  T H R E A D  ---------------

Current thread (0x000002997708d6b0):  JavaThread "C2 CompilerThread5" daemon [_thread_in_native, id=19556, stack(0x000000a255700000,0x000000a255800000)]


Current CompileTask:
C2:   6330 4693       4       org.springframework.asm.Frame::execute (2292 bytes)

Stack: [0x000000a255700000,0x000000a255800000]
Native frames: (J=compiled Java code, j=interpreted, Vv=VM code, C=native code)
V  [jvm.dll+0x67a04a]
V  [jvm.dll+0x7da4ed]
V  [jvm.dll+0x7dbe33]
V  [jvm.dll+0x7dc4a3]
V  [jvm.dll+0x24508f]
V  [jvm.dll+0xab773]
V  [jvm.dll+0xabd3c]
V  [jvm.dll+0x2aa52f]
V  [jvm.dll+0x581eb9]
V  [jvm.dll+0x21f422]
V  [jvm.dll+0x21f81f]
V  [jvm.dll+0x218aa0]
V  [jvm.dll+0x215b65]
V  [jvm.dll+0x1a2960]
V  [jvm.dll+0x22610b]
V  [jvm.dll+0x2242ab]
V  [jvm.dll+0x79075c]
V  [jvm.dll+0x78abea]
V  [jvm.dll+0x678f35]
C  [ucrtbase.dll+0x37b0]
C  [KERNEL32.DLL+0x2e8d7]
C  [ntdll.dll+0x8d9c]


---------------  P R O C E S S  ---------------

Threads class SMR info:
_java_thread_list=0x0000029977e58520, length=25, elements={
0x000002990b1ba390, 0x00000299301645b0, 0x0000029930165170, 0x000002993017aef0,
0x000002993017bab0, 0x000002993017e480, 0x000002993017ee40, 0x0000029930180a50,
0x0000029930183820, 0x0000029930bc5fa0, 0x0000029930ca5570, 0x0000029930cc1880,
0x0000029930cca3a0, 0x0000029930cca8c0, 0x0000029930ca64a0, 0x0000029930ca5060,
0x0000029976acb9e0, 0x0000029976b03a60, 0x00000299781c1020, 0x000002997751aa70,
0x000002997751fb70, 0x000002997751cde0, 0x000002997751f150, 0x000002997a520970,
0x000002997708d6b0
}

Java Threads: ( => current thread )
  0x000002990b1ba390 JavaThread "main" [_thread_in_vm, id=6840, stack(0x000000a252a00000,0x000000a252b00000)]
  0x00000299301645b0 JavaThread "Reference Handler" daemon [_thread_blocked, id=13880, stack(0x000000a253100000,0x000000a253200000)]
  0x0000029930165170 JavaThread "Finalizer" daemon [_thread_blocked, id=18300, stack(0x000000a253200000,0x000000a253300000)]
  0x000002993017aef0 JavaThread "Signal Dispatcher" daemon [_thread_blocked, id=18708, stack(0x000000a253300000,0x000000a253400000)]
  0x000002993017bab0 JavaThread "Attach Listener" daemon [_thread_blocked, id=5836, stack(0x000000a253400000,0x000000a253500000)]
  0x000002993017e480 JavaThread "Service Thread" daemon [_thread_blocked, id=23836, stack(0x000000a253500000,0x000000a253600000)]
  0x000002993017ee40 JavaThread "Monitor Deflation Thread" daemon [_thread_blocked, id=10508, stack(0x000000a253600000,0x000000a253700000)]
  0x0000029930180a50 JavaThread "C2 CompilerThread0" daemon [_thread_in_native, id=25540, stack(0x000000a253700000,0x000000a253800000)]
  0x0000029930183820 JavaThread "C1 CompilerThread0" daemon [_thread_blocked, id=2044, stack(0x000000a253800000,0x000000a253900000)]
  0x0000029930bc5fa0 JavaThread "Sweeper thread" daemon [_thread_blocked, id=8980, stack(0x000000a253900000,0x000000a253a00000)]
  0x0000029930ca5570 JavaThread "Common-Cleaner" daemon [_thread_blocked, id=16824, stack(0x000000a253a00000,0x000000a253b00000)]
  0x0000029930cc1880 JavaThread "C1 CompilerThread1" daemon [_thread_blocked, id=12172, stack(0x000000a253b00000,0x000000a253c00000)]
  0x0000029930cca3a0 JavaThread "C1 CompilerThread2" daemon [_thread_blocked, id=5220, stack(0x000000a253c00000,0x000000a253d00000)]
  0x0000029930cca8c0 JavaThread "C1 CompilerThread3" daemon [_thread_blocked, id=8620, stack(0x000000a253d00000,0x000000a253e00000)]
  0x0000029930ca64a0 JavaThread "Monitor Ctrl-Break" daemon [_thread_in_native, id=2124, stack(0x000000a253f00000,0x000000a254000000)]
  0x0000029930ca5060 JavaThread "Notification Thread" daemon [_thread_blocked, id=19268, stack(0x000000a254000000,0x000000a254100000)]
  0x0000029976acb9e0 JavaThread "C2 CompilerThread1" daemon [_thread_in_native, id=25408, stack(0x000000a253e00000,0x000000a253f00000)]
  0x0000029976b03a60 JavaThread "C2 CompilerThread2" daemon [_thread_in_native, id=21800, stack(0x000000a254700000,0x000000a254800000)]
  0x00000299781c1020 JavaThread "C2 CompilerThread3" daemon [_thread_in_native, id=4500, stack(0x000000a254e00000,0x000000a254f00000)]
  0x000002997751aa70 JavaThread "Catalina-utility-1" [_thread_blocked, id=23916, stack(0x000000a254800000,0x000000a254900000)]
  0x000002997751fb70 JavaThread "Catalina-utility-2" [_thread_blocked, id=23496, stack(0x000000a254f00000,0x000000a255000000)]
  0x000002997751cde0 JavaThread "container-0" [_thread_blocked, id=15292, stack(0x000000a255400000,0x000000a255500000)]
  0x000002997751f150 JavaThread "mysql-cj-abandoned-connection-cleanup" daemon [_thread_blocked, id=23512, stack(0x000000a255500000,0x000000a255600000)]
  0x000002997a520970 JavaThread "C2 CompilerThread4" daemon [_thread_in_native, id=23892, stack(0x000000a255600000,0x000000a255700000)]
=>0x000002997708d6b0 JavaThread "C2 CompilerThread5" daemon [_thread_in_native, id=19556, stack(0x000000a255700000,0x000000a255800000)]

Other Threads:
  0x000002993015e700 VMThread "VM Thread" [stack: 0x000000a253000000,0x000000a253100000] [id=21000]
  0x000002990b24c610 WatcherThread [stack: 0x000000a254100000,0x000000a254200000] [id=6116]
  0x000002990b2266e0 GCTaskThread "GC Thread#0" [stack: 0x000000a252b00000,0x000000a252c00000] [id=4020]
  0x0000029976a14760 GCTaskThread "GC Thread#1" [stack: 0x000000a254200000,0x000000a254300000] [id=13368]
  0x0000029976a14a20 GCTaskThread "GC Thread#2" [stack: 0x000000a254300000,0x000000a254400000] [id=24744]
  0x0000029976a14ce0 GCTaskThread "GC Thread#3" [stack: 0x000000a254400000,0x000000a254500000] [id=24864]
  0x0000029976a14fa0 GCTaskThread "GC Thread#4" [stack: 0x000000a254500000,0x000000a254600000] [id=22972]
  0x0000029976a15260 GCTaskThread "GC Thread#5" [stack: 0x000000a254600000,0x000000a254700000] [id=10292]
  0x00000299771a5d00 GCTaskThread "GC Thread#6" [stack: 0x000000a254900000,0x000000a254a00000] [id=24432]
  0x00000299775253e0 GCTaskThread "GC Thread#7" [stack: 0x000000a254a00000,0x000000a254b00000] [id=16676]
  0x0000029976c9fb40 GCTaskThread "GC Thread#8" [stack: 0x000000a254b00000,0x000000a254c00000] [id=16520]
  0x0000029977227f40 GCTaskThread "GC Thread#9" [stack: 0x000000a254c00000,0x000000a254d00000] [id=23288]
  0x0000029976e02e80 GCTaskThread "GC Thread#10" [stack: 0x000000a254d00000,0x000000a254e00000] [id=12916]
  0x000002997936e250 GCTaskThread "GC Thread#11" [stack: 0x000000a255000000,0x000000a255100000] [id=22956]
  0x000002997936d1d0 GCTaskThread "GC Thread#12" [stack: 0x000000a255100000,0x000000a255200000] [id=11136]
  0x000002990b2371f0 ConcurrentGCThread "G1 Main Marker" [stack: 0x000000a252c00000,0x000000a252d00000] [id=16440]
  0x000002990b238970 ConcurrentGCThread "G1 Conc#0" [stack: 0x000000a252d00000,0x000000a252e00000] [id=14468]
  0x000002997936dcd0 ConcurrentGCThread "G1 Conc#1" [stack: 0x000000a255200000,0x000000a255300000] [id=17684]
  0x000002997936e510 ConcurrentGCThread "G1 Conc#2" [stack: 0x000000a255300000,0x000000a255400000] [id=14532]
  0x00000299300925f0 ConcurrentGCThread "G1 Refine#0" [stack: 0x000000a252e00000,0x000000a252f00000] [id=18656]
  0x0000029930093de0 ConcurrentGCThread "G1 Service" [stack: 0x000000a252f00000,0x000000a253000000] [id=8812]

Threads with active compile tasks:
C2 CompilerThread0     6422 4976   !   4       org.springframework.core.annotation.AnnotationsScanner::processMethodHierarchy (276 bytes)
C2 CompilerThread1     6422 4984       4       jdk.internal.jimage.ImageLocation::verify (218 bytes)
C2 CompilerThread2     6422 4822       4       jdk.internal.org.objectweb.asm.MethodWriter::computeAllFrames (510 bytes)
C2 CompilerThread3     6422 5020       4       org.springframework.asm.Frame::getAbstractTypeFromDescriptor (436 bytes)
C2 CompilerThread4     6422 5021       4       org.springframework.asm.SymbolTable::addConstantMemberReference (147 bytes)
C2 CompilerThread5     6422 4693       4       org.springframework.asm.Frame::execute (2292 bytes)

VM state: not at safepoint (normal execution)

VM Mutex/Monitor currently owned by a thread: None

Heap address: 0x0000000704400000, size: 4028 MB, Compressed Oops mode: Zero based, Oop shift amount: 3

CDS archive(s) mapped at: [0x0000029931000000-0x0000029931bd0000-0x0000029931bd0000), size 12386304, SharedBaseAddress: 0x0000029931000000, ArchiveRelocationMode: 1.
Compressed class space mapped at: 0x0000029932000000-0x0000029972000000, reserved size: 1073741824
Narrow klass base: 0x0000029931000000, Narrow klass shift: 0, Narrow klass range: 0x100000000

GC Precious Log:
 CPUs: 16 total, 16 available
 Memory: 16108M
 Large Page Support: Disabled
 NUMA Support: Disabled
 Compressed Oops: Enabled (Zero based)
 Heap Region Size: 2M
 Heap Min Capacity: 8M
 Heap Initial Capacity: 252M
 Heap Max Capacity: 4028M
 Pre-touch: Disabled
 Parallel Workers: 13
 Concurrent Workers: 3
 Concurrent Refinement Workers: 13
 Periodic GC: Disabled

Heap:
 garbage-first heap   total 49152K, used 19478K [0x0000000704400000, 0x0000000800000000)
  region size 2048K, 4 young (8192K), 2 survivors (4096K)
 Metaspace       used 35253K, committed 35712K, reserved 1114112K
  class space    used 4441K, committed 4672K, reserved 1048576K

Heap Regions: E=young(eden), S=young(survivor), O=old, HS=humongous(starts), HC=humongous(continues), CS=collection set, F=free, OA=open archive, CA=closed archive, TAMS=top-at-mark-start (previous, next)
|   0|0x0000000704400000, 0x0000000704600000, 0x0000000704600000|100%| O|  |TAMS 0x0000000704600000, 0x0000000704400000| Untracked 
|   1|0x0000000704600000, 0x0000000704800000, 0x0000000704800000|100%| O|  |TAMS 0x0000000704800000, 0x0000000704600000| Untracked 
|   2|0x0000000704800000, 0x000000070487f000, 0x0000000704a00000| 24%| O|  |TAMS 0x0000000704800000, 0x0000000704800000| Untracked 
|   3|0x0000000704a00000, 0x0000000704c00000, 0x0000000704c00000|100%| O|  |TAMS 0x0000000704a00000, 0x0000000704a00000| Untracked 
|   4|0x0000000704c00000, 0x0000000704e00000, 0x0000000704e00000|100%| O|  |TAMS 0x0000000704c00000, 0x0000000704c00000| Untracked 
|   5|0x0000000704e00000, 0x0000000705000000, 0x0000000705000000|100%| O|  |TAMS 0x0000000704e00000, 0x0000000704e00000| Untracked 
|   6|0x0000000705000000, 0x0000000705200000, 0x0000000705200000|100%| O|  |TAMS 0x0000000705000000, 0x0000000705000000| Untracked 
|   7|0x0000000705200000, 0x0000000705400000, 0x0000000705400000|100%| O|  |TAMS 0x0000000705200000, 0x0000000705200000| Untracked 
|   8|0x0000000705400000, 0x0000000705400000, 0x0000000705600000|  0%| F|  |TAMS 0x0000000705400000, 0x0000000705400000| Untracked 
|   9|0x0000000705600000, 0x0000000705600000, 0x0000000705800000|  0%| F|  |TAMS 0x0000000705600000, 0x0000000705600000| Untracked 
|  10|0x0000000705800000, 0x0000000705800000, 0x0000000705a00000|  0%| F|  |TAMS 0x0000000705800000, 0x0000000705800000| Untracked 
|  11|0x0000000705a00000, 0x0000000705a00000, 0x0000000705c00000|  0%| F|  |TAMS 0x0000000705a00000, 0x0000000705a00000| Untracked 
|  12|0x0000000705c00000, 0x0000000705c86bc0, 0x0000000705e00000| 26%| S|CS|TAMS 0x0000000705c00000, 0x0000000705c00000| Complete 
|  13|0x0000000705e00000, 0x0000000706000000, 0x0000000706000000|100%| S|CS|TAMS 0x0000000705e00000, 0x0000000705e00000| Complete 
|  14|0x0000000706000000, 0x0000000706000000, 0x0000000706200000|  0%| F|  |TAMS 0x0000000706000000, 0x0000000706000000| Untracked 
|  15|0x0000000706200000, 0x0000000706200000, 0x0000000706400000|  0%| F|  |TAMS 0x0000000706200000, 0x0000000706200000| Untracked 
|  16|0x0000000706400000, 0x0000000706400000, 0x0000000706600000|  0%| F|  |TAMS 0x0000000706400000, 0x0000000706400000| Untracked 
|  17|0x0000000706600000, 0x0000000706600000, 0x0000000706800000|  0%| F|  |TAMS 0x0000000706600000, 0x0000000706600000| Untracked 
|  18|0x0000000706800000, 0x0000000706800000, 0x0000000706a00000|  0%| F|  |TAMS 0x0000000706800000, 0x0000000706800000| Untracked 
|  19|0x0000000706a00000, 0x0000000706a00000, 0x0000000706c00000|  0%| F|  |TAMS 0x0000000706a00000, 0x0000000706a00000| Untracked 
|  95|0x0000000710200000, 0x0000000710200000, 0x0000000710400000|  0%| F|  |TAMS 0x0000000710200000, 0x0000000710200000| Untracked 
|  96|0x0000000710400000, 0x0000000710400000, 0x0000000710600000|  0%| F|  |TAMS 0x0000000710400000, 0x0000000710400000| Untracked 
|  97|0x0000000710600000, 0x000000071069fc18, 0x0000000710800000| 31%| E|  |TAMS 0x0000000710600000, 0x0000000710600000| Complete 
| 125|0x0000000713e00000, 0x0000000714000000, 0x0000000714000000|100%| E|CS|TAMS 0x0000000713e00000, 0x0000000713e00000| Complete 

Card table byte_map: [0x0000029924ce0000,0x00000299254c0000] _byte_map_base: 0x00000299214be000

Marking Bits (Prev, Next): (CMBitMap*) 0x000002990b226d40, (CMBitMap*) 0x000002990b226d00
 Prev Bits: [0x0000029929b90000, 0x000002992da80000)
 Next Bits: [0x0000029925ca0000, 0x0000029929b90000)

Polling page: 0x000002990b100000

Metaspace:

Usage:
  Non-class:     30.09 MB used.
      Class:      4.34 MB used.
       Both:     34.43 MB used.

Virtual space:
  Non-class space:       64.00 MB reserved,      30.31 MB ( 47%) committed,  1 nodes.
      Class space:        1.00 GB reserved,       4.56 MB ( <1%) committed,  1 nodes.
             Both:        1.06 GB reserved,      34.88 MB (  3%) committed. 

Chunk freelists:
   Non-Class:  1.61 MB
       Class:  11.41 MB
        Both:  13.02 MB

MaxMetaspaceSize: unlimited
CompressedClassSpaceSize: 1.00 GB
Initial GC threshold: 21.00 MB
Current GC threshold: 35.12 MB
CDS: on
MetaspaceReclaimPolicy: balanced
 - commit_granule_bytes: 65536.
 - commit_granule_words: 8192.
 - virtual_space_node_default_size: 8388608.
 - enlarge_chunks_in_place: 1.
 - new_chunks_are_fully_committed: 0.
 - uncommit_free_chunks: 1.
 - use_allocation_guard: 0.
 - handle_deallocations: 1.


Internal statistics:

num_allocs_failed_limit: 3.
num_arena_births: 590.
num_arena_deaths: 0.
num_vsnodes_births: 2.
num_vsnodes_deaths: 0.
num_space_committed: 558.
num_space_uncommitted: 0.
num_chunks_returned_to_freelist: 3.
num_chunks_taken_from_freelist: 1828.
num_chunk_merges: 3.
num_chunk_splits: 1243.
num_chunks_enlarged: 890.
num_inconsistent_stats: 0.

CodeHeap 'non-profiled nmethods': size=119168Kb used=2216Kb max_used=2637Kb free=116951Kb
 bounds [0x000002991c1d0000, 0x000002991c470000, 0x0000029923630000]
CodeHeap 'profiled nmethods': size=119104Kb used=9364Kb max_used=9364Kb free=109739Kb
 bounds [0x0000029914630000, 0x0000029914f60000, 0x000002991ba80000]
CodeHeap 'non-nmethods': size=7488Kb used=2937Kb max_used=2995Kb free=4550Kb
 bounds [0x000002991ba80000, 0x000002991bd80000, 0x000002991c1d0000]
 total_blobs=4928 nmethods=4373 adapters=463
 compilation: enabled
              stopped_count=0, restarted_count=0
 full_count=0

Compilation events (20 events):
Event: 6.220 Thread 0x0000029930cca8c0 5034       3       org.hibernate.validator.internal.engine.constraintvalidation.ClassBasedValidatorDescriptor::ofBuiltin (9 bytes)
Event: 6.220 Thread 0x0000029930183820 5035       3       org.hibernate.validator.internal.engine.constraintvalidation.ClassBasedValidatorDescriptor::<init> (26 bytes)
Event: 6.221 Thread 0x0000029930cca3a0 nmethod 5032 0x0000029914f37d90 code [0x0000029914f37f60, 0x0000029914f38268]
Event: 6.221 Thread 0x0000029930cca3a0 5037       3       org.hibernate.validator.internal.util.TypeHelper::extractConstraintValidatorTypeArgumentType (89 bytes)
Event: 6.221 Thread 0x0000029930cc1880 nmethod 5033 0x0000029914f38490 code [0x0000029914f38660, 0x0000029914f38ad8]
Event: 6.221 Thread 0x0000029930cca8c0 nmethod 5034 0x0000029914f38c90 code [0x0000029914f38e60, 0x0000029914f39278]
Event: 6.221 Thread 0x0000029930cc1880 5036       3       org.hibernate.validator.internal.util.TypeHelper::extractValidatedType (6 bytes)
Event: 6.221 Thread 0x0000029930cca8c0 5038       3       org.hibernate.validator.internal.engine.constraintvalidation.ClassBasedValidatorDescriptor::determineValidationTargets (34 bytes)
Event: 6.221 Thread 0x0000029930cc1880 nmethod 5036 0x0000029914f39410 code [0x0000029914f395a0, 0x0000029914f396c8]
Event: 6.222 Thread 0x0000029930cc1880 5039       1       java.util.Collections$EmptyList::size (2 bytes)
Event: 6.222 Thread 0x0000029930cc1880 nmethod 5039 0x000002991c22e910 code [0x000002991c22eaa0, 0x000002991c22eb78]
Event: 6.222 Thread 0x0000029930183820 nmethod 5035 0x0000029914f39790 code [0x0000029914f39a60, 0x0000029914f3a988]
Event: 6.222 Thread 0x0000029930cca3a0 nmethod 5037 0x0000029914f3af10 code [0x0000029914f3b1e0, 0x0000029914f3c248]
Event: 6.223 Thread 0x0000029930cca8c0 nmethod 5038 0x0000029914f3c710 code [0x0000029914f3c9c0, 0x0000029914f3d638]
Event: 6.226 Thread 0x0000029930183820 5040       3       org.springframework.aop.support.AopUtils::canApply (53 bytes)
Event: 6.226 Thread 0x0000029930cc1880 5041   !   3       org.springframework.beans.factory.annotation.InitDestroyAnnotationBeanPostProcessor::findLifecycleMetadata (87 bytes)
Event: 6.226 Thread 0x0000029930183820 nmethod 5040 0x0000029914f3db10 code [0x0000029914f3dd20, 0x0000029914f3e5d8]
Event: 6.226 Thread 0x0000029930183820 5042       3       org.springframework.core.annotation.AnnotationUtils::isCandidateClass (41 bytes)
Event: 6.226 Thread 0x0000029930cc1880 nmethod 5041 0x0000029914f3e790 code [0x0000029914f3e9a0, 0x0000029914f3f188]
Event: 6.228 Thread 0x0000029930183820 nmethod 5042 0x0000029914f3f490 code [0x0000029914f3f700, 0x0000029914f402a8]

GC Heap History (18 events):
Event: 1.057 GC heap before
{Heap before GC invocations=0 (full 0):
 garbage-first heap   total 258048K, used 20480K [0x0000000704400000, 0x0000000800000000)
  region size 2048K, 11 young (22528K), 0 survivors (0K)
 Metaspace       used 6088K, committed 6272K, reserved 1114112K
  class space    used 711K, committed 832K, reserved 1048576K
}
Event: 1.063 GC heap after
{Heap after GC invocations=1 (full 0):
 garbage-first heap   total 258048K, used 5196K [0x0000000704400000, 0x0000000800000000)
  region size 2048K, 2 young (4096K), 2 survivors (4096K)
 Metaspace       used 6088K, committed 6272K, reserved 1114112K
  class space    used 711K, committed 832K, reserved 1048576K
}
Event: 1.686 GC heap before
{Heap before GC invocations=1 (full 0):
 garbage-first heap   total 258048K, used 29772K [0x0000000704400000, 0x0000000800000000)
  region size 2048K, 15 young (30720K), 2 survivors (4096K)
 Metaspace       used 12165K, committed 12352K, reserved 1114112K
  class space    used 1589K, committed 1664K, reserved 1048576K
}
Event: 1.691 GC heap after
{Heap after GC invocations=2 (full 0):
 garbage-first heap   total 258048K, used 7388K [0x0000000704400000, 0x0000000800000000)
  region size 2048K, 2 young (4096K), 2 survivors (4096K)
 Metaspace       used 12165K, committed 12352K, reserved 1114112K
  class space    used 1589K, committed 1664K, reserved 1048576K
}
Event: 3.011 GC heap before
{Heap before GC invocations=2 (full 0):
 garbage-first heap   total 258048K, used 58588K [0x0000000704400000, 0x0000000800000000)
  region size 2048K, 28 young (57344K), 2 survivors (4096K)
 Metaspace       used 21262K, committed 21504K, reserved 1114112K
  class space    used 2689K, committed 2816K, reserved 1048576K
}
Event: 3.018 GC heap after
{Heap after GC invocations=3 (full 0):
 garbage-first heap   total 258048K, used 10896K [0x0000000704400000, 0x0000000800000000)
  region size 2048K, 3 young (6144K), 3 survivors (6144K)
 Metaspace       used 21262K, committed 21504K, reserved 1114112K
  class space    used 2689K, committed 2816K, reserved 1048576K
}
Event: 3.879 GC heap before
{Heap before GC invocations=4 (full 0):
 garbage-first heap   total 49152K, used 33424K [0x0000000704400000, 0x0000000800000000)
  region size 2048K, 14 young (28672K), 3 survivors (6144K)
 Metaspace       used 25122K, committed 25472K, reserved 1114112K
  class space    used 3254K, committed 3392K, reserved 1048576K
}
Event: 3.887 GC heap after
{Heap after GC invocations=5 (full 0):
 garbage-first heap   total 49152K, used 13357K [0x0000000704400000, 0x0000000800000000)
  region size 2048K, 2 young (4096K), 2 survivors (4096K)
 Metaspace       used 25122K, committed 25472K, reserved 1114112K
  class space    used 3254K, committed 3392K, reserved 1048576K
}
Event: 3.960 GC heap before
{Heap before GC invocations=5 (full 0):
 garbage-first heap   total 49152K, used 15405K [0x0000000704400000, 0x0000000800000000)
  region size 2048K, 3 young (6144K), 2 survivors (4096K)
 Metaspace       used 25327K, committed 25664K, reserved 1114112K
  class space    used 3287K, committed 3456K, reserved 1048576K
}
Event: 3.966 GC heap after
{Heap after GC invocations=6 (full 0):
 garbage-first heap   total 49152K, used 13368K [0x0000000704400000, 0x0000000800000000)
  region size 2048K, 1 young (2048K), 1 survivors (2048K)
 Metaspace       used 25327K, committed 25664K, reserved 1114112K
  class space    used 3287K, committed 3456K, reserved 1048576K
}
Event: 4.727 GC heap before
{Heap before GC invocations=6 (full 0):
 garbage-first heap   total 49152K, used 29752K [0x0000000704400000, 0x0000000800000000)
  region size 2048K, 9 young (18432K), 1 survivors (2048K)
 Metaspace       used 29318K, committed 29760K, reserved 1114112K
  class space    used 3764K, committed 3968K, reserved 1048576K
}
Event: 4.730 GC heap after
{Heap after GC invocations=7 (full 0):
 garbage-first heap   total 49152K, used 14916K [0x0000000704400000, 0x0000000800000000)
  region size 2048K, 2 young (4096K), 2 survivors (4096K)
 Metaspace       used 29318K, committed 29760K, reserved 1114112K
  class space    used 3764K, committed 3968K, reserved 1048576K
}
Event: 5.531 GC heap before
{Heap before GC invocations=7 (full 0):
 garbage-first heap   total 49152K, used 31300K [0x0000000704400000, 0x0000000800000000)
  region size 2048K, 10 young (20480K), 2 survivors (4096K)
 Metaspace       used 33512K, committed 33984K, reserved 1114112K
  class space    used 4308K, committed 4544K, reserved 1048576K
}
Event: 5.535 GC heap after
{Heap after GC invocations=8 (full 0):
 garbage-first heap   total 49152K, used 16024K [0x0000000704400000, 0x0000000800000000)
  region size 2048K, 2 young (4096K), 2 survivors (4096K)
 Metaspace       used 33512K, committed 33984K, reserved 1114112K
  class space    used 4308K, committed 4544K, reserved 1048576K
}
Event: 5.903 GC heap before
{Heap before GC invocations=8 (full 0):
 garbage-first heap   total 49152K, used 30360K [0x0000000704400000, 0x0000000800000000)
  region size 2048K, 10 young (20480K), 2 survivors (4096K)
 Metaspace       used 34507K, committed 34944K, reserved 1114112K
  class space    used 4390K, committed 4608K, reserved 1048576K
}
Event: 5.907 GC heap after
{Heap after GC invocations=9 (full 0):
 garbage-first heap   total 49152K, used 16845K [0x0000000704400000, 0x0000000800000000)
  region size 2048K, 1 young (2048K), 1 survivors (2048K)
 Metaspace       used 34507K, committed 34944K, reserved 1114112K
  class space    used 4390K, committed 4608K, reserved 1048576K
}
Event: 6.181 GC heap before
{Heap before GC invocations=9 (full 0):
 garbage-first heap   total 49152K, used 33229K [0x0000000704400000, 0x0000000800000000)
  region size 2048K, 10 young (20480K), 1 survivors (2048K)
 Metaspace       used 34992K, committed 35392K, reserved 1114112K
  class space    used 4405K, committed 4608K, reserved 1048576K
}
Event: 6.184 GC heap after
{Heap after GC invocations=10 (full 0):
 garbage-first heap   total 49152K, used 17430K [0x0000000704400000, 0x0000000800000000)
  region size 2048K, 2 young (4096K), 2 survivors (4096K)
 Metaspace       used 34992K, committed 35392K, reserved 1114112K
  class space    used 4405K, committed 4608K, reserved 1048576K
}

Deoptimization events (20 events):
Event: 5.948 Thread 0x000002990b1ba390 Uncommon trap: trap_request=0xffffffdc fr.pc=0x000002991c3f910c relative=0x000000000000026c
Event: 5.948 Thread 0x000002990b1ba390 Uncommon trap: reason=class_check action=make_not_entrant pc=0x000002991c3f910c method=java.util.ArrayList.toArray([Ljava/lang/Object;)[Ljava/lang/Object; @ 21 c2
Event: 5.948 Thread 0x000002990b1ba390 DEOPT PACKING pc=0x000002991c3f910c sp=0x000000a252afd140
Event: 5.948 Thread 0x000002990b1ba390 DEOPT UNPACKING pc=0x000002991bad23a3 sp=0x000000a252afd100 mode 2
Event: 5.973 Thread 0x000002990b1ba390 Uncommon trap: trap_request=0xffffff45 fr.pc=0x000002991c3c9378 relative=0x0000000000000258
Event: 5.973 Thread 0x000002990b1ba390 Uncommon trap: reason=unstable_if action=reinterpret pc=0x000002991c3c9378 method=java.util.concurrent.ConcurrentHashMap.get(Ljava/lang/Object;)Ljava/lang/Object; @ 86 c2
Event: 5.973 Thread 0x000002990b1ba390 DEOPT PACKING pc=0x000002991c3c9378 sp=0x000000a252afe630
Event: 5.973 Thread 0x000002990b1ba390 DEOPT UNPACKING pc=0x000002991bad23a3 sp=0x000000a252afe598 mode 2
Event: 6.034 Thread 0x000002990b1ba390 Uncommon trap: trap_request=0xffffffcc fr.pc=0x000002991c2bc594 relative=0x0000000000000274
Event: 6.034 Thread 0x000002990b1ba390 Uncommon trap: reason=intrinsic_or_type_checked_inlining action=make_not_entrant pc=0x000002991c2bc594 method=java.util.ArrayList.toArray([Ljava/lang/Object;)[Ljava/lang/Object; @ 36 c2
Event: 6.034 Thread 0x000002990b1ba390 DEOPT PACKING pc=0x000002991c2bc594 sp=0x000000a252afd260
Event: 6.034 Thread 0x000002990b1ba390 DEOPT UNPACKING pc=0x000002991bad23a3 sp=0x000000a252afd240 mode 2
Event: 6.043 Thread 0x000002990b1ba390 Uncommon trap: trap_request=0xffffff45 fr.pc=0x000002991c27d044 relative=0x00000000000012e4
Event: 6.043 Thread 0x000002990b1ba390 Uncommon trap: reason=unstable_if action=reinterpret pc=0x000002991c27d044 method=java.util.concurrent.ConcurrentHashMap.transfer([Ljava/util/concurrent/ConcurrentHashMap$Node;[Ljava/util/concurrent/ConcurrentHashMap$Node;)V @ 352 c2
Event: 6.043 Thread 0x000002990b1ba390 DEOPT PACKING pc=0x000002991c27d044 sp=0x000000a252afceb0
Event: 6.043 Thread 0x000002990b1ba390 DEOPT UNPACKING pc=0x000002991bad23a3 sp=0x000000a252afce38 mode 2
Event: 6.225 Thread 0x000002990b1ba390 Uncommon trap: trap_request=0xffffffde fr.pc=0x000002991c2baef0 relative=0x0000000000000150
Event: 6.225 Thread 0x000002990b1ba390 Uncommon trap: reason=class_check action=maybe_recompile pc=0x000002991c2baef0 method=java.lang.reflect.Method.equals(Ljava/lang/Object;)Z @ 1 c2
Event: 6.225 Thread 0x000002990b1ba390 DEOPT PACKING pc=0x000002991c2baef0 sp=0x000000a252afe6a0
Event: 6.225 Thread 0x000002990b1ba390 DEOPT UNPACKING pc=0x000002991bad23a3 sp=0x000000a252afe628 mode 2

Classes unloaded (0 events):
No events

Classes redefined (0 events):
No events

Internal exceptions (20 events):
Event: 3.843 Thread 0x000002990b1ba390 Exception <a 'java/lang/NoSuchMethodError'{0x00000007058f6040}: 'void java.lang.invoke.DirectMethodHandle$Holder.invokeStatic(java.lang.Object, int, java.lang.Object)'> (0x00000007058f6040) 
thrown [s\open\src\hotspot\share\interpreter\linkResolver.cpp, line 759]
Event: 3.855 Thread 0x000002990b1ba390 Exception <a 'java/lang/NoSuchMethodError'{0x0000000705931bd8}: 'void java.lang.invoke.DirectMethodHandle$Holder.invokeVirtual(java.lang.Object, java.lang.Object, int)'> (0x0000000705931bd8) 
thrown [s\open\src\hotspot\share\interpreter\linkResolver.cpp, line 759]
Event: 3.856 Thread 0x000002990b1ba390 Exception <a 'java/lang/NoSuchMethodError'{0x0000000705937d90}: 'void java.lang.invoke.DirectMethodHandle$Holder.invokeStatic(java.lang.Object, java.lang.Object, java.lang.Object, int, java.lang.Object)'> (0x0000000705937d90) 
thrown [s\open\src\hotspot\share\interpreter\linkResolver.cpp, line 759]
Event: 3.856 Thread 0x000002990b1ba390 Exception <a 'java/lang/NoSuchMethodError'{0x000000070593f210}: 'java.lang.Object java.lang.invoke.DirectMethodHandle$Holder.newInvokeSpecial(java.lang.Object, java.lang.Object, java.lang.Object, int)'> (0x000000070593f210) 
thrown [s\open\src\hotspot\share\interpreter\linkResolver.cpp, line 759]
Event: 3.857 Thread 0x000002990b1ba390 Exception <a 'java/lang/NoSuchMethodError'{0x00000007059434f8}: 'java.lang.Object java.lang.invoke.DirectMethodHandle$Holder.invokeSpecial(java.lang.Object, java.lang.Object, java.lang.Object, java.lang.Object, int)'> (0x00000007059434f8) 
thrown [s\open\src\hotspot\share\interpreter\linkResolver.cpp, line 759]
Event: 3.857 Thread 0x000002990b1ba390 Exception <a 'java/lang/NoSuchMethodError'{0x00000007059470c0}: 'java.lang.Object java.lang.invoke.Invokers$Holder.linkToTargetMethod(java.lang.Object, java.lang.Object, int, java.lang.Object)'> (0x00000007059470c0) 
thrown [s\open\src\hotspot\share\interpreter\linkResolver.cpp, line 759]
Event: 4.054 Thread 0x000002990b1ba390 Exception <a 'java/lang/NoSuchMethodError'{0x0000000713fb7cb0}: 'java.lang.Object java.lang.invoke.DirectMethodHandle$Holder.invokeStaticInit(java.lang.Object, int, int, int, int)'> (0x0000000713fb7cb0) 
thrown [s\open\src\hotspot\share\interpreter\linkResolver.cpp, line 759]
Event: 4.179 Thread 0x000002990b1ba390 Exception <a 'java/lang/NoSuchMethodError'{0x000000071048c178}: 'java.lang.Object java.lang.invoke.DirectMethodHandle$Holder.invokeStaticInit(java.lang.Object, java.lang.Object, int, int, int, int)'> (0x000000071048c178) 
thrown [s\open\src\hotspot\share\interpreter\linkResolver.cpp, line 759]
Event: 4.382 Thread 0x000002990b1ba390 Exception <a 'java/lang/NoSuchMethodError'{0x0000000706804598}: 'java.lang.Object java.lang.invoke.DirectMethodHandle$Holder.invokeSpecial(java.lang.Object, java.lang.Object, long, java.lang.Object, java.lang.Object, java.lang.Object, java.lang.Object, java.lang.Object, java.lang.Object)'> (0x0000000706804598) 
thrown [s\open\src\hotspot\share\interpreter\linkResolver.cpp, line 759]
Event: 4.382 Thread 0x000002990b1ba390 Exception <a 'java/lang/NoSuchMethodError'{0x00000007068090c0}: 'java.lang.Object java.lang.invoke.DelegatingMethodHandle$Holder.reinvoke_L(java.lang.Object, long, java.lang.Object, java.lang.Object, java.lang.Object, java.lang.Object, java.lang.Object, java.lang.Object)'> (0x00000007068090c0) 
thrown [s\open\src\hotspot\share\interpreter\linkResolver.cpp, line 759]
Event: 4.524 Thread 0x000002990b1ba390 Exception <a 'java/io/FileNotFoundException'{0x0000000706710178}> (0x0000000706710178) 
thrown [s\open\src\hotspot\share\prims\jni.cpp, line 516]
Event: 4.580 Thread 0x000002990b1ba390 Exception <a 'java/lang/NoSuchMethodError'{0x000000070647f298}: 'int java.lang.invoke.DirectMethodHandle$Holder.invokeInterface(java.lang.Object, java.lang.Object, java.lang.Object, java.lang.Object)'> (0x000000070647f298) 
thrown [s\open\src\hotspot\share\interpreter\linkResolver.cpp, line 759]
Event: 4.664 Thread 0x000002990b1ba390 Exception <a 'java/lang/NoSuchMethodError'{0x000000070627d228}: 'long java.lang.invoke.DirectMethodHandle$Holder.invokeVirtual(java.lang.Object, java.lang.Object)'> (0x000000070627d228) 
thrown [s\open\src\hotspot\share\interpreter\linkResolver.cpp, line 759]
Event: 4.830 Thread 0x000002990b1ba390 Implicit null exception at 0x000002991c41172a to 0x000002991c411a50
Event: 5.059 Thread 0x000002990b1ba390 Exception <a 'java/lang/IncompatibleClassChangeError'{0x00000007103c8b20}: Found class java.lang.Object, but interface was expected> (0x00000007103c8b20) 
thrown [s\open\src\hotspot\share\interpreter\linkResolver.cpp, line 826]
Event: 5.267 Thread 0x000002990b1ba390 Exception <a 'java/lang/NoSuchMethodError'{0x00000007068cddb8}: 'int java.lang.invoke.Invokers$Holder.invokeExact_MT(java.lang.Object, java.lang.Object, java.lang.Object)'> (0x00000007068cddb8) 
thrown [s\open\src\hotspot\share\interpreter\linkResolver.cpp, line 759]
Event: 5.467 Thread 0x000002990b1ba390 Exception <a 'java/lang/NoSuchMethodError'{0x0000000706700970}: 'java.lang.Object java.lang.invoke.DirectMethodHandle$Holder.newInvokeSpecial(java.lang.Object, java.lang.Object, int)'> (0x0000000706700970) 
thrown [s\open\src\hotspot\share\interpreter\linkResolver.cpp, line 759]
Event: 5.475 Thread 0x000002990b1ba390 Implicit null exception at 0x000002991c207972 to 0x000002991c208098
Event: 5.476 Thread 0x000002990b1ba390 Implicit null exception at 0x000002991c20a1f2 to 0x000002991c20a93c
Event: 6.214 Thread 0x000002990b1ba390 Exception <a 'java/lang/NoSuchMethodError'{0x0000000713eae120}: 'java.lang.Object java.lang.invoke.DirectMethodHandle$Holder.invokeInterface(java.lang.Object, java.lang.Object, java.lang.Object, java.lang.Object)'> (0x0000000713eae120) 
thrown [s\open\src\hotspot\share\interpreter\linkResolver.cpp, line 759]

VM Operations (20 events):
Event: 4.926 Executing VM operation: HandshakeAllThreads
Event: 4.926 Executing VM operation: HandshakeAllThreads done
Event: 4.927 Executing VM operation: HandshakeAllThreads
Event: 4.927 Executing VM operation: HandshakeAllThreads done
Event: 5.344 Executing VM operation: HandshakeAllThreads
Event: 5.344 Executing VM operation: HandshakeAllThreads done
Event: 5.366 Executing VM operation: HandshakeAllThreads
Event: 5.366 Executing VM operation: HandshakeAllThreads done
Event: 5.375 Executing VM operation: HandshakeAllThreads
Event: 5.379 Executing VM operation: HandshakeAllThreads done
Event: 5.496 Executing VM operation: ICBufferFull
Event: 5.496 Executing VM operation: ICBufferFull done
Event: 5.531 Executing VM operation: G1CollectForAllocation
Event: 5.535 Executing VM operation: G1CollectForAllocation done
Event: 5.847 Executing VM operation: ICBufferFull
Event: 5.848 Executing VM operation: ICBufferFull done
Event: 5.903 Executing VM operation: G1CollectForAllocation
Event: 5.907 Executing VM operation: G1CollectForAllocation done
Event: 6.181 Executing VM operation: G1CollectForAllocation
Event: 6.184 Executing VM operation: G1CollectForAllocation done

Events (20 events):
Event: 5.455 loading class com/sun/org/apache/xerces/internal/dom/CharacterDataImpl$1
Event: 5.456 loading class com/sun/org/apache/xerces/internal/dom/CharacterDataImpl$1 done
Event: 5.460 loading class com/sun/org/apache/xerces/internal/dom/DeferredAttrImpl
Event: 5.460 loading class com/sun/org/apache/xerces/internal/dom/AttrImpl
Event: 5.460 loading class com/sun/org/apache/xerces/internal/dom/AttrImpl done
Event: 5.460 loading class com/sun/org/apache/xerces/internal/dom/DeferredAttrImpl done
Event: 5.566 loading class java/security/Key
Event: 5.566 loading class java/security/Key done
Event: 5.605 loading class sun/reflect/generics/repository/FieldRepository
Event: 5.605 loading class sun/reflect/generics/repository/FieldRepository done
Event: 5.759 loading class java/lang/invoke/MethodHandleImpl$CountingWrapper$1
Event: 5.759 loading class java/lang/invoke/MethodHandleImpl$CountingWrapper$1 done
Event: 5.825 loading class sun/reflect/ReflectionFactory
Event: 5.825 loading class sun/reflect/ReflectionFactory done
Event: 5.825 loading class sun/reflect/ReflectionFactory$1
Event: 5.825 loading class sun/reflect/ReflectionFactory$1 done
Event: 5.825 loading class java/io/OptionalDataException
Event: 5.825 loading class java/io/OptionalDataException done
Event: 5.826 loading class jdk/internal/reflect/SerializationConstructorAccessorImpl
Event: 5.826 loading class jdk/internal/reflect/SerializationConstructorAccessorImpl done


Dynamic libraries:
0x00007ff6ffca0000 - 0x00007ff6ffcb0000 	C:\Program Files\Java\jdk-17\bin\java.exe
0x00007ff90d540000 - 0x00007ff90d7a9000 	C:\WINDOWS\SYSTEM32\ntdll.dll
0x00007ff90c980000 - 0x00007ff90ca49000 	C:\WINDOWS\System32\KERNEL32.DLL
0x00007ff90a790000 - 0x00007ff90ab83000 	C:\WINDOWS\System32\KERNELBASE.dll
0x00007ff90ab90000 - 0x00007ff90acdb000 	C:\WINDOWS\System32\ucrtbase.dll
0x00007ff8ed150000 - 0x00007ff8ed16b000 	C:\Program Files\Java\jdk-17\bin\VCRUNTIME140.dll
0x00007ff8c9250000 - 0x00007ff8c9269000 	C:\Program Files\Java\jdk-17\bin\jli.dll
0x00007ff90c860000 - 0x00007ff90c914000 	C:\WINDOWS\System32\ADVAPI32.dll
0x00007ff90b8d0000 - 0x00007ff90b979000 	C:\WINDOWS\System32\msvcrt.dll
0x00007ff90c1d0000 - 0x00007ff90c276000 	C:\WINDOWS\System32\sechost.dll
0x00007ff90cc50000 - 0x00007ff90cd68000 	C:\WINDOWS\System32\RPCRT4.dll
0x00007ff90ce70000 - 0x00007ff90d034000 	C:\WINDOWS\System32\USER32.dll
0x00007ff90b170000 - 0x00007ff90b197000 	C:\WINDOWS\System32\win32u.dll
0x00007ff90d1e0000 - 0x00007ff90d20b000 	C:\WINDOWS\System32\GDI32.dll
0x00007ff90afb0000 - 0x00007ff90b0dd000 	C:\WINDOWS\System32\gdi32full.dll
0x00007ff90af00000 - 0x00007ff90afa3000 	C:\WINDOWS\System32\msvcp_win.dll
0x00007ff8f0640000 - 0x00007ff8f08d3000 	C:\WINDOWS\WinSxS\amd64_microsoft.windows.common-controls_6595b64144ccf1df_6.0.26100.5074_none_3e0d6f78e32fd63f\COMCTL32.dll
0x00007ff909f80000 - 0x00007ff909f8b000 	C:\WINDOWS\SYSTEM32\VERSION.dll
0x00007ff90cd70000 - 0x00007ff90cd9f000 	C:\WINDOWS\System32\IMM32.DLL
0x000000005a6b0000 - 0x000000005a6bd000 	C:\Program Files (x86)\360\360Safe\safemon\SafeWrapper.dll
0x00007ff9026b0000 - 0x00007ff9027b5000 	C:\Program Files (x86)\360\360Safe\safemon\libzdtp64.dll
0x00007ff90b9f0000 - 0x00007ff90c13d000 	C:\WINDOWS\System32\SHELL32.dll
0x00007ff90b1a0000 - 0x00007ff90b30c000 	C:\WINDOWS\System32\wintypes.dll
0x00007ff90c3e0000 - 0x00007ff90c75b000 	C:\WINDOWS\System32\combase.dll
0x00007ff90b980000 - 0x00007ff90b9e2000 	C:\WINDOWS\System32\SHLWAPI.dll
0x00007ff8ed770000 - 0x00007ff8ed77c000 	C:\Program Files\Java\jdk-17\bin\vcruntime140_1.dll
0x00007ff8b68b0000 - 0x00007ff8b693e000 	C:\Program Files\Java\jdk-17\bin\msvcp140.dll
0x00007ff825160000 - 0x00007ff825d40000 	C:\Program Files\Java\jdk-17\bin\server\jvm.dll
0x00007ff90d240000 - 0x00007ff90d248000 	C:\WINDOWS\System32\PSAPI.DLL
0x00007ff8f3260000 - 0x00007ff8f326a000 	C:\WINDOWS\SYSTEM32\WSOCK32.dll
0x00007ff8f7180000 - 0x00007ff8f71b5000 	C:\WINDOWS\SYSTEM32\WINMM.dll
0x00007ff90d480000 - 0x00007ff90d4f4000 	C:\WINDOWS\System32\WS2_32.dll
0x00007ff9093f0000 - 0x00007ff90940b000 	C:\WINDOWS\SYSTEM32\kernel.appcore.dll
0x00007ff8ed280000 - 0x00007ff8ed28a000 	C:\Program Files\Java\jdk-17\bin\jimage.dll
0x00007ff907ae0000 - 0x00007ff907d22000 	C:\WINDOWS\SYSTEM32\DBGHELP.DLL
0x00007ff90b310000 - 0x00007ff90b3e7000 	C:\WINDOWS\System32\OLEAUT32.dll
0x00007ff8e8cb0000 - 0x00007ff8e8ced000 	C:\WINDOWS\SYSTEM32\dbgcore.DLL
0x00007ff90ae60000 - 0x00007ff90aef9000 	C:\WINDOWS\System32\bcryptPrimitives.dll
0x00007ff900aa0000 - 0x00007ff900aae000 	C:\Program Files\Java\jdk-17\bin\instrument.dll
0x00007ff8c6ce0000 - 0x00007ff8c6d05000 	C:\Program Files\Java\jdk-17\bin\java.dll
0x00007ff8b4290000 - 0x00007ff8b4367000 	C:\Program Files\Java\jdk-17\bin\jsvml.dll
0x00007ff9082d0000 - 0x00007ff908b29000 	C:\WINDOWS\SYSTEM32\windows.storage.dll
0x00007ff90d0d0000 - 0x00007ff90d1c0000 	C:\WINDOWS\System32\SHCORE.dll
0x00007ff90a5f0000 - 0x00007ff90a619000 	C:\WINDOWS\SYSTEM32\profapi.dll
0x00007ff8c4170000 - 0x00007ff8c4188000 	C:\Program Files\Java\jdk-17\bin\zip.dll
0x00007ff8c7c00000 - 0x00007ff8c7c19000 	C:\Program Files\Java\jdk-17\bin\net.dll
0x00007ff900460000 - 0x00007ff90057f000 	C:\WINDOWS\SYSTEM32\WINHTTP.dll
0x00007ff909970000 - 0x00007ff9099db000 	C:\WINDOWS\system32\mswsock.dll
0x00007ff8c6cc0000 - 0x00007ff8c6cd6000 	C:\Program Files\Java\jdk-17\bin\nio.dll
0x00007ff9008e0000 - 0x00007ff9008fa000 	E:\IntelliJ IDEA Community Edition 2022.1.4\bin\breakgen64.dll
0x00007ff909c10000 - 0x00007ff909c2b000 	C:\WINDOWS\SYSTEM32\CRYPTSP.dll
0x00007ff909350000 - 0x00007ff90938b000 	C:\WINDOWS\system32\rsaenh.dll
0x00007ff909a10000 - 0x00007ff909a3b000 	C:\WINDOWS\SYSTEM32\USERENV.dll
0x00007ff90a5c0000 - 0x00007ff90a5e6000 	C:\WINDOWS\SYSTEM32\bcrypt.dll
0x00007ff909c30000 - 0x00007ff909c3c000 	C:\WINDOWS\SYSTEM32\CRYPTBASE.dll
0x00007ff909f90000 - 0x00007ff909fc4000 	C:\WINDOWS\SYSTEM32\IPHLPAPI.DLL
0x00007ff90d040000 - 0x00007ff90d04a000 	C:\WINDOWS\System32\NSI.dll
0x00007ff901270000 - 0x00007ff90128e000 	C:\WINDOWS\SYSTEM32\dhcpcsvc6.DLL
0x00007ff901240000 - 0x00007ff901263000 	C:\WINDOWS\SYSTEM32\dhcpcsvc.DLL
0x00007ff908f00000 - 0x00007ff909026000 	C:\WINDOWS\SYSTEM32\DNSAPI.dll
0x00007ff9008c0000 - 0x00007ff9008ce000 	C:\Program Files\Java\jdk-17\bin\sunmscapi.dll
0x00007ff90ace0000 - 0x00007ff90ae57000 	C:\WINDOWS\System32\CRYPT32.dll
0x00007ff909e30000 - 0x00007ff909e60000 	C:\WINDOWS\SYSTEM32\ncrypt.dll
0x00007ff909de0000 - 0x00007ff909e1f000 	C:\WINDOWS\SYSTEM32\NTASN1.dll
0x00007ff900a90000 - 0x00007ff900a9a000 	C:\Program Files\Java\jdk-17\bin\management.dll
0x00007ff9008d0000 - 0x00007ff9008db000 	C:\Program Files\Java\jdk-17\bin\management_ext.dll
0x00007ff8d5020000 - 0x00007ff8d5038000 	C:\WINDOWS\system32\napinsp.dll
0x00007ff8d5000000 - 0x00007ff8d5012000 	C:\WINDOWS\System32\winrnr.dll
0x00007ff8d4fd0000 - 0x00007ff8d4ff8000 	C:\WINDOWS\system32\nlansp_c.dll
0x00007ff8d4fb0000 - 0x00007ff8d4fc6000 	C:\WINDOWS\system32\wshbth.dll
0x00007ff8fd860000 - 0x00007ff8fd86b000 	C:\Windows\System32\rasadhlp.dll
0x00007ff901a30000 - 0x00007ff901ab6000 	C:\WINDOWS\System32\fwpuclnt.dll

dbghelp: loaded successfully - version: 4.0.5 - missing functions: none
symbol engine: initialized successfully - sym options: 0x614 - pdb path: .;C:\Program Files\Java\jdk-17\bin;C:\WINDOWS\SYSTEM32;C:\WINDOWS\WinSxS\amd64_microsoft.windows.common-controls_6595b64144ccf1df_6.0.26100.5074_none_3e0d6f78e32fd63f;C:\Program Files (x86)\360\360Safe\safemon;C:\Program Files\Java\jdk-17\bin\server;E:\IntelliJ IDEA Community Edition 2022.1.4\bin

VM Arguments:
jvm_args: -javaagent:E:\IntelliJ IDEA Community Edition 2022.1.4\lib\idea_rt.jar=31410:E:\IntelliJ IDEA Community Edition 2022.1.4\bin -Dfile.encoding=UTF-8 
java_command: com.univ.researchhub.ResearchHubApplication
java_class_path (initial): F:\UnivResearchManager\UnivResearchManager\target\classes;C:\Users\35254\.m2\repository\org\springframework\boot\spring-boot-starter-web\3.1.5\spring-boot-starter-web-3.1.5.jar;C:\Users\35254\.m2\repository\org\springframework\boot\spring-boot-starter\3.1.5\spring-boot-starter-3.1.5.jar;C:\Users\35254\.m2\repository\org\springframework\boot\spring-boot-starter-logging\3.1.5\spring-boot-starter-logging-3.1.5.jar;C:\Users\35254\.m2\repository\ch\qos\logback\logback-classic\1.4.11\logback-classic-1.4.11.jar;C:\Users\35254\.m2\repository\ch\qos\logback\logback-core\1.4.11\logback-core-1.4.11.jar;C:\Users\35254\.m2\repository\org\apache\logging\log4j\log4j-to-slf4j\2.20.0\log4j-to-slf4j-2.20.0.jar;C:\Users\35254\.m2\repository\org\apache\logging\log4j\log4j-api\2.20.0\log4j-api-2.20.0.jar;C:\Users\35254\.m2\repository\org\slf4j\jul-to-slf4j\2.0.9\jul-to-slf4j-2.0.9.jar;C:\Users\35254\.m2\repository\jakarta\annotation\jakarta.annotation-api\2.1.1\jakarta.annotation-api-2.1.1.jar;C:\Users\35254\.m2\repository\org\yaml\snakeyaml\1.33\snakeyaml-1.33.jar;C:\Users\35254\.m2\repository\org\springframework\boot\spring-boot-starter-json\3.1.5\spring-boot-starter-json-3.1.5.jar;C:\Users\35254\.m2\repository\com\fasterxml\jackson\datatype\jackson-datatype-jdk8\2.15.3\jackson-datatype-jdk8-2.15.3.jar;C:\Users\35254\.m2\repository\com\fasterxml\jackson\datatype\jackson-datatype-jsr310\2.15.3\jackson-datatype-jsr310-2.15.3.jar;C:\Users\35254\.m2\repository\com\fasterxml\jackson\module\jackson-module-parameter-names\2.15.3\jackson-module-parameter-names-2.15.3.jar;C:\Users\35254\.m2\repository\org\springframework\boot\spring-boot-starter-tomcat\3.1.5\spring-boot-starter-tomcat-3.1.5.jar;C:\Users\35254\.m2\repository\org\apache\tomcat\embed\tomcat-embed-core\10.1.15\tomcat-embed-core-10.1.15.jar;C:\Users\35254\.m2\repository\org\apache\tomcat\embed\tomcat-embed-websocket\10.1.15\tomcat-embed-websocket-10.1.15.jar;C:\Users\35254\.m2\repository\org\springframe
Launcher Type: SUN_STANDARD

[Global flags]
     intx CICompilerCount                          = 12                                        {product} {ergonomic}
     uint ConcGCThreads                            = 3                                         {product} {ergonomic}
     uint G1ConcRefinementThreads                  = 13                                        {product} {ergonomic}
   size_t G1HeapRegionSize                         = 2097152                                   {product} {ergonomic}
    uintx GCDrainStackTargetSize                   = 64                                        {product} {ergonomic}
   size_t InitialHeapSize                          = 264241152                                 {product} {ergonomic}
   size_t MarkStackSize                            = 4194304                                   {product} {ergonomic}
   size_t MaxHeapSize                              = 4223664128                                {product} {ergonomic}
   size_t MaxNewSize                               = 2533359616                                {product} {ergonomic}
   size_t MinHeapDeltaBytes                        = 2097152                                   {product} {ergonomic}
   size_t MinHeapSize                              = 8388608                                   {product} {ergonomic}
    uintx NonNMethodCodeHeapSize                   = 7602480                                {pd product} {ergonomic}
    uintx NonProfiledCodeHeapSize                  = 122027880                              {pd product} {ergonomic}
    uintx ProfiledCodeHeapSize                     = 122027880                              {pd product} {ergonomic}
    uintx ReservedCodeCacheSize                    = 251658240                              {pd product} {ergonomic}
     bool SegmentedCodeCache                       = true                                      {product} {ergonomic}
   size_t SoftMaxHeapSize                          = 4223664128                             {manageable} {ergonomic}
     bool UseCompressedClassPointers               = true                           {product lp64_product} {ergonomic}
     bool UseCompressedOops                        = true                           {product lp64_product} {ergonomic}
     bool UseG1GC                                  = true                                      {product} {ergonomic}
     bool UseLargePagesIndividualAllocation        = false                                  {pd product} {ergonomic}

Logging:
Log output configuration:
 #0: stdout all=warning uptime,level,tags
 #1: stderr all=off uptime,level,tags

Environment Variables:
JAVA_HOME=C:\Program Files\Java\jdk1.8.0_212
CLASSPATH=.;%JAVA_HOME%\lib;%JAVA_HOME%\lib\tools.jar
PATH=C:\Program Files\Eclipse Adoptium\jdk-17.0.15.6-hotspot\bin;C:\Program Files\Java\jdk1.8.0_212\bin;C:\Program Files\Common Files\Oracle\Java\javapath;C:\Program Files\nodejs\node_global\bin;E:\VMware虚拟机\bin\;C:;Program Files\Java\jdk-17\bin;C:\Windows\System32\HWAudioDriverLibs;C:\Windows\system32;C:\Windows;F:\download\mingw64\bin;C:\Windows\System32\Wbem;C:\Windows\System32\WindowsPowerShell\v1.0\;C:\Windows\System32\OpenSSH\;C:\Users\Administrator\AppData\Local\Microsoft\WindowsApps;C:\Windows\system32\config\systemprofile\AppData\Local\Microsoft\WindowsApps;C:\windows\system32\HWAudioDriver\;F:\download\微信开发者工具\微信Web开发者工具\dll;C:\Program Files (x86)\Windows Kits\10\Windows Performance Toolkit\;E:\微信web开发者;具\dll;F:\nodejs\node_modules;E:\maven\apache-maven-3.9.9\bin;F:\download\nvm;C:\Program Files\nodejs;C:\Program Files\nodejs\node_global;C:\Program Files\MySQL\MySQL Server 8.0\bin;F:\download\BlueWhale-3.31.3-Python38-win64\BlueWhale\bluewhale\Scripts;F:\download\BlueWhale-3.31.3-Python38-win64\BlueWhale\bluewhale\;F:\download\;C:\Program Files\Git\cmd;F:\download\anaconda\Scripts;F:\download\anaconda;F:\download\anaconda\Library\bin;C:\WINDOWS\system32;C:\WINDOWS;C:\WINDOWS\System32\Wbem;C:\WINDOWS\System32\WindowsPowerShell\v1.0\;C:\WINDOWS\System32\OpenSSH\;F:\download\miniconda\application\Scripts;F:\download\miniconda\application\condabin;F:\download\miniconda\application;F:\download\miniconda\application\Library\mingw-w64\bin;F:\download\miniconda\application\Library\usr\bin;F:\download\miniconda\application\Library\bin;F:\download\miniconda\application\Scripts;F:\download\anaconda\Scripts;E:\Proteus 8 Professional\python\Scripts\;E:\Proteus 8 Professional\python\;F:\download\anaconda;F:\download\anaconda\Library\bin;C:\Users\35254\AppData\Local\Microsoft\WindowsApps;E:\Microsoft VS Code\bin;E:\maven\apache-maven-3.9.9\bin;%JAVA_HOME\bin;C:\Users\35254\AppData\Local\Microsoft\WinGet\Packages\Schniz.fnm_Microsoft.Winget.Source_8wek
USERNAME=35254
OS=Windows_NT
PROCESSOR_IDENTIFIER=Intel64 Family 6 Model 154 Stepping 3, GenuineIntel



---------------  S Y S T E M  ---------------

OS:
 Windows 11 , 64 bit Build 26100 (10.0.26100.5074)
OS uptime: 1 days 4:22 hours

CPU: total 16 (initial active 16) (8 cores per cpu, 2 threads per core) family 6 model 154 stepping 3 microcode 0x420, cx8, cmov, fxsr, ht, mmx, 3dnowpref, sse, sse2, sse3, ssse3, sse4.1, sse4.2, popcnt, lzcnt, tsc, tscinvbit, avx, avx2, aes, erms, clmul, bmi1, bmi2, adx, sha, fma, vzeroupper, clflush, clflushopt, clwb

Memory: 4k page, system-wide physical 16108M (2155M free)
TotalPageFile size 16108M (AvailPageFile size 12M)
current process WorkingSet (physical memory assigned to process): 217M, peak: 220M
current process commit charge ("private bytes"): 265M, peak: 451M

vm_info: Java HotSpot(TM) 64-Bit Server VM (17.0.12+8-LTS-286) for windows-amd64 JRE (17.0.12+8-LTS-286), built on Jun  5 2024 06:46:59 by "mach5one" with MS VC++ 17.6 (VS2022)

END.
