#
# There is insufficient memory for the Java Runtime Environment to continue.
# Native memory allocation (mmap) failed to map 65536 bytes for Failed to commit metaspace.
# Possible reasons:
#   The system is out of physical RAM or swap space
#   The process is running with CompressedOops enabled, and the Java Heap may be blocking the growth of the native heap
# Possible solutions:
#   Reduce memory load on the system
#   Increase physical memory or swap space
#   Check if swap backing store is full
#   Decrease Java heap size (-Xmx/-Xms)
#   Decrease number of Java threads
#   Decrease Java thread stack sizes (-Xss)
#   Set larger code cache with -XX:ReservedCodeCacheSize=
#   JVM is running with Zero Based Compressed Oops mode in which the Java heap is
#     placed in the first 32GB address space. The Java Heap base address is the
#     maximum limit for the native heap growth. Please use -XX:HeapBaseMinAddress
#     to set the Java Heap base and to place the Java Heap above 32GB virtual address.
# This output file may be truncated or incomplete.
#
#  Out of Memory Error (virtualSpaceNode.cpp:110), pid=10344, tid=4912
#
# JRE version: Java(TM) SE Runtime Environment (17.0.12+8) (build 17.0.12+8-LTS-286)
# Java VM: Java HotSpot(TM) 64-Bit Server VM (17.0.12+8-LTS-286, mixed mode, sharing, tiered, compressed oops, compressed class ptrs, g1 gc, windows-amd64)
# No core dump will be written. Minidumps are not enabled by default on client versions of Windows
#

---------------  S U M M A R Y ------------

Command Line: -javaagent:E:\IntelliJ IDEA Community Edition 2022.1.4\lib\idea_rt.jar=21748:E:\IntelliJ IDEA Community Edition 2022.1.4\bin -Dfile.encoding=UTF-8 com.univ.researchhub.ResearchHubApplication

Host: 12th Gen Intel(R) Core(TM) i5-1240P, 16 cores, 15G,  Windows 11 , 64 bit Build 26100 (10.0.26100.7309)
Time: Wed Jan  7 21:31:37 2026  Windows 11 , 64 bit Build 26100 (10.0.26100.7309) elapsed time: 49.408749 seconds (0d 0h 0m 49s)

---------------  T H R E A D  ---------------

Current thread (0x000001cadc130300):  JavaThread "http-nio-8080-exec-1" daemon [_thread_in_vm, id=4912, stack(0x0000001ad5f00000,0x0000001ad6000000)]

Stack: [0x0000001ad5f00000,0x0000001ad6000000]
Native frames: (J=compiled Java code, j=interpreted, Vv=VM code, C=native code)
V  [jvm.dll+0x67a04a]
V  [jvm.dll+0x7da4ed]
V  [jvm.dll+0x7dbe33]
V  [jvm.dll+0x7dc4a3]
V  [jvm.dll+0x24508f]
V  [jvm.dll+0x7d60bb]
V  [jvm.dll+0x6206c6]
V  [jvm.dll+0x1bed07]
V  [jvm.dll+0x623022]
V  [jvm.dll+0x621086]
V  [jvm.dll+0x2429bc]
V  [jvm.dll+0x6d0a9d]
V  [jvm.dll+0x6d146f]
V  [jvm.dll+0x36e355]
V  [jvm.dll+0x36d404]
V  [jvm.dll+0x36d3a8]
V  [jvm.dll+0x37d0ca]
C  0x000001ca8746b766

Java frames: (J=compiled Java code, j=interpreted, Vv=VM code)
j  org.apache.ibatis.ognl.internal.HashMapCacheFactory.createClassCache(Lorg/apache/ibatis/ognl/internal/entry/ClassCacheEntryFactory;)Lorg/apache/ibatis/ognl/internal/ClassCache;+0
j  org.apache.ibatis.ognl.internal.HashMapCacheFactory.createClassCache()Lorg/apache/ibatis/ognl/internal/ClassCache;+2
j  org.apache.ibatis.ognl.OgnlCache.<init>()V+20
j  org.apache.ibatis.ognl.OgnlRuntime.<clinit>()V+466
v  ~StubRoutines::call_stub
j  org.apache.ibatis.scripting.xmltags.DynamicContext.<clinit>()V+9
v  ~StubRoutines::call_stub
j  org.apache.ibatis.scripting.xmltags.DynamicSqlSource.getBoundSql(Ljava/lang/Object;)Lorg/apache/ibatis/mapping/BoundSql;+0
j  org.apache.ibatis.mapping.MappedStatement.getBoundSql(Ljava/lang/Object;)Lorg/apache/ibatis/mapping/BoundSql;+5
j  org.apache.ibatis.executor.CachingExecutor.query(Lorg/apache/ibatis/mapping/MappedStatement;Ljava/lang/Object;Lorg/apache/ibatis/session/RowBounds;Lorg/apache/ibatis/session/ResultHandler;)Ljava/util/List;+2
j  org.apache.ibatis.session.defaults.DefaultSqlSession.selectList(Ljava/lang/String;Ljava/lang/Object;Lorg/apache/ibatis/session/RowBounds;Lorg/apache/ibatis/session/ResultHandler;)Ljava/util/List;+38
j  org.apache.ibatis.session.defaults.DefaultSqlSession.selectList(Ljava/lang/String;Ljava/lang/Object;Lorg/apache/ibatis/session/RowBounds;)Ljava/util/List;+7
j  org.apache.ibatis.session.defaults.DefaultSqlSession.selectList(Ljava/lang/String;Ljava/lang/Object;)Ljava/util/List;+6
v  ~StubRoutines::call_stub
J 5407  jdk.internal.reflect.NativeMethodAccessorImpl.invoke0(Ljava/lang/reflect/Method;Ljava/lang/Object;[Ljava/lang/Object;)Ljava/lang/Object; java.base@17.0.12 (0 bytes) @ 0x000001ca87ceff27 [0x000001ca87cefea0+0x0000000000000087]
J 5406 c1 jdk.internal.reflect.NativeMethodAccessorImpl.invoke(Ljava/lang/Object;[Ljava/lang/Object;)Ljava/lang/Object; java.base@17.0.12 (137 bytes) @ 0x000001ca809c8a6c [0x000001ca809c8060+0x0000000000000a0c]
J 4872 c1 jdk.internal.reflect.DelegatingMethodAccessorImpl.invoke(Ljava/lang/Object;[Ljava/lang/Object;)Ljava/lang/Object; java.base@17.0.12 (10 bytes) @ 0x000001ca8011474c [0x000001ca80114640+0x000000000000010c]
J 4956 c1 java.lang.reflect.Method.invoke(Ljava/lang/Object;[Ljava/lang/Object;)Ljava/lang/Object; java.base@17.0.12 (65 bytes) @ 0x000001ca808e83c4 [0x000001ca808e8080+0x0000000000000344]
j  org.mybatis.spring.SqlSessionTemplate$SqlSessionInterceptor.invoke(Ljava/lang/Object;Ljava/lang/reflect/Method;[Ljava/lang/Object;)Ljava/lang/Object;+30
j  jdk.proxy2.$Proxy65.selectList(Ljava/lang/String;Ljava/lang/Object;)Ljava/util/List;+20 jdk.proxy2
j  org.mybatis.spring.SqlSessionTemplate.selectList(Ljava/lang/String;Ljava/lang/Object;)Ljava/util/List;+6
j  com.baomidou.mybatisplus.core.override.MybatisMapperMethod.executeForMany(Lorg/apache/ibatis/session/SqlSession;[Ljava/lang/Object;)Ljava/lang/Object;+61
j  com.baomidou.mybatisplus.core.override.MybatisMapperMethod.execute(Lorg/apache/ibatis/session/SqlSession;[Ljava/lang/Object;)Ljava/lang/Object;+191
j  com.baomidou.mybatisplus.core.override.MybatisMapperProxy$PlainMethodInvoker.invoke(Ljava/lang/Object;Ljava/lang/reflect/Method;[Ljava/lang/Object;Lorg/apache/ibatis/session/SqlSession;)Ljava/lang/Object;+7
j  com.baomidou.mybatisplus.core.override.MybatisMapperProxy.invoke(Ljava/lang/Object;Ljava/lang/reflect/Method;[Ljava/lang/Object;)Ljava/lang/Object;+31
j  jdk.proxy2.$Proxy77.selectList(Lcom/baomidou/mybatisplus/core/conditions/Wrapper;)Ljava/util/List;+16 jdk.proxy2
j  com.univ.researchhub.service.impl.ProjectServiceImpl.getRecentProjects(I)Ljava/util/List;+35
v  ~StubRoutines::call_stub
J 5407  jdk.internal.reflect.NativeMethodAccessorImpl.invoke0(Ljava/lang/reflect/Method;Ljava/lang/Object;[Ljava/lang/Object;)Ljava/lang/Object; java.base@17.0.12 (0 bytes) @ 0x000001ca87ceff27 [0x000001ca87cefea0+0x0000000000000087]
J 5406 c1 jdk.internal.reflect.NativeMethodAccessorImpl.invoke(Ljava/lang/Object;[Ljava/lang/Object;)Ljava/lang/Object; java.base@17.0.12 (137 bytes) @ 0x000001ca809c8a6c [0x000001ca809c8060+0x0000000000000a0c]
J 4872 c1 jdk.internal.reflect.DelegatingMethodAccessorImpl.invoke(Ljava/lang/Object;[Ljava/lang/Object;)Ljava/lang/Object; java.base@17.0.12 (10 bytes) @ 0x000001ca8011474c [0x000001ca80114640+0x000000000000010c]
J 4956 c1 java.lang.reflect.Method.invoke(Ljava/lang/Object;[Ljava/lang/Object;)Ljava/lang/Object; java.base@17.0.12 (65 bytes) @ 0x000001ca808e83c4 [0x000001ca808e8080+0x0000000000000344]
j  org.springframework.aop.support.AopUtils.invokeJoinpointUsingReflection(Ljava/lang/Object;Ljava/lang/reflect/Method;[Ljava/lang/Object;)Ljava/lang/Object;+7
j  org.springframework.aop.framework.CglibAopProxy$DynamicAdvisedInterceptor.intercept(Ljava/lang/Object;Ljava/lang/reflect/Method;[Ljava/lang/Object;Lorg/springframework/cglib/proxy/MethodProxy;)Ljava/lang/Object;+96
j  com.univ.researchhub.service.impl.ProjectServiceImpl$$SpringCGLIB$$0.getRecentProjects(I)Ljava/util/List;+44
j  com.univ.researchhub.controller.ProjectController.getRecentProjects()Lorg/springframework/http/ResponseEntity;+5
v  ~StubRoutines::call_stub
J 5407  jdk.internal.reflect.NativeMethodAccessorImpl.invoke0(Ljava/lang/reflect/Method;Ljava/lang/Object;[Ljava/lang/Object;)Ljava/lang/Object; java.base@17.0.12 (0 bytes) @ 0x000001ca87ceff27 [0x000001ca87cefea0+0x0000000000000087]
J 5406 c1 jdk.internal.reflect.NativeMethodAccessorImpl.invoke(Ljava/lang/Object;[Ljava/lang/Object;)Ljava/lang/Object; java.base@17.0.12 (137 bytes) @ 0x000001ca809c8a6c [0x000001ca809c8060+0x0000000000000a0c]
J 4872 c1 jdk.internal.reflect.DelegatingMethodAccessorImpl.invoke(Ljava/lang/Object;[Ljava/lang/Object;)Ljava/lang/Object; java.base@17.0.12 (10 bytes) @ 0x000001ca8011474c [0x000001ca80114640+0x000000000000010c]
J 4956 c1 java.lang.reflect.Method.invoke(Ljava/lang/Object;[Ljava/lang/Object;)Ljava/lang/Object; java.base@17.0.12 (65 bytes) @ 0x000001ca808e83c4 [0x000001ca808e8080+0x0000000000000344]
j  org.springframework.web.method.support.InvocableHandlerMethod.doInvoke([Ljava/lang/Object;)Ljava/lang/Object;+29
j  org.springframework.web.method.support.InvocableHandlerMethod.invokeForRequest(Lorg/springframework/web/context/request/NativeWebRequest;Lorg/springframework/web/method/support/ModelAndViewContainer;[Ljava/lang/Object;)Ljava/lang/Object;+41
j  org.springframework.web.servlet.mvc.method.annotation.ServletInvocableHandlerMethod.invokeAndHandle(Lorg/springframework/web/context/request/ServletWebRequest;Lorg/springframework/web/method/support/ModelAndViewContainer;[Ljava/lang/Object;)V+4
j  org.springframework.web.servlet.mvc.method.annotation.RequestMappingHandlerAdapter.invokeHandlerMethod(Ljakarta/servlet/http/HttpServletRequest;Ljakarta/servlet/http/HttpServletResponse;Lorg/springframework/web/method/HandlerMethod;)Lorg/springframework/web/servlet/ModelAndView;+244
j  org.springframework.web.servlet.mvc.method.annotation.RequestMappingHandlerAdapter.handleInternal(Ljakarta/servlet/http/HttpServletRequest;Ljakarta/servlet/http/HttpServletResponse;Lorg/springframework/web/method/HandlerMethod;)Lorg/springframework/web/servlet/ModelAndView;+81
j  org.springframework.web.servlet.mvc.method.AbstractHandlerMethodAdapter.handle(Ljakarta/servlet/http/HttpServletRequest;Ljakarta/servlet/http/HttpServletResponse;Ljava/lang/Object;)Lorg/springframework/web/servlet/ModelAndView;+7
j  org.springframework.web.servlet.DispatcherServlet.doDispatch(Ljakarta/servlet/http/HttpServletRequest;Ljakarta/servlet/http/HttpServletResponse;)V+259
j  org.springframework.web.servlet.DispatcherServlet.doService(Ljakarta/servlet/http/HttpServletRequest;Ljakarta/servlet/http/HttpServletResponse;)V+242
j  org.springframework.web.servlet.FrameworkServlet.processRequest(Ljakarta/servlet/http/HttpServletRequest;Ljakarta/servlet/http/HttpServletResponse;)V+70
j  org.springframework.web.servlet.FrameworkServlet.doGet(Ljakarta/servlet/http/HttpServletRequest;Ljakarta/servlet/http/HttpServletResponse;)V+3
j  jakarta.servlet.http.HttpServlet.service(Ljakarta/servlet/http/HttpServletRequest;Ljakarta/servlet/http/HttpServletResponse;)V+35
j  org.springframework.web.servlet.FrameworkServlet.service(Ljakarta/servlet/http/HttpServletRequest;Ljakarta/servlet/http/HttpServletResponse;)V+20
j  jakarta.servlet.http.HttpServlet.service(Ljakarta/servlet/ServletRequest;Ljakarta/servlet/ServletResponse;)V+36
j  org.apache.catalina.core.ApplicationFilterChain.internalDoFilter(Ljakarta/servlet/ServletRequest;Ljakarta/servlet/ServletResponse;)V+305
j  org.apache.catalina.core.ApplicationFilterChain.doFilter(Ljakarta/servlet/ServletRequest;Ljakarta/servlet/ServletResponse;)V+99
j  org.apache.tomcat.websocket.server.WsFilter.doFilter(Ljakarta/servlet/ServletRequest;Ljakarta/servlet/ServletResponse;Ljakarta/servlet/FilterChain;)V+21
j  org.apache.catalina.core.ApplicationFilterChain.internalDoFilter(Ljakarta/servlet/ServletRequest;Ljakarta/servlet/ServletResponse;)V+135
j  org.apache.catalina.core.ApplicationFilterChain.doFilter(Ljakarta/servlet/ServletRequest;Ljakarta/servlet/ServletResponse;)V+99
j  org.springframework.web.filter.RequestContextFilter.doFilterInternal(Ljakarta/servlet/http/HttpServletRequest;Ljakarta/servlet/http/HttpServletResponse;Ljakarta/servlet/FilterChain;)V+21
j  org.springframework.web.filter.OncePerRequestFilter.doFilter(Ljakarta/servlet/ServletRequest;Ljakarta/servlet/ServletResponse;Ljakarta/servlet/FilterChain;)V+150
j  org.apache.catalina.core.ApplicationFilterChain.internalDoFilter(Ljakarta/servlet/ServletRequest;Ljakarta/servlet/ServletResponse;)V+135
j  org.apache.catalina.core.ApplicationFilterChain.doFilter(Ljakarta/servlet/ServletRequest;Ljakarta/servlet/ServletResponse;)V+99
j  org.springframework.web.filter.FormContentFilter.doFilterInternal(Ljakarta/servlet/http/HttpServletRequest;Ljakarta/servlet/http/HttpServletResponse;Ljakarta/servlet/FilterChain;)V+38
j  org.springframework.web.filter.OncePerRequestFilter.doFilter(Ljakarta/servlet/ServletRequest;Ljakarta/servlet/ServletResponse;Ljakarta/servlet/FilterChain;)V+150
j  org.apache.catalina.core.ApplicationFilterChain.internalDoFilter(Ljakarta/servlet/ServletRequest;Ljakarta/servlet/ServletResponse;)V+135
j  org.apache.catalina.core.ApplicationFilterChain.doFilter(Ljakarta/servlet/ServletRequest;Ljakarta/servlet/ServletResponse;)V+99
j  org.springframework.web.filter.CharacterEncodingFilter.doFilterInternal(Ljakarta/servlet/http/HttpServletRequest;Ljakarta/servlet/http/HttpServletResponse;Ljakarta/servlet/FilterChain;)V+53
j  org.springframework.web.filter.OncePerRequestFilter.doFilter(Ljakarta/servlet/ServletRequest;Ljakarta/servlet/ServletResponse;Ljakarta/servlet/FilterChain;)V+150
j  org.apache.catalina.core.ApplicationFilterChain.internalDoFilter(Ljakarta/servlet/ServletRequest;Ljakarta/servlet/ServletResponse;)V+135
j  org.apache.catalina.core.ApplicationFilterChain.doFilter(Ljakarta/servlet/ServletRequest;Ljakarta/servlet/ServletResponse;)V+99
j  org.apache.catalina.core.StandardWrapperValve.invoke(Lorg/apache/catalina/connector/Request;Lorg/apache/catalina/connector/Response;)V+514
j  org.apache.catalina.core.StandardContextValve.invoke(Lorg/apache/catalina/connector/Request;Lorg/apache/catalina/connector/Response;)V+169
j  org.apache.catalina.authenticator.AuthenticatorBase.invoke(Lorg/apache/catalina/connector/Request;Lorg/apache/catalina/connector/Response;)V+218
j  org.apache.catalina.core.StandardHostValve.invoke(Lorg/apache/catalina/connector/Request;Lorg/apache/catalina/connector/Response;)V+131
j  org.apache.catalina.valves.ErrorReportValve.invoke(Lorg/apache/catalina/connector/Request;Lorg/apache/catalina/connector/Response;)V+6
j  org.apache.catalina.core.StandardEngineValve.invoke(Lorg/apache/catalina/connector/Request;Lorg/apache/catalina/connector/Response;)V+59
j  org.apache.catalina.connector.CoyoteAdapter.service(Lorg/apache/coyote/Request;Lorg/apache/coyote/Response;)V+187
j  org.apache.coyote.http11.Http11Processor.service(Lorg/apache/tomcat/util/net/SocketWrapperBase;)Lorg/apache/tomcat/util/net/AbstractEndpoint$Handler$SocketState;+785
j  org.apache.coyote.AbstractProcessorLight.process(Lorg/apache/tomcat/util/net/SocketWrapperBase;Lorg/apache/tomcat/util/net/SocketEvent;)Lorg/apache/tomcat/util/net/AbstractEndpoint$Handler$SocketState;+152
j  org.apache.coyote.AbstractProtocol$ConnectionHandler.process(Lorg/apache/tomcat/util/net/SocketWrapperBase;Lorg/apache/tomcat/util/net/SocketEvent;)Lorg/apache/tomcat/util/net/AbstractEndpoint$Handler$SocketState;+482
j  org.apache.tomcat.util.net.NioEndpoint$SocketProcessor.doRun()V+249
j  org.apache.tomcat.util.net.SocketProcessorBase.run()V+32
j  org.apache.tomcat.util.threads.ThreadPoolExecutor.runWorker(Lorg/apache/tomcat/util/threads/ThreadPoolExecutor$Worker;)V+92
j  org.apache.tomcat.util.threads.ThreadPoolExecutor$Worker.run()V+5
j  org.apache.tomcat.util.threads.TaskThread$WrappingRunnable.run()V+4
j  java.lang.Thread.run()V+11 java.base@17.0.12
v  ~StubRoutines::call_stub

---------------  P R O C E S S  ---------------

Threads class SMR info:
_java_thread_list=0x000001cae0382900, length=29, elements={
0x000001ca950cfc90, 0x000001ca950d3880, 0x000001ca95b17430, 0x000001ca95b17910,
0x000001ca95b17ee0, 0x000001ca95b1c4c0, 0x000001ca95b1f1d0, 0x000001ca95b2b7e0,
0x000001ca95b2bd00, 0x000001ca95b10770, 0x000001cadb0a41e0, 0x000001cadb0a46c0,
0x000001cade4163e0, 0x000001cadddf5030, 0x000001cadee87800, 0x000001cadc12e9b0,
0x000001cadc130300, 0x000001cadc12f8e0, 0x000001cadc12fdf0, 0x000001cadc12f3d0,
0x000001cadc12cb50, 0x000001cadc12e4a0, 0x000001cadc12d060, 0x000001cadc12eec0,
0x000001cadf62b140, 0x000001cadf62b650, 0x000001cadf62bb60, 0x000001cadf62c580,
0x000001cadf62a210
}

Java Threads: ( => current thread )
  0x000001ca950cfc90 JavaThread "Reference Handler" daemon [_thread_blocked, id=25104, stack(0x0000001ad3600000,0x0000001ad3700000)]
  0x000001ca950d3880 JavaThread "Finalizer" daemon [_thread_blocked, id=23072, stack(0x0000001ad3700000,0x0000001ad3800000)]
  0x000001ca95b17430 JavaThread "Signal Dispatcher" daemon [_thread_blocked, id=14152, stack(0x0000001ad3800000,0x0000001ad3900000)]
  0x000001ca95b17910 JavaThread "Attach Listener" daemon [_thread_blocked, id=8312, stack(0x0000001ad3900000,0x0000001ad3a00000)]
  0x000001ca95b17ee0 JavaThread "Service Thread" daemon [_thread_blocked, id=24760, stack(0x0000001ad3a00000,0x0000001ad3b00000)]
  0x000001ca95b1c4c0 JavaThread "Monitor Deflation Thread" daemon [_thread_blocked, id=18544, stack(0x0000001ad3b00000,0x0000001ad3c00000)]
  0x000001ca95b1f1d0 JavaThread "C2 CompilerThread0" daemon [_thread_blocked, id=7020, stack(0x0000001ad3c00000,0x0000001ad3d00000)]
  0x000001ca95b2b7e0 JavaThread "C1 CompilerThread0" daemon [_thread_blocked, id=25624, stack(0x0000001ad3d00000,0x0000001ad3e00000)]
  0x000001ca95b2bd00 JavaThread "Sweeper thread" daemon [_thread_blocked, id=24944, stack(0x0000001ad3e00000,0x0000001ad3f00000)]
  0x000001ca95b10770 JavaThread "Common-Cleaner" daemon [_thread_blocked, id=10616, stack(0x0000001ad3f00000,0x0000001ad4000000)]
  0x000001cadb0a41e0 JavaThread "Monitor Ctrl-Break" daemon [_thread_in_native, id=23856, stack(0x0000001ad4400000,0x0000001ad4500000)]
  0x000001cadb0a46c0 JavaThread "Notification Thread" daemon [_thread_blocked, id=23744, stack(0x0000001ad4500000,0x0000001ad4600000)]
  0x000001cade4163e0 JavaThread "Catalina-utility-1" [_thread_blocked, id=14428, stack(0x0000001ad5900000,0x0000001ad5a00000)]
  0x000001cadddf5030 JavaThread "Catalina-utility-2" [_thread_blocked, id=15224, stack(0x0000001ad5a00000,0x0000001ad5b00000)]
  0x000001cadee87800 JavaThread "container-0" [_thread_blocked, id=1272, stack(0x0000001ad5b00000,0x0000001ad5c00000)]
  0x000001cadc12e9b0 JavaThread "mysql-cj-abandoned-connection-cleanup" daemon [_thread_blocked, id=4452, stack(0x0000001ad5c00000,0x0000001ad5d00000)]
=>0x000001cadc130300 JavaThread "http-nio-8080-exec-1" daemon [_thread_in_vm, id=4912, stack(0x0000001ad5f00000,0x0000001ad6000000)]
  0x000001cadc12f8e0 JavaThread "http-nio-8080-exec-2" daemon [_thread_blocked, id=7156, stack(0x0000001ad6000000,0x0000001ad6100000)]
  0x000001cadc12fdf0 JavaThread "http-nio-8080-exec-3" daemon [_thread_blocked, id=15992, stack(0x0000001ad6100000,0x0000001ad6200000)]
  0x000001cadc12f3d0 JavaThread "http-nio-8080-exec-4" daemon [_thread_blocked, id=6736, stack(0x0000001ad6200000,0x0000001ad6300000)]
  0x000001cadc12cb50 JavaThread "http-nio-8080-exec-5" daemon [_thread_blocked, id=24364, stack(0x0000001ad6300000,0x0000001ad6400000)]
  0x000001cadc12e4a0 JavaThread "http-nio-8080-exec-6" daemon [_thread_blocked, id=808, stack(0x0000001ad6400000,0x0000001ad6500000)]
  0x000001cadc12d060 JavaThread "http-nio-8080-exec-7" daemon [_thread_blocked, id=4264, stack(0x0000001ad6500000,0x0000001ad6600000)]
  0x000001cadc12eec0 JavaThread "http-nio-8080-exec-8" daemon [_thread_blocked, id=13928, stack(0x0000001ad6600000,0x0000001ad6700000)]
  0x000001cadf62b140 JavaThread "http-nio-8080-exec-9" daemon [_thread_blocked, id=17016, stack(0x0000001ad6700000,0x0000001ad6800000)]
  0x000001cadf62b650 JavaThread "http-nio-8080-exec-10" daemon [_thread_blocked, id=26292, stack(0x0000001ad6800000,0x0000001ad6900000)]
  0x000001cadf62bb60 JavaThread "http-nio-8080-Poller" daemon [_thread_blocked, id=20828, stack(0x0000001ad6900000,0x0000001ad6a00000)]
  0x000001cadf62c580 JavaThread "http-nio-8080-Acceptor" daemon [_thread_in_native, id=24276, stack(0x0000001ad6a00000,0x0000001ad6b00000)]
  0x000001cadf62a210 JavaThread "DestroyJavaVM" [_thread_blocked, id=9540, stack(0x0000001ad2f00000,0x0000001ad3000000)]

Other Threads:
  0x000001ca950cc1f0 VMThread "VM Thread" [stack: 0x0000001ad3500000,0x0000001ad3600000] [id=7604] _threads_hazard_ptr=0x000001cae0382900
  0x000001cadb1f1c80 WatcherThread [stack: 0x0000001ad4600000,0x0000001ad4700000] [id=25124]
  0x000001caf18d5590 GCTaskThread "GC Thread#0" [stack: 0x0000001ad3000000,0x0000001ad3100000] [id=7508]
  0x000001cadb9da240 GCTaskThread "GC Thread#1" [stack: 0x0000001ad4700000,0x0000001ad4800000] [id=14536]
  0x000001cadb9c5b60 GCTaskThread "GC Thread#2" [stack: 0x0000001ad4800000,0x0000001ad4900000] [id=12772]
  0x000001cadb9c5e20 GCTaskThread "GC Thread#3" [stack: 0x0000001ad4900000,0x0000001ad4a00000] [id=25776]
  0x000001cadb9c60e0 GCTaskThread "GC Thread#4" [stack: 0x0000001ad4a00000,0x0000001ad4b00000] [id=22292]
  0x000001cadb9c63a0 GCTaskThread "GC Thread#5" [stack: 0x0000001ad4b00000,0x0000001ad4c00000] [id=24328]
  0x000001cadc3391e0 GCTaskThread "GC Thread#6" [stack: 0x0000001ad4e00000,0x0000001ad4f00000] [id=2276]
  0x000001cadbacfb50 GCTaskThread "GC Thread#7" [stack: 0x0000001ad4f00000,0x0000001ad5000000] [id=4020]
  0x000001cadbb3b1d0 GCTaskThread "GC Thread#8" [stack: 0x0000001ad5000000,0x0000001ad5100000] [id=11644]
  0x000001cadc5bc4c0 GCTaskThread "GC Thread#9" [stack: 0x0000001ad5300000,0x0000001ad5400000] [id=25744]
  0x000001cadc5bb9c0 GCTaskThread "GC Thread#10" [stack: 0x0000001ad5400000,0x0000001ad5500000] [id=26380]
  0x000001cadc5bc780 GCTaskThread "GC Thread#11" [stack: 0x0000001ad5500000,0x0000001ad5600000] [id=25584]
  0x000001cadc5baec0 GCTaskThread "GC Thread#12" [stack: 0x0000001ad5600000,0x0000001ad5700000] [id=22848]
  0x000001caf18e7210 ConcurrentGCThread "G1 Main Marker" [stack: 0x0000001ad3100000,0x0000001ad3200000] [id=24592]
  0x000001caf18e9640 ConcurrentGCThread "G1 Conc#0" [stack: 0x0000001ad3200000,0x0000001ad3300000] [id=19604]
  0x000001cadc5bb700 ConcurrentGCThread "G1 Conc#1" [stack: 0x0000001ad5700000,0x0000001ad5800000] [id=8524]
  0x000001cadc5bac00 ConcurrentGCThread "G1 Conc#2" [stack: 0x0000001ad5800000,0x0000001ad5900000] [id=13264]
  0x000001ca95001730 ConcurrentGCThread "G1 Refine#0" [stack: 0x0000001ad3300000,0x0000001ad3400000] [id=9536]
  0x000001ca95001c10 ConcurrentGCThread "G1 Service" [stack: 0x0000001ad3400000,0x0000001ad3500000] [id=14816]

Threads with active compile tasks:

VM state: synchronizing (normal execution)

VM Mutex/Monitor currently owned by a thread:  ([mutex/lock_event])
[0x000001caefccee80] Metaspace_lock - owner thread: 0x000001cadc130300
[0x000001caf1866310] Threads_lock - owner thread: 0x000001ca950cc1f0

Heap address: 0x0000000704400000, size: 4028 MB, Compressed Oops mode: Zero based, Oop shift amount: 3

CDS archive(s) mapped at: [0x000001ca96000000-0x000001ca96bd0000-0x000001ca96bd0000), size 12386304, SharedBaseAddress: 0x000001ca96000000, ArchiveRelocationMode: 1.
Compressed class space mapped at: 0x000001ca97000000-0x000001cad7000000, reserved size: 1073741824
Narrow klass base: 0x000001ca96000000, Narrow klass shift: 0, Narrow klass range: 0x100000000

GC Precious Log:
 CPUs: 16 total, 16 available
 Memory: 16108M
 Large Page Support: Disabled
 NUMA Support: Disabled
 Compressed Oops: Enabled (Zero based)
 Heap Region Size: 2M
 Heap Min Capacity: 8M
 Heap Initial Capacity: 252M
 Heap Max Capacity: 4028M
 Pre-touch: Disabled
 Parallel Workers: 13
 Concurrent Workers: 3
 Concurrent Refinement Workers: 13
 Periodic GC: Disabled

Heap:
 garbage-first heap   total 75776K, used 43137K [0x0000000704400000, 0x0000000800000000)
  region size 2048K, 15 young (30720K), 2 survivors (4096K)
 Metaspace       used 39586K, committed 40064K, reserved 1114112K
  class space    used 5003K, committed 5248K, reserved 1048576K

Heap Regions: E=young(eden), S=young(survivor), O=old, HS=humongous(starts), HC=humongous(continues), CS=collection set, F=free, OA=open archive, CA=closed archive, TAMS=top-at-mark-start (previous, next)
|   0|0x0000000704400000, 0x0000000704600000, 0x0000000704600000|100%| O|  |TAMS 0x0000000704600000, 0x0000000704400000| Untracked 
|   1|0x0000000704600000, 0x0000000704800000, 0x0000000704800000|100%| O|  |TAMS 0x0000000704800000, 0x0000000704600000| Untracked 
|   2|0x0000000704800000, 0x00000007048ea000, 0x0000000704a00000| 45%| O|  |TAMS 0x00000007048ea000, 0x0000000704800000| Untracked 
|   3|0x0000000704a00000, 0x0000000704c00000, 0x0000000704c00000|100%| O|  |TAMS 0x0000000704c00000, 0x0000000704a00000| Untracked 
|   4|0x0000000704c00000, 0x0000000704e00000, 0x0000000704e00000|100%| O|  |TAMS 0x0000000704e00000, 0x0000000704c00000| Untracked 
|   5|0x0000000704e00000, 0x0000000705000000, 0x0000000705000000|100%| O|  |TAMS 0x0000000705000000, 0x0000000704e00000| Untracked 
|   6|0x0000000705000000, 0x0000000705200000, 0x0000000705200000|100%| O|  |TAMS 0x0000000705200000, 0x0000000705000000| Untracked 
|   7|0x0000000705200000, 0x0000000705400000, 0x0000000705400000|100%| O|  |TAMS 0x0000000705400000, 0x0000000705200000| Untracked 
|   8|0x0000000705400000, 0x0000000705400000, 0x0000000705600000|  0%| F|  |TAMS 0x0000000705400000, 0x0000000705400000| Untracked 
|   9|0x0000000705600000, 0x0000000705600000, 0x0000000705800000|  0%| F|  |TAMS 0x0000000705600000, 0x0000000705600000| Untracked 
|  10|0x0000000705800000, 0x0000000705800000, 0x0000000705a00000|  0%| F|  |TAMS 0x0000000705800000, 0x0000000705800000| Untracked 
|  11|0x0000000705a00000, 0x0000000705a00000, 0x0000000705c00000|  0%| F|  |TAMS 0x0000000705a00000, 0x0000000705a00000| Untracked 
|  12|0x0000000705c00000, 0x0000000705c00000, 0x0000000705e00000|  0%| F|  |TAMS 0x0000000705c00000, 0x0000000705c00000| Untracked 
|  13|0x0000000705e00000, 0x0000000705e00000, 0x0000000706000000|  0%| F|  |TAMS 0x0000000705e00000, 0x0000000705e00000| Untracked 
|  14|0x0000000706000000, 0x0000000706000000, 0x0000000706200000|  0%| F|  |TAMS 0x0000000706000000, 0x0000000706000000| Untracked 
|  15|0x0000000706200000, 0x0000000706200000, 0x0000000706400000|  0%| F|  |TAMS 0x0000000706200000, 0x0000000706200000| Untracked 
|  16|0x0000000706400000, 0x0000000706400000, 0x0000000706600000|  0%| F|  |TAMS 0x0000000706400000, 0x0000000706400000| Untracked 
|  17|0x0000000706600000, 0x0000000706600000, 0x0000000706800000|  0%| F|  |TAMS 0x0000000706600000, 0x0000000706600000| Untracked 
|  18|0x0000000706800000, 0x0000000706800000, 0x0000000706a00000|  0%| F|  |TAMS 0x0000000706800000, 0x0000000706800000| Untracked 
|  19|0x0000000706a00000, 0x0000000706a00000, 0x0000000706c00000|  0%| F|  |TAMS 0x0000000706a00000, 0x0000000706a00000| Untracked 
|  20|0x0000000706c00000, 0x0000000706c00000, 0x0000000706e00000|  0%| F|  |TAMS 0x0000000706c00000, 0x0000000706c00000| Untracked 
|  21|0x0000000706e00000, 0x0000000706e00000, 0x0000000707000000|  0%| F|  |TAMS 0x0000000706e00000, 0x0000000706e00000| Untracked 
|  22|0x0000000707000000, 0x0000000707129ed0, 0x0000000707200000| 58%| E|  |TAMS 0x0000000707000000, 0x0000000707000000| Complete 
|  23|0x0000000707200000, 0x0000000707400000, 0x0000000707400000|100%| E|CS|TAMS 0x0000000707200000, 0x0000000707200000| Complete 
|  24|0x0000000707400000, 0x0000000707600000, 0x0000000707600000|100%| E|CS|TAMS 0x0000000707400000, 0x0000000707400000| Complete 
|  25|0x0000000707600000, 0x0000000707800000, 0x0000000707800000|100%| E|CS|TAMS 0x0000000707600000, 0x0000000707600000| Complete 
|  26|0x0000000707800000, 0x0000000707a00000, 0x0000000707a00000|100%| E|CS|TAMS 0x0000000707800000, 0x0000000707800000| Complete 
|  27|0x0000000707a00000, 0x0000000707c00000, 0x0000000707c00000|100%| E|CS|TAMS 0x0000000707a00000, 0x0000000707a00000| Complete 
|  28|0x0000000707c00000, 0x0000000707e00000, 0x0000000707e00000|100%| E|CS|TAMS 0x0000000707c00000, 0x0000000707c00000| Complete 
|  29|0x0000000707e00000, 0x0000000708000000, 0x0000000708000000|100%| E|CS|TAMS 0x0000000707e00000, 0x0000000707e00000| Complete 
|  30|0x0000000708000000, 0x0000000708200000, 0x0000000708200000|100%| E|CS|TAMS 0x0000000708000000, 0x0000000708000000| Complete 
|  31|0x0000000708200000, 0x0000000708400000, 0x0000000708400000|100%| E|CS|TAMS 0x0000000708200000, 0x0000000708200000| Complete 
|  32|0x0000000708400000, 0x0000000708600000, 0x0000000708600000|100%| E|CS|TAMS 0x0000000708400000, 0x0000000708400000| Complete 
|  33|0x0000000708600000, 0x0000000708800000, 0x0000000708800000|100%| E|CS|TAMS 0x0000000708600000, 0x0000000708600000| Complete 
|  68|0x000000070cc00000, 0x000000070cd366d0, 0x000000070ce00000| 60%| S|CS|TAMS 0x000000070cc00000, 0x000000070cc00000| Complete 
|  69|0x000000070ce00000, 0x000000070d000000, 0x000000070d000000|100%| S|CS|TAMS 0x000000070ce00000, 0x000000070ce00000| Complete 
| 125|0x0000000713e00000, 0x0000000714000000, 0x0000000714000000|100%| E|CS|TAMS 0x0000000713e00000, 0x0000000713e00000| Complete 

Card table byte_map: [0x000001cafac10000,0x000001cafb3f0000] _byte_map_base: 0x000001caf73ee000

Marking Bits (Prev, Next): (CMBitMap*) 0x000001caf18d6bc0, (CMBitMap*) 0x000001caf18d6c00
 Prev Bits: [0x000001cafbbd0000, 0x000001caffac0000)
 Next Bits: [0x000001ca8f000000, 0x000001ca92ef0000)

Polling page: 0x000001caefea0000

Metaspace:

Usage:
  Non-class:     33.77 MB used.
      Class:      4.89 MB used.
       Both:     38.66 MB used.

Virtual space:
  Non-class space:       64.00 MB reserved,      34.00 MB ( 53%) committed,  1 nodes.
      Class space:        1.00 GB reserved,       5.12 MB ( <1%) committed,  1 nodes.
             Both:        1.06 GB reserved,      39.12 MB (  4%) committed. 

Chunk freelists:
   Non-Class:  13.30 MB
       Class:  10.91 MB
        Both:  24.20 MB

MaxMetaspaceSize: unlimited
CompressedClassSpaceSize: 1.00 GB
Initial GC threshold: 21.00 MB
Current GC threshold: 58.69 MB
CDS: on
MetaspaceReclaimPolicy: balanced
 - commit_granule_bytes: 65536.
 - commit_granule_words: 8192.
 - virtual_space_node_default_size: 8388608.
 - enlarge_chunks_in_place: 1.
 - new_chunks_are_fully_committed: 0.
 - uncommit_free_chunks: 1.
 - use_allocation_guard: 0.
 - handle_deallocations: 1.


Internal statistics:

num_allocs_failed_limit: 6.
num_arena_births: 644.
num_arena_deaths: 0.
num_vsnodes_births: 2.
num_vsnodes_deaths: 0.
num_space_committed: 626.
num_space_uncommitted: 0.
num_chunks_returned_to_freelist: 6.
num_chunks_taken_from_freelist: 2053.
num_chunk_merges: 6.
num_chunk_splits: 1404.
num_chunks_enlarged: 1015.
num_inconsistent_stats: 0.

CodeHeap 'non-profiled nmethods': size=119168Kb used=3333Kb max_used=3333Kb free=115834Kb
 bounds [0x000001ca87ba0000, 0x000001ca87ef0000, 0x000001ca8f000000]
CodeHeap 'profiled nmethods': size=119104Kb used=10158Kb max_used=10158Kb free=108945Kb
 bounds [0x000001ca80000000, 0x000001ca809f0000, 0x000001ca87450000]
CodeHeap 'non-nmethods': size=7488Kb used=1250Kb max_used=3003Kb free=6238Kb
 bounds [0x000001ca87450000, 0x000001ca87740000, 0x000001ca87ba0000]
 total_blobs=5343 nmethods=4783 adapters=472
 compilation: enabled
              stopped_count=0, restarted_count=0
 full_count=0

Compilation events (20 events):
Event: 46.307 Thread 0x000001ca95b2b7e0 5463       3       org.springframework.core.annotation.AnnotationTypeMapping::processAliases (199 bytes)
Event: 46.307 Thread 0x000001ca95b1f1d0 5470       4       sun.reflect.generics.parser.SignatureParser::parsePackageNameAndSimpleClassTypeSignature (119 bytes)
Event: 46.307 Thread 0x000001ca95b2b7e0 nmethod 5463 0x000001ca809e1a10 code [0x000001ca809e1ca0, 0x000001ca809e2ab8]
Event: 46.307 Thread 0x000001ca95b2b7e0 5468       3       org.springframework.core.annotation.AnnotationTypeMapping::resolveAliasedForTargets (89 bytes)
Event: 46.308 Thread 0x000001ca95b2b7e0 nmethod 5468 0x000001ca809e3110 code [0x000001ca809e3380, 0x000001ca809e40d8]
Event: 46.308 Thread 0x000001ca95b2b7e0 5469       3       org.springframework.core.annotation.AnnotationTypeMapping::processAliases (70 bytes)
Event: 46.308 Thread 0x000001ca95b2b7e0 nmethod 5469 0x000001ca809e4510 code [0x000001ca809e4760, 0x000001ca809e5318]
Event: 46.308 Thread 0x000001ca95b2b7e0 5464   !   3       org.springframework.core.annotation.AnnotationTypeMappings::addIfPossible (66 bytes)
Event: 46.308 Thread 0x000001ca95b2b7e0 nmethod 5464 0x000001ca809e5790 code [0x000001ca809e5a40, 0x000001ca809e69f8]
Event: 46.308 Thread 0x000001ca95b2b7e0 5465       3       org.springframework.core.annotation.AnnotationTypeMapping::<init> (189 bytes)
Event: 46.309 Thread 0x000001ca95b2b7e0 nmethod 5465 0x000001ca809e6f10 code [0x000001ca809e7280, 0x000001ca809e8d18]
Event: 46.309 Thread 0x000001ca95b2b7e0 5466       3       org.springframework.core.annotation.AnnotationTypeMapping::merge (46 bytes)
Event: 46.309 Thread 0x000001ca95b2b7e0 nmethod 5466 0x000001ca809e9490 code [0x000001ca809e96e0, 0x000001ca809ea168]
Event: 46.309 Thread 0x000001ca95b2b7e0 5467       3       org.springframework.core.annotation.AnnotationTypeMapping$MirrorSets::<init> (31 bytes)
Event: 46.309 Thread 0x000001ca95b2b7e0 nmethod 5467 0x000001ca809ea510 code [0x000001ca809ea6c0, 0x000001ca809eaa98]
Event: 46.311 Thread 0x000001ca95b2b7e0 5472       3       java.lang.invoke.InvokerBytecodeGenerator::classData (170 bytes)
Event: 46.312 Thread 0x000001ca95b2b7e0 nmethod 5472 0x000001ca809eac10 code [0x000001ca809eaea0, 0x000001ca809ebc28]
Event: 46.324 Thread 0x000001ca95b2b7e0 5473       3       java.lang.invoke.MethodHandle::bindArgumentL (10 bytes)
Event: 46.324 Thread 0x000001ca95b2b7e0 nmethod 5473 0x000001ca809ebf90 code [0x000001ca809ec180, 0x000001ca809ec808]
Event: 47.363 Thread 0x000001ca95b1f1d0 nmethod 5470 0x000001ca87edd710 code [0x000001ca87edda20, 0x000001ca87ee0290]

GC Heap History (20 events):
Event: 0.529 GC heap before
{Heap before GC invocations=0 (full 0):
 garbage-first heap   total 258048K, used 20480K [0x0000000704400000, 0x0000000800000000)
  region size 2048K, 11 young (22528K), 0 survivors (0K)
 Metaspace       used 6157K, committed 6400K, reserved 1114112K
  class space    used 720K, committed 832K, reserved 1048576K
}
Event: 0.532 GC heap after
{Heap after GC invocations=1 (full 0):
 garbage-first heap   total 258048K, used 5316K [0x0000000704400000, 0x0000000800000000)
  region size 2048K, 2 young (4096K), 2 survivors (4096K)
 Metaspace       used 6157K, committed 6400K, reserved 1114112K
  class space    used 720K, committed 832K, reserved 1048576K
}
Event: 0.894 GC heap before
{Heap before GC invocations=1 (full 0):
 garbage-first heap   total 258048K, used 31940K [0x0000000704400000, 0x0000000800000000)
  region size 2048K, 15 young (30720K), 2 survivors (4096K)
 Metaspace       used 12202K, committed 12416K, reserved 1114112K
  class space    used 1627K, committed 1728K, reserved 1048576K
}
Event: 0.897 GC heap after
{Heap after GC invocations=2 (full 0):
 garbage-first heap   total 258048K, used 7358K [0x0000000704400000, 0x0000000800000000)
  region size 2048K, 1 young (2048K), 1 survivors (2048K)
 Metaspace       used 12202K, committed 12416K, reserved 1114112K
  class space    used 1627K, committed 1728K, reserved 1048576K
}
Event: 1.677 GC heap before
{Heap before GC invocations=2 (full 0):
 garbage-first heap   total 258048K, used 58558K [0x0000000704400000, 0x0000000800000000)
  region size 2048K, 27 young (55296K), 1 survivors (2048K)
 Metaspace       used 21268K, committed 21504K, reserved 1114112K
  class space    used 2689K, committed 2816K, reserved 1048576K
}
Event: 1.689 GC heap after
{Heap after GC invocations=3 (full 0):
 garbage-first heap   total 258048K, used 11131K [0x0000000704400000, 0x0000000800000000)
  region size 2048K, 3 young (6144K), 3 survivors (6144K)
 Metaspace       used 21268K, committed 21504K, reserved 1114112K
  class space    used 2689K, committed 2816K, reserved 1048576K
}
Event: 2.227 GC heap before
{Heap before GC invocations=4 (full 0):
 garbage-first heap   total 49152K, used 33659K [0x0000000704400000, 0x0000000800000000)
  region size 2048K, 14 young (28672K), 3 survivors (6144K)
 Metaspace       used 25128K, committed 25472K, reserved 1114112K
  class space    used 3253K, committed 3392K, reserved 1048576K
}
Event: 2.232 GC heap after
{Heap after GC invocations=5 (full 0):
 garbage-first heap   total 49152K, used 13281K [0x0000000704400000, 0x0000000800000000)
  region size 2048K, 2 young (4096K), 2 survivors (4096K)
 Metaspace       used 25128K, committed 25472K, reserved 1114112K
  class space    used 3253K, committed 3392K, reserved 1048576K
}
Event: 2.278 GC heap before
{Heap before GC invocations=5 (full 0):
 garbage-first heap   total 49152K, used 15329K [0x0000000704400000, 0x0000000800000000)
  region size 2048K, 3 young (6144K), 2 survivors (4096K)
 Metaspace       used 25333K, committed 25664K, reserved 1114112K
  class space    used 3290K, committed 3456K, reserved 1048576K
}
Event: 2.282 GC heap after
{Heap after GC invocations=6 (full 0):
 garbage-first heap   total 49152K, used 13764K [0x0000000704400000, 0x0000000800000000)
  region size 2048K, 1 young (2048K), 1 survivors (2048K)
 Metaspace       used 25333K, committed 25664K, reserved 1114112K
  class space    used 3290K, committed 3456K, reserved 1048576K
}
Event: 2.818 GC heap before
{Heap before GC invocations=6 (full 0):
 garbage-first heap   total 49152K, used 30148K [0x0000000704400000, 0x0000000800000000)
  region size 2048K, 9 young (18432K), 1 survivors (2048K)
 Metaspace       used 29341K, committed 29760K, reserved 1114112K
  class space    used 3766K, committed 3968K, reserved 1048576K
}
Event: 2.827 GC heap after
{Heap after GC invocations=7 (full 0):
 garbage-first heap   total 49152K, used 15333K [0x0000000704400000, 0x0000000800000000)
  region size 2048K, 2 young (4096K), 2 survivors (4096K)
 Metaspace       used 29341K, committed 29760K, reserved 1114112K
  class space    used 3766K, committed 3968K, reserved 1048576K
}
Event: 3.381 GC heap before
{Heap before GC invocations=7 (full 0):
 garbage-first heap   total 49152K, used 31717K [0x0000000704400000, 0x0000000800000000)
  region size 2048K, 10 young (20480K), 2 survivors (4096K)
 Metaspace       used 33545K, committed 34048K, reserved 1114112K
  class space    used 4311K, committed 4544K, reserved 1048576K
}
Event: 3.382 GC heap after
{Heap after GC invocations=8 (full 0):
 garbage-first heap   total 49152K, used 16453K [0x0000000704400000, 0x0000000800000000)
  region size 2048K, 2 young (4096K), 2 survivors (4096K)
 Metaspace       used 33545K, committed 34048K, reserved 1114112K
  class space    used 4311K, committed 4544K, reserved 1048576K
}
Event: 3.596 GC heap before
{Heap before GC invocations=8 (full 0):
 garbage-first heap   total 49152K, used 32837K [0x0000000704400000, 0x0000000800000000)
  region size 2048K, 10 young (20480K), 2 survivors (4096K)
 Metaspace       used 34527K, committed 35008K, reserved 1114112K
  class space    used 4393K, committed 4608K, reserved 1048576K
}
Event: 3.599 GC heap after
{Heap after GC invocations=9 (full 0):
 garbage-first heap   total 49152K, used 17384K [0x0000000704400000, 0x0000000800000000)
  region size 2048K, 2 young (4096K), 2 survivors (4096K)
 Metaspace       used 34527K, committed 35008K, reserved 1114112K
  class space    used 4393K, committed 4608K, reserved 1048576K
}
Event: 3.731 GC heap before
{Heap before GC invocations=9 (full 0):
 garbage-first heap   total 49152K, used 33768K [0x0000000704400000, 0x0000000800000000)
  region size 2048K, 10 young (20480K), 2 survivors (4096K)
 Metaspace       used 34938K, committed 35392K, reserved 1114112K
  class space    used 4406K, committed 4608K, reserved 1048576K
}
Event: 3.733 GC heap after
{Heap after GC invocations=10 (full 0):
 garbage-first heap   total 153600K, used 17769K [0x0000000704400000, 0x0000000800000000)
  region size 2048K, 2 young (4096K), 2 survivors (4096K)
 Metaspace       used 34938K, committed 35392K, reserved 1114112K
  class space    used 4406K, committed 4608K, reserved 1048576K
}
Event: 3.932 GC heap before
{Heap before GC invocations=10 (full 0):
 garbage-first heap   total 153600K, used 25961K [0x0000000704400000, 0x0000000800000000)
  region size 2048K, 7 young (14336K), 2 survivors (4096K)
 Metaspace       used 35579K, committed 35968K, reserved 1114112K
  class space    used 4490K, committed 4672K, reserved 1048576K
}
Event: 3.934 GC heap after
{Heap after GC invocations=11 (full 0):
 garbage-first heap   total 153600K, used 18561K [0x0000000704400000, 0x0000000800000000)
  region size 2048K, 2 young (4096K), 2 survivors (4096K)
 Metaspace       used 35579K, committed 35968K, reserved 1114112K
  class space    used 4490K, committed 4672K, reserved 1048576K
}

Deoptimization events (20 events):
Event: 4.465 Thread 0x000001caf186b090 Uncommon trap: trap_request=0xffffff45 fr.pc=0x000001ca87dab66c relative=0x00000000000025ac
Event: 4.465 Thread 0x000001caf186b090 Uncommon trap: reason=unstable_if action=reinterpret pc=0x000001ca87dab66c method=org.springframework.beans.factory.support.AbstractBeanFactory.isTypeMatch(Ljava/lang/String;Lorg/springframework/core/ResolvableType;Z)Z @ 35 c2
Event: 4.465 Thread 0x000001caf186b090 DEOPT PACKING pc=0x000001ca87dab66c sp=0x0000001ad2ffe630
Event: 4.465 Thread 0x000001caf186b090 DEOPT UNPACKING pc=0x000001ca874a23a3 sp=0x0000001ad2ffe5e0 mode 2
Event: 46.306 Thread 0x000001cadc130300 Uncommon trap: trap_request=0xffffffde fr.pc=0x000001ca87e7fa2c relative=0x000000000000460c
Event: 46.306 Thread 0x000001cadc130300 Uncommon trap: reason=class_check action=maybe_recompile pc=0x000001ca87e7fa2c method=org.springframework.core.annotation.AnnotationsScanner.processMethodHierarchy(Ljava/lang/Object;[ILjava/lang/Class;Lorg/springframework/core/annotation/AnnotationsProces
Event: 46.306 Thread 0x000001cadc130300 DEOPT PACKING pc=0x000001ca87e7fa2c sp=0x0000001ad5ffcfb0
Event: 46.306 Thread 0x000001cadc130300 DEOPT UNPACKING pc=0x000001ca874a23a3 sp=0x0000001ad5ffcfd8 mode 2
Event: 46.306 Thread 0x000001cadc130300 Uncommon trap: trap_request=0xffffffde fr.pc=0x000001ca87e7fa2c relative=0x000000000000460c
Event: 46.306 Thread 0x000001cadc130300 Uncommon trap: reason=class_check action=maybe_recompile pc=0x000001ca87e7fa2c method=org.springframework.core.annotation.AnnotationsScanner.processMethodHierarchy(Ljava/lang/Object;[ILjava/lang/Class;Lorg/springframework/core/annotation/AnnotationsProces
Event: 46.306 Thread 0x000001cadc130300 DEOPT PACKING pc=0x000001ca87e7fa2c sp=0x0000001ad5ffcfb0
Event: 46.306 Thread 0x000001cadc130300 DEOPT UNPACKING pc=0x000001ca874a23a3 sp=0x0000001ad5ffcfd8 mode 2
Event: 46.307 Thread 0x000001cadc130300 Uncommon trap: trap_request=0xffffffde fr.pc=0x000001ca87e7fa2c relative=0x000000000000460c
Event: 46.307 Thread 0x000001cadc130300 Uncommon trap: reason=class_check action=maybe_recompile pc=0x000001ca87e7fa2c method=org.springframework.core.annotation.AnnotationsScanner.processMethodHierarchy(Ljava/lang/Object;[ILjava/lang/Class;Lorg/springframework/core/annotation/AnnotationsProces
Event: 46.307 Thread 0x000001cadc130300 DEOPT PACKING pc=0x000001ca87e7fa2c sp=0x0000001ad5ffcfb0
Event: 46.307 Thread 0x000001cadc130300 DEOPT UNPACKING pc=0x000001ca874a23a3 sp=0x0000001ad5ffcfd8 mode 2
Event: 46.307 Thread 0x000001cadc130300 Uncommon trap: trap_request=0xffffffde fr.pc=0x000001ca87e7fa2c relative=0x000000000000460c
Event: 46.307 Thread 0x000001cadc130300 Uncommon trap: reason=class_check action=maybe_recompile pc=0x000001ca87e7fa2c method=org.springframework.core.annotation.AnnotationsScanner.processMethodHierarchy(Ljava/lang/Object;[ILjava/lang/Class;Lorg/springframework/core/annotation/AnnotationsProces
Event: 46.307 Thread 0x000001cadc130300 DEOPT PACKING pc=0x000001ca87e7fa2c sp=0x0000001ad5ffcfb0
Event: 46.307 Thread 0x000001cadc130300 DEOPT UNPACKING pc=0x000001ca874a23a3 sp=0x0000001ad5ffcfd8 mode 2

Classes unloaded (0 events):
No events

Classes redefined (0 events):
No events

Internal exceptions (20 events):
Event: 2.685 Thread 0x000001caf186b090 Exception <a 'java/io/FileNotFoundException'{0x0000000706712688}> (0x0000000706712688) 
thrown [s\open\src\hotspot\share\prims\jni.cpp, line 516]
Event: 2.714 Thread 0x000001caf186b090 Exception <a 'java/lang/NoSuchMethodError'{0x000000070647f720}: 'int java.lang.invoke.DirectMethodHandle$Holder.invokeInterface(java.lang.Object, java.lang.Object, java.lang.Object, java.lang.Object)'> (0x000000070647f720) 
thrown [s\open\src\hotspot\share\interpreter\linkResolver.cpp, line 759]
Event: 2.753 Thread 0x000001caf186b090 Exception <a 'java/lang/NoSuchMethodError'{0x0000000706267df8}: 'long java.lang.invoke.DirectMethodHandle$Holder.invokeVirtual(java.lang.Object, java.lang.Object)'> (0x0000000706267df8) 
thrown [s\open\src\hotspot\share\interpreter\linkResolver.cpp, line 759]
Event: 2.931 Thread 0x000001caf186b090 Implicit null exception at 0x000001ca87d93e2a to 0x000001ca87d94150
Event: 3.114 Thread 0x000001caf186b090 Exception <a 'java/lang/IncompatibleClassChangeError'{0x00000007105b4220}: Found class java.lang.Object, but interface was expected> (0x00000007105b4220) 
thrown [s\open\src\hotspot\share\interpreter\linkResolver.cpp, line 826]
Event: 3.223 Thread 0x000001caf186b090 Exception <a 'java/lang/NoSuchMethodError'{0x00000007068c61b0}: 'int java.lang.invoke.Invokers$Holder.invokeExact_MT(java.lang.Object, java.lang.Object, java.lang.Object)'> (0x00000007068c61b0) 
thrown [s\open\src\hotspot\share\interpreter\linkResolver.cpp, line 759]
Event: 3.345 Thread 0x000001caf186b090 Exception <a 'java/lang/NoSuchMethodError'{0x00000007066f8d20}: 'java.lang.Object java.lang.invoke.DirectMethodHandle$Holder.newInvokeSpecial(java.lang.Object, java.lang.Object, int)'> (0x00000007066f8d20) 
thrown [s\open\src\hotspot\share\interpreter\linkResolver.cpp, line 759]
Event: 3.349 Thread 0x000001caf186b090 Implicit null exception at 0x000001ca87bd52f2 to 0x000001ca87bd5a18
Event: 3.350 Thread 0x000001caf186b090 Implicit null exception at 0x000001ca87bd7b72 to 0x000001ca87bd82bc
Event: 3.775 Thread 0x000001caf186b090 Exception <a 'java/lang/NoSuchMethodError'{0x00000007108f3b60}: 'java.lang.Object java.lang.invoke.DirectMethodHandle$Holder.invokeInterface(java.lang.Object, java.lang.Object, java.lang.Object, java.lang.Object)'> (0x00000007108f3b60) 
thrown [s\open\src\hotspot\share\interpreter\linkResolver.cpp, line 759]
Event: 3.909 Thread 0x000001caf186b090 Exception <a 'sun/nio/fs/WindowsException'{0x00000007104d5680}> (0x00000007104d5680) 
thrown [s\open\src\hotspot\share\prims\jni.cpp, line 516]
Event: 3.987 Thread 0x000001caf186b090 Exception <a 'java/lang/NoSuchMethodError'{0x000000070863ec18}: 'void java.lang.invoke.DirectMethodHandle$Holder.invokeVirtual(java.lang.Object, java.lang.Object, long)'> (0x000000070863ec18) 
thrown [s\open\src\hotspot\share\interpreter\linkResolver.cpp, line 759]
Event: 4.230 Thread 0x000001caf186b090 Exception <a 'java/lang/IncompatibleClassChangeError'{0x00000007080d1188}: Found class java.lang.Object, but interface was expected> (0x00000007080d1188) 
thrown [s\open\src\hotspot\share\interpreter\linkResolver.cpp, line 826]
Event: 4.306 Thread 0x000001caf186b090 Exception <a 'java/lang/NoSuchMethodError'{0x0000000707e42d10}: 'int java.lang.invoke.DirectMethodHandle$Holder.invokeStaticInit(java.lang.Object, java.lang.Object, java.lang.Object, java.lang.Object)'> (0x0000000707e42d10) 
thrown [s\open\src\hotspot\share\interpreter\linkResolver.cpp, line 759]
Event: 4.396 Thread 0x000001caf186b090 Exception <a 'java/lang/NoSuchMethodError'{0x0000000707aeca60}: 'java.lang.Object java.lang.invoke.DirectMethodHandle$Holder.newInvokeSpecial(java.lang.Object, java.lang.Object, int, java.lang.Object, java.lang.Object)'> (0x0000000707aeca60) 
thrown [s\open\src\hotspot\share\interpreter\linkResolver.cpp, line 759]
Event: 4.397 Thread 0x000001caf186b090 Exception <a 'java/lang/NoSuchMethodError'{0x0000000707af80d8}: 'java.lang.Object java.lang.invoke.DirectMethodHandle$Holder.invokeSpecial(java.lang.Object, java.lang.Object, int, java.lang.Object, int, java.lang.Object)'> (0x0000000707af80d8) 
thrown [s\open\src\hotspot\share\interpreter\linkResolver.cpp, line 759]
Event: 4.397 Thread 0x000001caf186b090 Exception <a 'java/lang/NoSuchMethodError'{0x0000000707affee0}: 'java.lang.Object java.lang.invoke.DirectMethodHandle$Holder.newInvokeSpecial(java.lang.Object, java.lang.Object, int, java.lang.Object, int)'> (0x0000000707affee0) 
thrown [s\open\src\hotspot\share\interpreter\linkResolver.cpp, line 759]
Event: 4.398 Thread 0x000001caf186b090 Exception <a 'java/lang/NoSuchMethodError'{0x0000000707b04240}: 'java.lang.Object java.lang.invoke.DirectMethodHandle$Holder.invokeSpecial(java.lang.Object, java.lang.Object, java.lang.Object, int, java.lang.Object, int)'> (0x0000000707b04240) 
thrown [s\open\src\hotspot\share\interpreter\linkResolver.cpp, line 759]
Event: 44.176 Thread 0x000001cadc130300 Exception <a 'java/lang/NoSuchMethodError'{0x0000000707556608}: 'java.lang.Object java.lang.invoke.DirectMethodHandle$Holder.invokeSpecial(java.lang.Object, java.lang.Object, java.lang.Object, java.lang.Object, java.lang.Object, long)'> (0x0000000707556608) 
thrown [s\open\src\hotspot\share\interpreter\linkResolver.cpp, line 759]
Event: 44.177 Thread 0x000001cadc130300 Exception <a 'java/lang/NoSuchMethodError'{0x000000070755a048}: 'java.lang.Object java.lang.invoke.Invokers$Holder.linkToTargetMethod(java.lang.Object, java.lang.Object, java.lang.Object, long, java.lang.Object)'> (0x000000070755a048) 
thrown [s\open\src\hotspot\share\interpreter\linkResolver.cpp, line 759]

VM Operations (20 events):
Event: 13.407 Executing VM operation: Cleanup done
Event: 42.627 Executing VM operation: Cleanup
Event: 43.143 Executing VM operation: Cleanup done
Event: 44.195 Executing VM operation: HandshakeAllThreads
Event: 44.195 Executing VM operation: HandshakeAllThreads done
Event: 44.195 Executing VM operation: Cleanup
Event: 44.195 Executing VM operation: Cleanup done
Event: 44.208 Executing VM operation: HandshakeAllThreads
Event: 44.208 Executing VM operation: HandshakeAllThreads done
Event: 45.210 Executing VM operation: Cleanup
Event: 45.210 Executing VM operation: Cleanup done
Event: 46.315 Executing VM operation: HandshakeAllThreads
Event: 46.315 Executing VM operation: HandshakeAllThreads done
Event: 46.315 Executing VM operation: Cleanup
Event: 46.315 Executing VM operation: Cleanup done
Event: 46.330 Executing VM operation: HandshakeAllThreads
Event: 46.330 Executing VM operation: HandshakeAllThreads done
Event: 47.346 Executing VM operation: Cleanup
Event: 47.364 Executing VM operation: Cleanup done
Event: 48.366 Executing VM operation: Cleanup

Events (20 events):
Event: 42.099 loading class sun/nio/ch/SelectionKeyImpl
Event: 42.099 loading class java/nio/channels/spi/AbstractSelectionKey
Event: 42.099 loading class java/nio/channels/SelectionKey
Event: 42.100 loading class java/nio/channels/SelectionKey done
Event: 42.100 loading class java/nio/channels/spi/AbstractSelectionKey done
Event: 42.100 loading class sun/nio/ch/SelectionKeyImpl done
Event: 42.100 loading class java/lang/invoke/ConstantBootstraps
Event: 42.100 loading class java/lang/invoke/ConstantBootstraps done
Event: 44.184 loading class sun/nio/cs/ThreadLocalCoders
Event: 44.184 loading class sun/nio/cs/ThreadLocalCoders done
Event: 44.184 loading class sun/nio/cs/ThreadLocalCoders$1
Event: 44.185 loading class sun/nio/cs/ThreadLocalCoders$Cache
Event: 44.185 loading class sun/nio/cs/ThreadLocalCoders$Cache done
Event: 44.185 loading class sun/nio/cs/ThreadLocalCoders$1 done
Event: 44.185 loading class sun/nio/cs/ThreadLocalCoders$2
Event: 44.185 loading class sun/nio/cs/ThreadLocalCoders$2 done
Event: 44.185 loading class sun/nio/cs/ISO_8859_1$Decoder
Event: 44.186 loading class sun/nio/cs/ISO_8859_1$Decoder done
Event: 46.330 loading class java/util/Collections$UnmodifiableSortedMap
Event: 46.330 loading class java/util/Collections$UnmodifiableSortedMap done


Dynamic libraries:
0x00007ff745680000 - 0x00007ff745690000 	C:\Program Files\Java\jdk-17\bin\java.exe
0x00007ffc90da0000 - 0x00007ffc91007000 	C:\WINDOWS\SYSTEM32\ntdll.dll
0x00007ffc8fad0000 - 0x00007ffc8fb99000 	C:\WINDOWS\System32\KERNEL32.DLL
0x00007ffc8e450000 - 0x00007ffc8e83f000 	C:\WINDOWS\System32\KERNELBASE.dll
0x00007ffc8dfa0000 - 0x00007ffc8e0eb000 	C:\WINDOWS\System32\ucrtbase.dll
0x00007ffc86260000 - 0x00007ffc86279000 	C:\Program Files\Java\jdk-17\bin\jli.dll
0x00007ffc813f0000 - 0x00007ffc8140b000 	C:\Program Files\Java\jdk-17\bin\VCRUNTIME140.dll
0x00007ffc8f7c0000 - 0x00007ffc8f874000 	C:\WINDOWS\System32\ADVAPI32.dll
0x00007ffc8fe30000 - 0x00007ffc8fed9000 	C:\WINDOWS\System32\msvcrt.dll
0x00007ffc90400000 - 0x00007ffc904a6000 	C:\WINDOWS\System32\sechost.dll
0x00007ffc904b0000 - 0x00007ffc905c8000 	C:\WINDOWS\System32\RPCRT4.dll
0x00007ffc8f900000 - 0x00007ffc8fac5000 	C:\WINDOWS\System32\USER32.dll
0x00007ffc8e900000 - 0x00007ffc8e927000 	C:\WINDOWS\System32\win32u.dll
0x00007ffc8fd90000 - 0x00007ffc8fdbb000 	C:\WINDOWS\System32\GDI32.dll
0x00007ffc8e320000 - 0x00007ffc8e44c000 	C:\WINDOWS\System32\gdi32full.dll
0x00007ffc8e850000 - 0x00007ffc8e8f3000 	C:\WINDOWS\System32\msvcp_win.dll
0x00007ffc70af0000 - 0x00007ffc70d83000 	C:\WINDOWS\WinSxS\amd64_microsoft.windows.common-controls_6595b64144ccf1df_6.0.26100.7309_none_3e05feeae336a044\COMCTL32.dll
0x00007ffc8d680000 - 0x00007ffc8d68b000 	C:\WINDOWS\SYSTEM32\VERSION.dll
0x00007ffc8f3a0000 - 0x00007ffc8f3d1000 	C:\WINDOWS\System32\IMM32.DLL
0x000000005b4a0000 - 0x000000005b4ad000 	C:\Program Files (x86)\360\360Safe\safemon\SafeWrapper.dll
0x00007ffc860c0000 - 0x00007ffc861c4000 	C:\Program Files (x86)\360\360Safe\safemon\libzdtp64.dll
0x00007ffc90600000 - 0x00007ffc90d53000 	C:\WINDOWS\System32\SHELL32.dll
0x00007ffc8e1b0000 - 0x00007ffc8e31a000 	C:\WINDOWS\System32\wintypes.dll
0x00007ffc8f010000 - 0x00007ffc8f395000 	C:\WINDOWS\System32\combase.dll
0x00007ffc8fdc0000 - 0x00007ffc8fe26000 	C:\WINDOWS\System32\SHLWAPI.dll
0x00007ffc862a0000 - 0x00007ffc862ac000 	C:\Program Files\Java\jdk-17\bin\vcruntime140_1.dll
0x00007ffc80210000 - 0x00007ffc8029e000 	C:\Program Files\Java\jdk-17\bin\msvcp140.dll
0x00007ffbf16a0000 - 0x00007ffbf2280000 	C:\Program Files\Java\jdk-17\bin\server\jvm.dll
0x00007ffc90370000 - 0x00007ffc90378000 	C:\WINDOWS\System32\PSAPI.DLL
0x00007ffc801e0000 - 0x00007ffc801ea000 	C:\WINDOWS\SYSTEM32\WSOCK32.dll
0x00007ffc7a930000 - 0x00007ffc7a965000 	C:\WINDOWS\SYSTEM32\WINMM.dll
0x00007ffc8ef30000 - 0x00007ffc8efa4000 	C:\WINDOWS\System32\WS2_32.dll
0x00007ffc8cbe0000 - 0x00007ffc8cbfb000 	C:\WINDOWS\SYSTEM32\kernel.appcore.dll
0x00007ffc814d0000 - 0x00007ffc814da000 	C:\Program Files\Java\jdk-17\bin\jimage.dll
0x00007ffc8b740000 - 0x00007ffc8b982000 	C:\WINDOWS\SYSTEM32\DBGHELP.DLL
0x00007ffc8fbb0000 - 0x00007ffc8fc86000 	C:\WINDOWS\System32\OLEAUT32.dll
0x00007ffc753d0000 - 0x00007ffc7540c000 	C:\WINDOWS\SYSTEM32\dbgcore.DLL
0x00007ffc8def0000 - 0x00007ffc8df95000 	C:\WINDOWS\System32\bcryptPrimitives.dll
0x00007ffc81290000 - 0x00007ffc8129e000 	C:\Program Files\Java\jdk-17\bin\instrument.dll
0x00007ffc81260000 - 0x00007ffc81285000 	C:\Program Files\Java\jdk-17\bin\java.dll
0x00007ffc74d00000 - 0x00007ffc74dd7000 	C:\Program Files\Java\jdk-17\bin\jsvml.dll
0x00007ffc8ba90000 - 0x00007ffc8c2ee000 	C:\WINDOWS\SYSTEM32\windows.storage.dll
0x00007ffc8eb40000 - 0x00007ffc8ec35000 	C:\WINDOWS\System32\SHCORE.dll
0x00007ffc8de10000 - 0x00007ffc8de39000 	C:\WINDOWS\SYSTEM32\profapi.dll
0x00007ffc811b0000 - 0x00007ffc811c8000 	C:\Program Files\Java\jdk-17\bin\zip.dll
0x00007ffc81240000 - 0x00007ffc81259000 	C:\Program Files\Java\jdk-17\bin\net.dll
0x00007ffc818a0000 - 0x00007ffc819c8000 	C:\WINDOWS\SYSTEM32\WINHTTP.dll
0x00007ffc8d150000 - 0x00007ffc8d1bb000 	C:\WINDOWS\system32\mswsock.dll
0x00007ffc811d0000 - 0x00007ffc811e6000 	C:\Program Files\Java\jdk-17\bin\nio.dll
0x00007ffc80bd0000 - 0x00007ffc80bea000 	E:\IntelliJ IDEA Community Edition 2022.1.4\bin\breakgen64.dll
0x00007ffc8d420000 - 0x00007ffc8d43b000 	C:\WINDOWS\SYSTEM32\CRYPTSP.dll
0x00007ffc8cb40000 - 0x00007ffc8cb7a000 	C:\WINDOWS\system32\rsaenh.dll
0x00007ffc8d200000 - 0x00007ffc8d22b000 	C:\WINDOWS\SYSTEM32\USERENV.dll
0x00007ffc8dde0000 - 0x00007ffc8de0a000 	C:\WINDOWS\SYSTEM32\bcrypt.dll
0x00007ffc8d410000 - 0x00007ffc8d41c000 	C:\WINDOWS\SYSTEM32\CRYPTBASE.dll
0x00007ffc8d690000 - 0x00007ffc8d6c4000 	C:\WINDOWS\SYSTEM32\IPHLPAPI.DLL
0x00007ffc8ef20000 - 0x00007ffc8ef2a000 	C:\WINDOWS\System32\NSI.dll
0x00007ffc84d80000 - 0x00007ffc84d9e000 	C:\WINDOWS\SYSTEM32\dhcpcsvc6.DLL
0x00007ffc84890000 - 0x00007ffc848b3000 	C:\WINDOWS\SYSTEM32\dhcpcsvc.DLL
0x00007ffc8c780000 - 0x00007ffc8c8ac000 	C:\WINDOWS\SYSTEM32\DNSAPI.dll
0x00007ffc80460000 - 0x00007ffc8046e000 	C:\Program Files\Java\jdk-17\bin\sunmscapi.dll
0x00007ffc8e930000 - 0x00007ffc8eaa7000 	C:\WINDOWS\System32\CRYPT32.dll
0x00007ffc8d630000 - 0x00007ffc8d660000 	C:\WINDOWS\SYSTEM32\ncrypt.dll
0x00007ffc8d5e0000 - 0x00007ffc8d61f000 	C:\WINDOWS\SYSTEM32\NTASN1.dll
0x00007ffc804c0000 - 0x00007ffc804ca000 	C:\Program Files\Java\jdk-17\bin\management.dll
0x00007ffc80470000 - 0x00007ffc8047b000 	C:\Program Files\Java\jdk-17\bin\management_ext.dll
0x00007ffc64880000 - 0x00007ffc64898000 	C:\WINDOWS\system32\napinsp.dll
0x00007ffc64860000 - 0x00007ffc64872000 	C:\WINDOWS\System32\winrnr.dll
0x00007ffc64830000 - 0x00007ffc64852000 	C:\WINDOWS\system32\nlansp_c.dll
0x00007ffc64810000 - 0x00007ffc64826000 	C:\WINDOWS\system32\wshbth.dll
0x00007ffc80ff0000 - 0x00007ffc80ffb000 	C:\Windows\System32\rasadhlp.dll
0x00007ffc85710000 - 0x00007ffc85796000 	C:\WINDOWS\System32\fwpuclnt.dll
0x00007ffc615e0000 - 0x00007ffc615e8000 	C:\WINDOWS\system32\wshunix.dll

dbghelp: loaded successfully - version: 4.0.5 - missing functions: none
symbol engine: initialized successfully - sym options: 0x614 - pdb path: .;C:\Program Files\Java\jdk-17\bin;C:\WINDOWS\SYSTEM32;C:\WINDOWS\WinSxS\amd64_microsoft.windows.common-controls_6595b64144ccf1df_6.0.26100.7309_none_3e05feeae336a044;C:\Program Files (x86)\360\360Safe\safemon;C:\Program Files\Java\jdk-17\bin\server;E:\IntelliJ IDEA Community Edition 2022.1.4\bin

VM Arguments:
jvm_args: -javaagent:E:\IntelliJ IDEA Community Edition 2022.1.4\lib\idea_rt.jar=21748:E:\IntelliJ IDEA Community Edition 2022.1.4\bin -Dfile.encoding=UTF-8 
java_command: com.univ.researchhub.ResearchHubApplication
java_class_path (initial): F:\UnivResearchManager\UnivResearchManager\target\classes;C:\Users\35254\.m2\repository\org\springframework\boot\spring-boot-starter-web\3.1.5\spring-boot-starter-web-3.1.5.jar;C:\Users\35254\.m2\repository\org\springframework\boot\spring-boot-starter\3.1.5\spring-boot-starter-3.1.5.jar;C:\Users\35254\.m2\repository\org\springframework\boot\spring-boot-starter-logging\3.1.5\spring-boot-starter-logging-3.1.5.jar;C:\Users\35254\.m2\repository\ch\qos\logback\logback-classic\1.4.11\logback-classic-1.4.11.jar;C:\Users\35254\.m2\repository\ch\qos\logback\logback-core\1.4.11\logback-core-1.4.11.jar;C:\Users\35254\.m2\repository\org\apache\logging\log4j\log4j-to-slf4j\2.20.0\log4j-to-slf4j-2.20.0.jar;C:\Users\35254\.m2\repository\org\apache\logging\log4j\log4j-api\2.20.0\log4j-api-2.20.0.jar;C:\Users\35254\.m2\repository\org\slf4j\jul-to-slf4j\2.0.9\jul-to-slf4j-2.0.9.jar;C:\Users\35254\.m2\repository\jakarta\annotation\jakarta.annotation-api\2.1.1\jakarta.annotation-api-2.1.1.jar;C:\Users\35254\.m2\repository\org\yaml\snakeyaml\1.33\snakeyaml-1.33.jar;C:\Users\35254\.m2\repository\org\springframework\boot\spring-boot-starter-json\3.1.5\spring-boot-starter-json-3.1.5.jar;C:\Users\35254\.m2\repository\com\fasterxml\jackson\datatype\jackson-datatype-jdk8\2.15.3\jackson-datatype-jdk8-2.15.3.jar;C:\Users\35254\.m2\repository\com\fasterxml\jackson\datatype\jackson-datatype-jsr310\2.15.3\jackson-datatype-jsr310-2.15.3.jar;C:\Users\35254\.m2\repository\com\fasterxml\jackson\module\jackson-module-parameter-names\2.15.3\jackson-module-parameter-names-2.15.3.jar;C:\Users\35254\.m2\repository\org\springframework\boot\spring-boot-starter-tomcat\3.1.5\spring-boot-starter-tomcat-3.1.5.jar;C:\Users\35254\.m2\repository\org\apache\tomcat\embed\tomcat-embed-core\10.1.15\tomcat-embed-core-10.1.15.jar;C:\Users\35254\.m2\repository\org\apache\tomcat\embed\tomcat-embed-websocket\10.1.15\tomcat-embed-websocket-10.1.15.jar;C:\Users\35254\.m2\repository\org\springframe
Launcher Type: SUN_STANDARD

[Global flags]
     intx CICompilerCount                          = 12                                        {product} {ergonomic}
     uint ConcGCThreads                            = 3                                         {product} {ergonomic}
     uint G1ConcRefinementThreads                  = 13                                        {product} {ergonomic}
   size_t G1HeapRegionSize                         = 2097152                                   {product} {ergonomic}
    uintx GCDrainStackTargetSize                   = 64                                        {product} {ergonomic}
   size_t InitialHeapSize                          = 264241152                                 {product} {ergonomic}
   size_t MarkStackSize                            = 4194304                                   {product} {ergonomic}
   size_t MaxHeapSize                              = 4223664128                                {product} {ergonomic}
   size_t MaxNewSize                               = 2533359616                                {product} {ergonomic}
   size_t MinHeapDeltaBytes                        = 2097152                                   {product} {ergonomic}
   size_t MinHeapSize                              = 8388608                                   {product} {ergonomic}
    uintx NonNMethodCodeHeapSize                   = 7602480                                {pd product} {ergonomic}
    uintx NonProfiledCodeHeapSize                  = 122027880                              {pd product} {ergonomic}
    uintx ProfiledCodeHeapSize                     = 122027880                              {pd product} {ergonomic}
    uintx ReservedCodeCacheSize                    = 251658240                              {pd product} {ergonomic}
     bool SegmentedCodeCache                       = true                                      {product} {ergonomic}
   size_t SoftMaxHeapSize                          = 4223664128                             {manageable} {ergonomic}
     bool UseCompressedClassPointers               = true                           {product lp64_product} {ergonomic}
     bool UseCompressedOops                        = true                           {product lp64_product} {ergonomic}
     bool UseG1GC                                  = true                                      {product} {ergonomic}
     bool UseLargePagesIndividualAllocation        = false                                  {pd product} {ergonomic}

Logging:
Log output configuration:
 #0: stdout all=warning uptime,level,tags
 #1: stderr all=off uptime,level,tags

Environment Variables:
JAVA_HOME=C:\Program Files\Java\jdk1.8.0_212
CLASSPATH=.;C:\Program Files\Java\jdk1.8.0_212\lib;C:\Program Files\Java\jdk1.8.0_212\lib\tools.jar
PATH=C:\Program Files\Eclipse Adoptium\jdk-17.0.15.6-hotspot\bin;C:\Program Files\Java\jdk1.8.0_212\bin;C:\Program Files\Common Files\Oracle\Java\javapath;C:\Program Files\nodejs\node_global\bin;E:\VMwareĐéÄâ»ú\bin\;C:;Program Files\Java\jdk-17\bin;C:\Windows\System32\HWAudioDriverLibs;C:\Windows\system32;C:\Windows;F:\download\mingw64\bin;C:\Windows\System32\Wbem;C:\Windows\System32\WindowsPowerShell\v1.0\;C:\Windows\System32\OpenSSH\;C:\Users\Administrator\AppData\Local\Microsoft\WindowsApps;C:\Windows\system32\config\systemprofile\AppData\Local\Microsoft\WindowsApps;C:\windows\system32\HWAudioDriver\;F:\download\Î˘ĐĹżŞ·˘Őßą¤ľß\Î˘ĐĹWebżŞ·˘Őßą¤ľß\dll;C:\Program Files (x86)\Windows Kits\10\Windows Performance Toolkit\;E:\Î˘ĐĹwebżŞ·˘Őß;ľß\dll;F:\nodejs\node_modules;E:\maven\apache-maven-3.9.9\bin;F:\download\nvm;C:\Program Files\nodejs;C:\Program Files\nodejs\node_global;C:\Program Files\MySQL\MySQL Server 8.0\bin;F:\download\BlueWhale-3.31.3-Python38-win64\BlueWhale\bluewhale\Scripts;F:\download\BlueWhale-3.31.3-Python38-win64\BlueWhale\bluewhale\;C:\Program Files\Git\cmd;F:\download\anaconda\Scripts;F:\download\anaconda;F:\download\anaconda\Library\bin;C:\WINDOWS\system32;C:\WINDOWS;C:\WINDOWS\System32\Wbem;C:\WINDOWS\System32\WindowsPowerShell\v1.0\;C:\WINDOWS\System32\OpenSSH\;F:\download\miniconda\application\Scripts;F:\download\miniconda\application\condabin;F:\download\miniconda\application;F:\download\miniconda\application\Library\mingw-w64\bin;F:\download\miniconda\application\Library\usr\bin;F:\download\miniconda\application\Library\bin;F:\download\miniconda\application\Scripts;F:\download\anaconda\Scripts;E:\Proteus 8 Professional\python\Scripts\;E:\Proteus 8 Professional\python\;F:\download\anaconda;F:\download\anaconda\Library\bin;C:\Users\35254\AppData\Local\Microsoft\WindowsApps;E:\Microsoft VS Code\bin;E:\maven\apache-maven-3.9.9\bin;%JAVA_HOME\bin;C:\Users\35254\AppData\Local\Microsoft\WinGet\Packages\Schniz.fnm_Microsoft.Winget.Source_8wekyb3d8bbwe;F:\
USERNAME=35254
OS=Windows_NT
PROCESSOR_IDENTIFIER=Intel64 Family 6 Model 154 Stepping 3, GenuineIntel



---------------  S Y S T E M  ---------------

OS:
 Windows 11 , 64 bit Build 26100 (10.0.26100.7309)
OS uptime: 1 days 6:00 hours

CPU: total 16 (initial active 16) (8 cores per cpu, 2 threads per core) family 6 model 154 stepping 3 microcode 0x420, cx8, cmov, fxsr, ht, mmx, 3dnowpref, sse, sse2, sse3, ssse3, sse4.1, sse4.2, popcnt, lzcnt, tsc, tscinvbit, avx, avx2, aes, erms, clmul, bmi1, bmi2, adx, sha, fma, vzeroupper, clflush, clflushopt, clwb

Memory: 4k page, system-wide physical 16108M (1987M free)
TotalPageFile size 16108M (AvailPageFile size 0M)
current process WorkingSet (physical memory assigned to process): 195M, peak: 265M
current process commit charge ("private bytes"): 267M, peak: 439M

vm_info: Java HotSpot(TM) 64-Bit Server VM (17.0.12+8-LTS-286) for windows-amd64 JRE (17.0.12+8-LTS-286), built on Jun  5 2024 06:46:59 by "mach5one" with MS VC++ 17.6 (VS2022)

END.
