#
# There is insufficient memory for the Java Runtime Environment to continue.
# Native memory allocation (malloc) failed to allocate 2003856 bytes for Chunk::new
# Possible reasons:
#   The system is out of physical RAM or swap space
#   The process is running with CompressedOops enabled, and the Java Heap may be blocking the growth of the native heap
# Possible solutions:
#   Reduce memory load on the system
#   Increase physical memory or swap space
#   Check if swap backing store is full
#   Decrease Java heap size (-Xmx/-Xms)
#   Decrease number of Java threads
#   Decrease Java thread stack sizes (-Xss)
#   Set larger code cache with -XX:ReservedCodeCacheSize=
#   JVM is running with Zero Based Compressed Oops mode in which the Java heap is
#     placed in the first 32GB address space. The Java Heap base address is the
#     maximum limit for the native heap growth. Please use -XX:HeapBaseMinAddress
#     to set the Java Heap base and to place the Java Heap above 32GB virtual address.
# This output file may be truncated or incomplete.
#
#  Out of Memory Error (arena.cpp:189), pid=4072, tid=17804
#
# JRE version: Java(TM) SE Runtime Environment (17.0.12+8) (build 17.0.12+8-LTS-286)
# Java VM: Java HotSpot(TM) 64-Bit Server VM (17.0.12+8-LTS-286, mixed mode, sharing, tiered, compressed oops, compressed class ptrs, g1 gc, windows-amd64)
# No core dump will be written. Minidumps are not enabled by default on client versions of Windows
#

---------------  S U M M A R Y ------------

Command Line: -javaagent:E:\IntelliJ IDEA Community Edition 2022.1.4\lib\idea_rt.jar=5701:E:\IntelliJ IDEA Community Edition 2022.1.4\bin -Dfile.encoding=UTF-8 com.univ.researchhub.ResearchHubApplication

Host: 12th Gen Intel(R) Core(TM) i5-1240P, 16 cores, 15G,  Windows 11 , 64 bit Build 26100 (10.0.26100.6725)
Time: Fri Oct 31 20:27:33 2025  Windows 11 , 64 bit Build 26100 (10.0.26100.6725) elapsed time: 4.647955 seconds (0d 0h 0m 4s)

---------------  T H R E A D  ---------------

Current thread (0x0000025f4266bd30):  JavaThread "C2 CompilerThread0" daemon [_thread_in_native, id=17804, stack(0x0000006726f00000,0x0000006727000000)]


Current CompileTask:
C2:   4648 2649       4       org.springframework.boot.context.properties.source.ConfigurationPropertyName$ElementsParser::parse (234 bytes)

Stack: [0x0000006726f00000,0x0000006727000000]
Native frames: (J=compiled Java code, j=interpreted, Vv=VM code, C=native code)
V  [jvm.dll+0x67a04a]
V  [jvm.dll+0x7da4ed]
V  [jvm.dll+0x7dbe33]
V  [jvm.dll+0x7dc4a3]
V  [jvm.dll+0x24508f]
V  [jvm.dll+0xab773]
V  [jvm.dll+0xabd3c]
V  [jvm.dll+0x361b9f]
V  [jvm.dll+0x32c431]
V  [jvm.dll+0x32b8ca]
V  [jvm.dll+0x21683f]
V  [jvm.dll+0x215c6f]
V  [jvm.dll+0x1a2960]
V  [jvm.dll+0x22610b]
V  [jvm.dll+0x2242ab]
V  [jvm.dll+0x79075c]
V  [jvm.dll+0x78abea]
V  [jvm.dll+0x678f35]
C  [ucrtbase.dll+0x37b0]
C  [KERNEL32.DLL+0x2e8d7]
C  [ntdll.dll+0x8c53c]


---------------  P R O C E S S  ---------------

Threads class SMR info:
_java_thread_list=0x0000025f895b0bf0, length=17, elements={
0x0000025f1ee7e4b0, 0x0000025f42650160, 0x0000025f42651b30, 0x0000025f42669300,
0x0000025f42669cc0, 0x0000025f4266a680, 0x0000025f4266b040, 0x0000025f4266bd30,
0x0000025f4266e7f0, 0x0000025f42673430, 0x0000025f432bf2c0, 0x0000025f432c6220,
0x0000025f4334f150, 0x0000025f432bfce0, 0x0000025f432bde80, 0x0000025f8942cdd0,
0x0000025f8a0c9a40
}

Java Threads: ( => current thread )
  0x0000025f1ee7e4b0 JavaThread "main" [_thread_blocked, id=21244, stack(0x0000006726200000,0x0000006726300000)]
  0x0000025f42650160 JavaThread "Reference Handler" daemon [_thread_blocked, id=6360, stack(0x0000006726900000,0x0000006726a00000)]
  0x0000025f42651b30 JavaThread "Finalizer" daemon [_thread_blocked, id=4876, stack(0x0000006726a00000,0x0000006726b00000)]
  0x0000025f42669300 JavaThread "Signal Dispatcher" daemon [_thread_blocked, id=3108, stack(0x0000006726b00000,0x0000006726c00000)]
  0x0000025f42669cc0 JavaThread "Attach Listener" daemon [_thread_blocked, id=18304, stack(0x0000006726c00000,0x0000006726d00000)]
  0x0000025f4266a680 JavaThread "Service Thread" daemon [_thread_blocked, id=10688, stack(0x0000006726d00000,0x0000006726e00000)]
  0x0000025f4266b040 JavaThread "Monitor Deflation Thread" daemon [_thread_blocked, id=25080, stack(0x0000006726e00000,0x0000006726f00000)]
=>0x0000025f4266bd30 JavaThread "C2 CompilerThread0" daemon [_thread_in_native, id=17804, stack(0x0000006726f00000,0x0000006727000000)]
  0x0000025f4266e7f0 JavaThread "C1 CompilerThread0" daemon [_thread_blocked, id=20388, stack(0x0000006727000000,0x0000006727100000)]
  0x0000025f42673430 JavaThread "Sweeper thread" daemon [_thread_blocked, id=2380, stack(0x0000006727100000,0x0000006727200000)]
  0x0000025f432bf2c0 JavaThread "Common-Cleaner" daemon [_thread_blocked, id=11688, stack(0x0000006727200000,0x0000006727300000)]
  0x0000025f432c6220 JavaThread "C1 CompilerThread1" daemon [_thread_in_vm, id=23820, stack(0x0000006727300000,0x0000006727400000)]
  0x0000025f4334f150 JavaThread "C2 CompilerThread1" daemon [_thread_in_native, id=27068, stack(0x0000006727600000,0x0000006727700000)]
  0x0000025f432bfce0 JavaThread "Monitor Ctrl-Break" daemon [_thread_in_native, id=19808, stack(0x0000006727700000,0x0000006727800000)]
  0x0000025f432bde80 JavaThread "Notification Thread" daemon [_thread_blocked, id=25976, stack(0x0000006727800000,0x0000006727900000)]
  0x0000025f8942cdd0 JavaThread "C2 CompilerThread2" daemon [_thread_in_native, id=16436, stack(0x0000006728000000,0x0000006728100000)]
  0x0000025f8a0c9a40 JavaThread "C2 CompilerThread3" daemon [_thread_blocked, id=19416, stack(0x0000006728400000,0x0000006728500000)]

Other Threads:
  0x0000025f4264b3b0 VMThread "VM Thread" [stack: 0x0000006726800000,0x0000006726900000] [id=12116]
  0x0000025f1ef0e020 WatcherThread [stack: 0x0000006727900000,0x0000006727a00000] [id=24592]
  0x0000025f1eee4b50 GCTaskThread "GC Thread#0" [stack: 0x0000006726300000,0x0000006726400000] [id=27256]
  0x0000025f8919b3e0 GCTaskThread "GC Thread#1" [stack: 0x0000006727a00000,0x0000006727b00000] [id=20420]
  0x0000025f8919b6a0 GCTaskThread "GC Thread#2" [stack: 0x0000006727b00000,0x0000006727c00000] [id=8040]
  0x0000025f8919b960 GCTaskThread "GC Thread#3" [stack: 0x0000006727c00000,0x0000006727d00000] [id=14720]
  0x0000025f891a9d40 GCTaskThread "GC Thread#4" [stack: 0x0000006727d00000,0x0000006727e00000] [id=9764]
  0x0000025f891aa000 GCTaskThread "GC Thread#5" [stack: 0x0000006727e00000,0x0000006727f00000] [id=11512]
  0x0000025f8959a680 GCTaskThread "GC Thread#6" [stack: 0x0000006728100000,0x0000006728200000] [id=24076]
  0x0000025f897709e0 GCTaskThread "GC Thread#7" [stack: 0x0000006728200000,0x0000006728300000] [id=23844]
  0x0000025f89330ec0 GCTaskThread "GC Thread#8" [stack: 0x0000006728300000,0x0000006728400000] [id=26068]
  0x0000025f1eef6670 ConcurrentGCThread "G1 Main Marker" [stack: 0x0000006726400000,0x0000006726500000] [id=21416]
  0x0000025f1eef7120 ConcurrentGCThread "G1 Conc#0" [stack: 0x0000006726500000,0x0000006726600000] [id=18016]
  0x0000025f42586ef0 ConcurrentGCThread "G1 Refine#0" [stack: 0x0000006726600000,0x0000006726700000] [id=18068]
  0x0000025f425896d0 ConcurrentGCThread "G1 Service" [stack: 0x0000006726700000,0x0000006726800000] [id=25848]

Threads with active compile tasks:
C2 CompilerThread0     9730 2649       4       org.springframework.boot.context.properties.source.ConfigurationPropertyName$ElementsParser::parse (234 bytes)
C1 CompilerThread0     9730 2711       3       org.springframework.boot.autoconfigure.condition.FilteringSpringBootCondition$ClassNameFilter$2::matches (14 bytes)
C2 CompilerThread1     9730 2692       4       jdk.internal.jimage.ImageLocation::verifyName (161 bytes)
C2 CompilerThread2     9730 2513       4       jdk.internal.module.SystemModuleFinders$SystemModuleReader::find (59 bytes)

[error occurred during error reporting (printing all threads), id 0xc0000005, EXCEPTION_ACCESS_VIOLATION (0xc0000005) at pc=0x00007ff82180feb9]

VM state: not at safepoint (normal execution)

VM Mutex/Monitor currently owned by a thread: None

Heap address: 0x0000000704400000, size: 4028 MB, Compressed Oops mode: Zero based, Oop shift amount: 3

CDS archive(s) mapped at: [0x0000025f44000000-0x0000025f44bd0000-0x0000025f44bd0000), size 12386304, SharedBaseAddress: 0x0000025f44000000, ArchiveRelocationMode: 1.
Compressed class space mapped at: 0x0000025f45000000-0x0000025f85000000, reserved size: 1073741824
Narrow klass base: 0x0000025f44000000, Narrow klass shift: 0, Narrow klass range: 0x100000000

GC Precious Log:
 CPUs: 16 total, 16 available
 Memory: 16108M
 Large Page Support: Disabled
 NUMA Support: Disabled
 Compressed Oops: Enabled (Zero based)
 Heap Region Size: 2M
 Heap Min Capacity: 8M
 Heap Initial Capacity: 252M
 Heap Max Capacity: 4028M
 Pre-touch: Disabled
 Parallel Workers: 13
 Concurrent Workers: 3
 Concurrent Refinement Workers: 13
 Periodic GC: Disabled

Heap:
 garbage-first heap   total 258048K, used 46325K [0x0000000704400000, 0x0000000800000000)
  region size 2048K, 22 young (45056K), 2 survivors (4096K)
 Metaspace       used 19875K, committed 20160K, reserved 1114112K
  class space    used 2527K, committed 2624K, reserved 1048576K

Heap Regions: E=young(eden), S=young(survivor), O=old, HS=humongous(starts), HC=humongous(continues), CS=collection set, F=free, OA=open archive, CA=closed archive, TAMS=top-at-mark-start (previous, next)
|   0|0x0000000704400000, 0x0000000704600000, 0x0000000704600000|100%| O|  |TAMS 0x0000000704400000, 0x0000000704400000| Untracked 
|   1|0x0000000704600000, 0x0000000704800000, 0x0000000704800000|100%| O|  |TAMS 0x0000000704600000, 0x0000000704600000| Untracked 
|   2|0x0000000704800000, 0x000000070492a800, 0x0000000704a00000| 58%| O|  |TAMS 0x0000000704800000, 0x0000000704800000| Untracked 
|   3|0x0000000704a00000, 0x0000000704a00000, 0x0000000704c00000|  0%| F|  |TAMS 0x0000000704a00000, 0x0000000704a00000| Untracked 
|   4|0x0000000704c00000, 0x0000000704c00000, 0x0000000704e00000|  0%| F|  |TAMS 0x0000000704c00000, 0x0000000704c00000| Untracked 
|   5|0x0000000704e00000, 0x0000000704e00000, 0x0000000705000000|  0%| F|  |TAMS 0x0000000704e00000, 0x0000000704e00000| Untracked 
|   6|0x0000000705000000, 0x0000000705000000, 0x0000000705200000|  0%| F|  |TAMS 0x0000000705000000, 0x0000000705000000| Untracked 
|   7|0x0000000705200000, 0x0000000705200000, 0x0000000705400000|  0%| F|  |TAMS 0x0000000705200000, 0x0000000705200000| Untracked 
|   8|0x0000000705400000, 0x0000000705400000, 0x0000000705600000|  0%| F|  |TAMS 0x0000000705400000, 0x0000000705400000| Untracked 
|   9|0x0000000705600000, 0x0000000705600000, 0x0000000705800000|  0%| F|  |TAMS 0x0000000705600000, 0x0000000705600000| Untracked 
|  10|0x0000000705800000, 0x0000000705800000, 0x0000000705a00000|  0%| F|  |TAMS 0x0000000705800000, 0x0000000705800000| Untracked 
|  11|0x0000000705a00000, 0x0000000705a00000, 0x0000000705c00000|  0%| F|  |TAMS 0x0000000705a00000, 0x0000000705a00000| Untracked 
|  12|0x0000000705c00000, 0x0000000705c00000, 0x0000000705e00000|  0%| F|  |TAMS 0x0000000705c00000, 0x0000000705c00000| Untracked 
|  13|0x0000000705e00000, 0x0000000705e00000, 0x0000000706000000|  0%| F|  |TAMS 0x0000000705e00000, 0x0000000705e00000| Untracked 
|  14|0x0000000706000000, 0x0000000706000000, 0x0000000706200000|  0%| F|  |TAMS 0x0000000706000000, 0x0000000706000000| Untracked 
|  15|0x0000000706200000, 0x0000000706200000, 0x0000000706400000|  0%| F|  |TAMS 0x0000000706200000, 0x0000000706200000| Untracked 
|  16|0x0000000706400000, 0x0000000706400000, 0x0000000706600000|  0%| F|  |TAMS 0x0000000706400000, 0x0000000706400000| Untracked 
|  17|0x0000000706600000, 0x0000000706600000, 0x0000000706800000|  0%| F|  |TAMS 0x0000000706600000, 0x0000000706600000| Untracked 
|  18|0x0000000706800000, 0x0000000706800000, 0x0000000706a00000|  0%| F|  |TAMS 0x0000000706800000, 0x0000000706800000| Untracked 
|  19|0x0000000706a00000, 0x0000000706a00000, 0x0000000706c00000|  0%| F|  |TAMS 0x0000000706a00000, 0x0000000706a00000| Untracked 
|  20|0x0000000706c00000, 0x0000000706c00000, 0x0000000706e00000|  0%| F|  |TAMS 0x0000000706c00000, 0x0000000706c00000| Untracked 
|  21|0x0000000706e00000, 0x0000000706e00000, 0x0000000707000000|  0%| F|  |TAMS 0x0000000706e00000, 0x0000000706e00000| Untracked 
|  22|0x0000000707000000, 0x0000000707000000, 0x0000000707200000|  0%| F|  |TAMS 0x0000000707000000, 0x0000000707000000| Untracked 
|  23|0x0000000707200000, 0x0000000707200000, 0x0000000707400000|  0%| F|  |TAMS 0x0000000707200000, 0x0000000707200000| Untracked 
|  24|0x0000000707400000, 0x0000000707400000, 0x0000000707600000|  0%| F|  |TAMS 0x0000000707400000, 0x0000000707400000| Untracked 
|  25|0x0000000707600000, 0x0000000707600000, 0x0000000707800000|  0%| F|  |TAMS 0x0000000707600000, 0x0000000707600000| Untracked 
|  26|0x0000000707800000, 0x0000000707800000, 0x0000000707a00000|  0%| F|  |TAMS 0x0000000707800000, 0x0000000707800000| Untracked 
|  27|0x0000000707a00000, 0x0000000707a00000, 0x0000000707c00000|  0%| F|  |TAMS 0x0000000707a00000, 0x0000000707a00000| Untracked 
|  28|0x0000000707c00000, 0x0000000707c00000, 0x0000000707e00000|  0%| F|  |TAMS 0x0000000707c00000, 0x0000000707c00000| Untracked 
|  29|0x0000000707e00000, 0x0000000707e00000, 0x0000000708000000|  0%| F|  |TAMS 0x0000000707e00000, 0x0000000707e00000| Untracked 
|  30|0x0000000708000000, 0x0000000708000000, 0x0000000708200000|  0%| F|  |TAMS 0x0000000708000000, 0x0000000708000000| Untracked 
|  31|0x0000000708200000, 0x0000000708200000, 0x0000000708400000|  0%| F|  |TAMS 0x0000000708200000, 0x0000000708200000| Untracked 
|  32|0x0000000708400000, 0x0000000708400000, 0x0000000708600000|  0%| F|  |TAMS 0x0000000708400000, 0x0000000708400000| Untracked 
|  33|0x0000000708600000, 0x0000000708600000, 0x0000000708800000|  0%| F|  |TAMS 0x0000000708600000, 0x0000000708600000| Untracked 
|  34|0x0000000708800000, 0x0000000708800000, 0x0000000708a00000|  0%| F|  |TAMS 0x0000000708800000, 0x0000000708800000| Untracked 
|  35|0x0000000708a00000, 0x0000000708a00000, 0x0000000708c00000|  0%| F|  |TAMS 0x0000000708a00000, 0x0000000708a00000| Untracked 
|  36|0x0000000708c00000, 0x0000000708c00000, 0x0000000708e00000|  0%| F|  |TAMS 0x0000000708c00000, 0x0000000708c00000| Untracked 
|  37|0x0000000708e00000, 0x0000000708e00000, 0x0000000709000000|  0%| F|  |TAMS 0x0000000708e00000, 0x0000000708e00000| Untracked 
|  38|0x0000000709000000, 0x0000000709000000, 0x0000000709200000|  0%| F|  |TAMS 0x0000000709000000, 0x0000000709000000| Untracked 
|  39|0x0000000709200000, 0x0000000709200000, 0x0000000709400000|  0%| F|  |TAMS 0x0000000709200000, 0x0000000709200000| Untracked 
|  40|0x0000000709400000, 0x0000000709400000, 0x0000000709600000|  0%| F|  |TAMS 0x0000000709400000, 0x0000000709400000| Untracked 
|  41|0x0000000709600000, 0x0000000709600000, 0x0000000709800000|  0%| F|  |TAMS 0x0000000709600000, 0x0000000709600000| Untracked 
|  42|0x0000000709800000, 0x0000000709800000, 0x0000000709a00000|  0%| F|  |TAMS 0x0000000709800000, 0x0000000709800000| Untracked 
|  43|0x0000000709a00000, 0x0000000709a00000, 0x0000000709c00000|  0%| F|  |TAMS 0x0000000709a00000, 0x0000000709a00000| Untracked 
|  44|0x0000000709c00000, 0x0000000709c00000, 0x0000000709e00000|  0%| F|  |TAMS 0x0000000709c00000, 0x0000000709c00000| Untracked 
|  45|0x0000000709e00000, 0x0000000709e00000, 0x000000070a000000|  0%| F|  |TAMS 0x0000000709e00000, 0x0000000709e00000| Untracked 
|  46|0x000000070a000000, 0x000000070a000000, 0x000000070a200000|  0%| F|  |TAMS 0x000000070a000000, 0x000000070a000000| Untracked 
|  47|0x000000070a200000, 0x000000070a200000, 0x000000070a400000|  0%| F|  |TAMS 0x000000070a200000, 0x000000070a200000| Untracked 
|  48|0x000000070a400000, 0x000000070a400000, 0x000000070a600000|  0%| F|  |TAMS 0x000000070a400000, 0x000000070a400000| Untracked 
|  49|0x000000070a600000, 0x000000070a600000, 0x000000070a800000|  0%| F|  |TAMS 0x000000070a600000, 0x000000070a600000| Untracked 
|  50|0x000000070a800000, 0x000000070a800000, 0x000000070aa00000|  0%| F|  |TAMS 0x000000070a800000, 0x000000070a800000| Untracked 
|  51|0x000000070aa00000, 0x000000070aa00000, 0x000000070ac00000|  0%| F|  |TAMS 0x000000070aa00000, 0x000000070aa00000| Untracked 
|  52|0x000000070ac00000, 0x000000070ac00000, 0x000000070ae00000|  0%| F|  |TAMS 0x000000070ac00000, 0x000000070ac00000| Untracked 
|  53|0x000000070ae00000, 0x000000070ae00000, 0x000000070b000000|  0%| F|  |TAMS 0x000000070ae00000, 0x000000070ae00000| Untracked 
|  54|0x000000070b000000, 0x000000070b000000, 0x000000070b200000|  0%| F|  |TAMS 0x000000070b000000, 0x000000070b000000| Untracked 
|  55|0x000000070b200000, 0x000000070b200000, 0x000000070b400000|  0%| F|  |TAMS 0x000000070b200000, 0x000000070b200000| Untracked 
|  56|0x000000070b400000, 0x000000070b400000, 0x000000070b600000|  0%| F|  |TAMS 0x000000070b400000, 0x000000070b400000| Untracked 
|  57|0x000000070b600000, 0x000000070b600000, 0x000000070b800000|  0%| F|  |TAMS 0x000000070b600000, 0x000000070b600000| Untracked 
|  58|0x000000070b800000, 0x000000070b800000, 0x000000070ba00000|  0%| F|  |TAMS 0x000000070b800000, 0x000000070b800000| Untracked 
|  59|0x000000070ba00000, 0x000000070ba00000, 0x000000070bc00000|  0%| F|  |TAMS 0x000000070ba00000, 0x000000070ba00000| Untracked 
|  60|0x000000070bc00000, 0x000000070bc00000, 0x000000070be00000|  0%| F|  |TAMS 0x000000070bc00000, 0x000000070bc00000| Untracked 
|  61|0x000000070be00000, 0x000000070be00000, 0x000000070c000000|  0%| F|  |TAMS 0x000000070be00000, 0x000000070be00000| Untracked 
|  62|0x000000070c000000, 0x000000070c000000, 0x000000070c200000|  0%| F|  |TAMS 0x000000070c000000, 0x000000070c000000| Untracked 
|  63|0x000000070c200000, 0x000000070c200000, 0x000000070c400000|  0%| F|  |TAMS 0x000000070c200000, 0x000000070c200000| Untracked 
|  64|0x000000070c400000, 0x000000070c400000, 0x000000070c600000|  0%| F|  |TAMS 0x000000070c400000, 0x000000070c400000| Untracked 
|  65|0x000000070c600000, 0x000000070c600000, 0x000000070c800000|  0%| F|  |TAMS 0x000000070c600000, 0x000000070c600000| Untracked 
|  66|0x000000070c800000, 0x000000070c800000, 0x000000070ca00000|  0%| F|  |TAMS 0x000000070c800000, 0x000000070c800000| Untracked 
|  67|0x000000070ca00000, 0x000000070ca00000, 0x000000070cc00000|  0%| F|  |TAMS 0x000000070ca00000, 0x000000070ca00000| Untracked 
|  68|0x000000070cc00000, 0x000000070cc00000, 0x000000070ce00000|  0%| F|  |TAMS 0x000000070cc00000, 0x000000070cc00000| Untracked 
|  69|0x000000070ce00000, 0x000000070ce00000, 0x000000070d000000|  0%| F|  |TAMS 0x000000070ce00000, 0x000000070ce00000| Untracked 
|  70|0x000000070d000000, 0x000000070d000000, 0x000000070d200000|  0%| F|  |TAMS 0x000000070d000000, 0x000000070d000000| Untracked 
|  71|0x000000070d200000, 0x000000070d200000, 0x000000070d400000|  0%| F|  |TAMS 0x000000070d200000, 0x000000070d200000| Untracked 
|  72|0x000000070d400000, 0x000000070d400000, 0x000000070d600000|  0%| F|  |TAMS 0x000000070d400000, 0x000000070d400000| Untracked 
|  73|0x000000070d600000, 0x000000070d600000, 0x000000070d800000|  0%| F|  |TAMS 0x000000070d600000, 0x000000070d600000| Untracked 
|  74|0x000000070d800000, 0x000000070d800000, 0x000000070da00000|  0%| F|  |TAMS 0x000000070d800000, 0x000000070d800000| Untracked 
|  75|0x000000070da00000, 0x000000070da00000, 0x000000070dc00000|  0%| F|  |TAMS 0x000000070da00000, 0x000000070da00000| Untracked 
|  76|0x000000070dc00000, 0x000000070dc00000, 0x000000070de00000|  0%| F|  |TAMS 0x000000070dc00000, 0x000000070dc00000| Untracked 
|  77|0x000000070de00000, 0x000000070de00000, 0x000000070e000000|  0%| F|  |TAMS 0x000000070de00000, 0x000000070de00000| Untracked 
|  78|0x000000070e000000, 0x000000070e000000, 0x000000070e200000|  0%| F|  |TAMS 0x000000070e000000, 0x000000070e000000| Untracked 
|  79|0x000000070e200000, 0x000000070e200000, 0x000000070e400000|  0%| F|  |TAMS 0x000000070e200000, 0x000000070e200000| Untracked 
|  80|0x000000070e400000, 0x000000070e400000, 0x000000070e600000|  0%| F|  |TAMS 0x000000070e400000, 0x000000070e400000| Untracked 
|  81|0x000000070e600000, 0x000000070e600000, 0x000000070e800000|  0%| F|  |TAMS 0x000000070e600000, 0x000000070e600000| Untracked 
|  82|0x000000070e800000, 0x000000070e800000, 0x000000070ea00000|  0%| F|  |TAMS 0x000000070e800000, 0x000000070e800000| Untracked 
|  83|0x000000070ea00000, 0x000000070ea00000, 0x000000070ec00000|  0%| F|  |TAMS 0x000000070ea00000, 0x000000070ea00000| Untracked 
|  84|0x000000070ec00000, 0x000000070ec00000, 0x000000070ee00000|  0%| F|  |TAMS 0x000000070ec00000, 0x000000070ec00000| Untracked 
|  85|0x000000070ee00000, 0x000000070ee00000, 0x000000070f000000|  0%| F|  |TAMS 0x000000070ee00000, 0x000000070ee00000| Untracked 
|  86|0x000000070f000000, 0x000000070f000000, 0x000000070f200000|  0%| F|  |TAMS 0x000000070f000000, 0x000000070f000000| Untracked 
|  87|0x000000070f200000, 0x000000070f200000, 0x000000070f400000|  0%| F|  |TAMS 0x000000070f200000, 0x000000070f200000| Untracked 
|  88|0x000000070f400000, 0x000000070f400000, 0x000000070f600000|  0%| F|  |TAMS 0x000000070f400000, 0x000000070f400000| Untracked 
|  89|0x000000070f600000, 0x000000070f600000, 0x000000070f800000|  0%| F|  |TAMS 0x000000070f600000, 0x000000070f600000| Untracked 
|  90|0x000000070f800000, 0x000000070f800000, 0x000000070fa00000|  0%| F|  |TAMS 0x000000070f800000, 0x000000070f800000| Untracked 
|  91|0x000000070fa00000, 0x000000070fa00000, 0x000000070fc00000|  0%| F|  |TAMS 0x000000070fa00000, 0x000000070fa00000| Untracked 
|  92|0x000000070fc00000, 0x000000070fc00000, 0x000000070fe00000|  0%| F|  |TAMS 0x000000070fc00000, 0x000000070fc00000| Untracked 
|  93|0x000000070fe00000, 0x000000070fe00000, 0x0000000710000000|  0%| F|  |TAMS 0x000000070fe00000, 0x000000070fe00000| Untracked 
|  94|0x0000000710000000, 0x0000000710000000, 0x0000000710200000|  0%| F|  |TAMS 0x0000000710000000, 0x0000000710000000| Untracked 
|  95|0x0000000710200000, 0x0000000710200000, 0x0000000710400000|  0%| F|  |TAMS 0x0000000710200000, 0x0000000710200000| Untracked 
|  96|0x0000000710400000, 0x0000000710400000, 0x0000000710600000|  0%| F|  |TAMS 0x0000000710400000, 0x0000000710400000| Untracked 
|  97|0x0000000710600000, 0x0000000710600000, 0x0000000710800000|  0%| F|  |TAMS 0x0000000710600000, 0x0000000710600000| Untracked 
|  98|0x0000000710800000, 0x0000000710800000, 0x0000000710a00000|  0%| F|  |TAMS 0x0000000710800000, 0x0000000710800000| Untracked 
|  99|0x0000000710a00000, 0x0000000710a00000, 0x0000000710c00000|  0%| F|  |TAMS 0x0000000710a00000, 0x0000000710a00000| Untracked 
| 100|0x0000000710c00000, 0x0000000710c00000, 0x0000000710e00000|  0%| F|  |TAMS 0x0000000710c00000, 0x0000000710c00000| Untracked 
| 101|0x0000000710e00000, 0x0000000710e00000, 0x0000000711000000|  0%| F|  |TAMS 0x0000000710e00000, 0x0000000710e00000| Untracked 
| 102|0x0000000711000000, 0x0000000711000000, 0x0000000711200000|  0%| F|  |TAMS 0x0000000711000000, 0x0000000711000000| Untracked 
| 103|0x0000000711200000, 0x0000000711300698, 0x0000000711400000| 50%| E|  |TAMS 0x0000000711200000, 0x0000000711200000| Complete 
| 104|0x0000000711400000, 0x0000000711600000, 0x0000000711600000|100%| E|CS|TAMS 0x0000000711400000, 0x0000000711400000| Complete 
| 105|0x0000000711600000, 0x0000000711800000, 0x0000000711800000|100%| E|CS|TAMS 0x0000000711600000, 0x0000000711600000| Complete 
| 106|0x0000000711800000, 0x0000000711a00000, 0x0000000711a00000|100%| E|CS|TAMS 0x0000000711800000, 0x0000000711800000| Complete 
| 107|0x0000000711a00000, 0x0000000711c00000, 0x0000000711c00000|100%| E|CS|TAMS 0x0000000711a00000, 0x0000000711a00000| Complete 
| 108|0x0000000711c00000, 0x0000000711e00000, 0x0000000711e00000|100%| E|CS|TAMS 0x0000000711c00000, 0x0000000711c00000| Complete 
| 109|0x0000000711e00000, 0x0000000711e12df0, 0x0000000712000000|  3%| S|CS|TAMS 0x0000000711e00000, 0x0000000711e00000| Complete 
| 110|0x0000000712000000, 0x0000000712200000, 0x0000000712200000|100%| S|CS|TAMS 0x0000000712000000, 0x0000000712000000| Complete 
| 111|0x0000000712200000, 0x0000000712400000, 0x0000000712400000|100%| E|CS|TAMS 0x0000000712200000, 0x0000000712200000| Complete 
| 112|0x0000000712400000, 0x0000000712600000, 0x0000000712600000|100%| E|CS|TAMS 0x0000000712400000, 0x0000000712400000| Complete 
| 113|0x0000000712600000, 0x0000000712800000, 0x0000000712800000|100%| E|CS|TAMS 0x0000000712600000, 0x0000000712600000| Complete 
| 114|0x0000000712800000, 0x0000000712a00000, 0x0000000712a00000|100%| E|CS|TAMS 0x0000000712800000, 0x0000000712800000| Complete 
| 115|0x0000000712a00000, 0x0000000712c00000, 0x0000000712c00000|100%| E|CS|TAMS 0x0000000712a00000, 0x0000000712a00000| Complete 
| 116|0x0000000712c00000, 0x0000000712e00000, 0x0000000712e00000|100%| E|CS|TAMS 0x0000000712c00000, 0x0000000712c00000| Complete 
| 117|0x0000000712e00000, 0x0000000713000000, 0x0000000713000000|100%| E|CS|TAMS 0x0000000712e00000, 0x0000000712e00000| Complete 
| 118|0x0000000713000000, 0x0000000713200000, 0x0000000713200000|100%| E|CS|TAMS 0x0000000713000000, 0x0000000713000000| Complete 
| 119|0x0000000713200000, 0x0000000713400000, 0x0000000713400000|100%| E|CS|TAMS 0x0000000713200000, 0x0000000713200000| Complete 
| 120|0x0000000713400000, 0x0000000713600000, 0x0000000713600000|100%| E|CS|TAMS 0x0000000713400000, 0x0000000713400000| Complete 
| 121|0x0000000713600000, 0x0000000713800000, 0x0000000713800000|100%| E|CS|TAMS 0x0000000713600000, 0x0000000713600000| Complete 
| 122|0x0000000713800000, 0x0000000713a00000, 0x0000000713a00000|100%| E|CS|TAMS 0x0000000713800000, 0x0000000713800000| Complete 
| 123|0x0000000713a00000, 0x0000000713c00000, 0x0000000713c00000|100%| E|CS|TAMS 0x0000000713a00000, 0x0000000713a00000| Complete 
| 124|0x0000000713c00000, 0x0000000713e00000, 0x0000000713e00000|100%| E|CS|TAMS 0x0000000713c00000, 0x0000000713c00000| Complete 
| 125|0x0000000713e00000, 0x0000000714000000, 0x0000000714000000|100%| E|CS|TAMS 0x0000000713e00000, 0x0000000713e00000| Complete 

Card table byte_map: [0x0000025f37300000,0x0000025f37ae0000] _byte_map_base: 0x0000025f33ade000

Marking Bits (Prev, Next): (CMBitMap*) 0x0000025f1eee6180, (CMBitMap*) 0x0000025f1eee61c0
 Prev Bits: [0x0000025f382c0000, 0x0000025f3c1b0000)
 Next Bits: [0x0000025f3c1b0000, 0x0000025f400a0000)

Polling page: 0x0000025f1d590000

Metaspace:

Usage:
  Non-class:     16.95 MB used.
      Class:      2.47 MB used.
       Both:     19.42 MB used.

Virtual space:
  Non-class space:       64.00 MB reserved,      17.12 MB ( 27%) committed,  1 nodes.
      Class space:        1.00 GB reserved,       2.56 MB ( <1%) committed,  1 nodes.
             Both:        1.06 GB reserved,      19.69 MB (  2%) committed. 

Chunk freelists:
   Non-Class:  14.42 MB
       Class:  13.40 MB
        Both:  27.82 MB

MaxMetaspaceSize: unlimited
CompressedClassSpaceSize: 1.00 GB
Initial GC threshold: 21.00 MB
Current GC threshold: 21.00 MB
CDS: on
MetaspaceReclaimPolicy: balanced
 - commit_granule_bytes: 65536.
 - commit_granule_words: 8192.
 - virtual_space_node_default_size: 8388608.
 - enlarge_chunks_in_place: 1.
 - new_chunks_are_fully_committed: 0.
 - uncommit_free_chunks: 1.
 - use_allocation_guard: 0.
 - handle_deallocations: 1.


Internal statistics:

num_allocs_failed_limit: 0.
num_arena_births: 226.
num_arena_deaths: 0.
num_vsnodes_births: 2.
num_vsnodes_deaths: 0.
num_space_committed: 315.
num_space_uncommitted: 0.
num_chunks_returned_to_freelist: 0.
num_chunks_taken_from_freelist: 868.
num_chunk_merges: 0.
num_chunk_splits: 621.
num_chunks_enlarged: 504.
num_inconsistent_stats: 0.

CodeHeap 'non-profiled nmethods': size=119168Kb used=1199Kb max_used=1199Kb free=117968Kb
 bounds [0x0000025f2e700000, 0x0000025f2e970000, 0x0000025f35b60000]
CodeHeap 'profiled nmethods': size=119104Kb used=5538Kb max_used=5538Kb free=113565Kb
 bounds [0x0000025f26b60000, 0x0000025f270d0000, 0x0000025f2dfb0000]
CodeHeap 'non-nmethods': size=7488Kb used=1769Kb max_used=2939Kb free=5718Kb
 bounds [0x0000025f2dfb0000, 0x0000025f2e2a0000, 0x0000025f2e700000]
 total_blobs=3212 nmethods=2706 adapters=417
 compilation: enabled
              stopped_count=0, restarted_count=0
 full_count=0

Compilation events (20 events):
Event: 2.593 Thread 0x0000025f432d67d0 nmethod 2680 0x0000025f270b6790 code [0x0000025f270b6940, 0x0000025f270b6b28]
Event: 2.594 Thread 0x0000025f432d67d0 2681       3       java.util.Collections::unmodifiableMap (20 bytes)
Event: 2.594 Thread 0x0000025f4266e7f0 2682       3       java.util.Collections$UnmodifiableMap::<init> (22 bytes)
Event: 2.594 Thread 0x0000025f4266e7f0 nmethod 2682 0x0000025f270b6c10 code [0x0000025f270b6dc0, 0x0000025f270b7088]
Event: 2.594 Thread 0x0000025f432d67d0 nmethod 2681 0x0000025f270b7190 code [0x0000025f270b7360, 0x0000025f270b7788]
Event: 2.594 Thread 0x0000025f432d67d0 2683       3       org.springframework.beans.factory.support.DefaultSingletonBeanRegistry::containsSingleton (11 bytes)
Event: 2.594 Thread 0x0000025f432d67d0 nmethod 2683 0x0000025f270b7910 code [0x0000025f270b7ac0, 0x0000025f270b7ca8]
Event: 2.595 Thread 0x0000025f432d6da0 2684       3       java.util.TreeMap$Entry::<init> (25 bytes)
Event: 2.595 Thread 0x0000025f432d6da0 nmethod 2684 0x0000025f270b7d90 code [0x0000025f270b7f40, 0x0000025f270b81d8]
Event: 2.596 Thread 0x0000025f432c6220 2686       3       java.util.LinkedHashMap::getOrDefault (29 bytes)
Event: 2.597 Thread 0x0000025f432c6220 nmethod 2686 0x0000025f270b8290 code [0x0000025f270b8440, 0x0000025f270b8718]
Event: 2.602 Thread 0x0000025f432d67d0 2687       3       org.springframework.core.type.classreading.MergedAnnotationReadingVisitor::visitArray (16 bytes)
Event: 2.603 Thread 0x0000025f432d67d0 nmethod 2687 0x0000025f270b8810 code [0x0000025f270b8a60, 0x0000025f270b95b8]
Event: 2.606 Thread 0x0000025f4334f150 nmethod 2679 0x0000025f2e824810 code [0x0000025f2e8249a0, 0x0000025f2e825238]
Event: 2.606 Thread 0x0000025f4334f150 2685       4       org.springframework.core.annotation.RepeatableContainers::standardRepeatables (4 bytes)
Event: 2.607 Thread 0x0000025f4334f150 nmethod 2685 0x0000025f2e825610 code [0x0000025f2e825780, 0x0000025f2e8257d8]
Event: 2.619 Thread 0x0000025f432c6220 2688       3       org.springframework.core.type.classreading.MergedAnnotationReadingVisitor$ArrayVisitor::visitEnd (42 bytes)
Event: 2.619 Thread 0x0000025f432c6220 nmethod 2688 0x0000025f270b9990 code [0x0000025f270b9b80, 0x0000025f270ba0c8]
Event: 2.624 Thread 0x0000025f4266e7f0 2689       3       org.springframework.core.type.classreading.MergedAnnotationReadingVisitor$$Lambda$294/0x0000025f45204de8::accept (16 bytes)
Event: 2.627 Thread 0x0000025f432c6220 2690       3       org.springframework.core.type.classreading.MergedAnnotationReadingVisitor::lambda$visitArray$2 (13 bytes)

GC Heap History (4 events):
Event: 0.558 GC heap before
{Heap before GC invocations=0 (full 0):
 garbage-first heap   total 258048K, used 20480K [0x0000000704400000, 0x0000000800000000)
  region size 2048K, 11 young (22528K), 0 survivors (0K)
 Metaspace       used 6152K, committed 6400K, reserved 1114112K
  class space    used 720K, committed 832K, reserved 1048576K
}
Event: 0.561 GC heap after
{Heap after GC invocations=1 (full 0):
 garbage-first heap   total 258048K, used 5210K [0x0000000704400000, 0x0000000800000000)
  region size 2048K, 2 young (4096K), 2 survivors (4096K)
 Metaspace       used 6152K, committed 6400K, reserved 1114112K
  class space    used 720K, committed 832K, reserved 1048576K
}
Event: 0.965 GC heap before
{Heap before GC invocations=1 (full 0):
 garbage-first heap   total 258048K, used 31834K [0x0000000704400000, 0x0000000800000000)
  region size 2048K, 15 young (30720K), 2 survivors (4096K)
 Metaspace       used 12219K, committed 12416K, reserved 1114112K
  class space    used 1629K, committed 1728K, reserved 1048576K
}
Event: 0.983 GC heap after
{Heap after GC invocations=2 (full 0):
 garbage-first heap   total 258048K, used 7413K [0x0000000704400000, 0x0000000800000000)
  region size 2048K, 2 young (4096K), 2 survivors (4096K)
 Metaspace       used 12219K, committed 12416K, reserved 1114112K
  class space    used 1629K, committed 1728K, reserved 1048576K
}

Deoptimization events (20 events):
Event: 2.534 Thread 0x0000025f1ee7e4b0 Uncommon trap: trap_request=0xffffffbe fr.pc=0x0000025f2e816550 relative=0x0000000000001990
Event: 2.534 Thread 0x0000025f1ee7e4b0 Uncommon trap: reason=profile_predicate action=maybe_recompile pc=0x0000025f2e816550 method=jdk.internal.jimage.ImageStringsReader.stringFromByteBufferMatches(Ljava/nio/ByteBuffer;ILjava/lang/String;I)I @ 19 c2
Event: 2.534 Thread 0x0000025f1ee7e4b0 DEOPT PACKING pc=0x0000025f2e816550 sp=0x00000067262fdcb0
Event: 2.534 Thread 0x0000025f1ee7e4b0 DEOPT UNPACKING pc=0x0000025f2e0023a3 sp=0x00000067262fd9e8 mode 2
Event: 2.534 Thread 0x0000025f1ee7e4b0 Uncommon trap: trap_request=0xffffffbe fr.pc=0x0000025f2e816550 relative=0x0000000000001990
Event: 2.534 Thread 0x0000025f1ee7e4b0 Uncommon trap: reason=profile_predicate action=maybe_recompile pc=0x0000025f2e816550 method=jdk.internal.jimage.ImageStringsReader.stringFromByteBufferMatches(Ljava/nio/ByteBuffer;ILjava/lang/String;I)I @ 19 c2
Event: 2.534 Thread 0x0000025f1ee7e4b0 DEOPT PACKING pc=0x0000025f2e816550 sp=0x00000067262fdcb0
Event: 2.534 Thread 0x0000025f1ee7e4b0 DEOPT UNPACKING pc=0x0000025f2e0023a3 sp=0x00000067262fd9e8 mode 2
Event: 2.534 Thread 0x0000025f1ee7e4b0 Uncommon trap: trap_request=0xffffffbe fr.pc=0x0000025f2e816550 relative=0x0000000000001990
Event: 2.534 Thread 0x0000025f1ee7e4b0 Uncommon trap: reason=profile_predicate action=maybe_recompile pc=0x0000025f2e816550 method=jdk.internal.jimage.ImageStringsReader.stringFromByteBufferMatches(Ljava/nio/ByteBuffer;ILjava/lang/String;I)I @ 19 c2
Event: 2.534 Thread 0x0000025f1ee7e4b0 DEOPT PACKING pc=0x0000025f2e816550 sp=0x00000067262fdcb0
Event: 2.534 Thread 0x0000025f1ee7e4b0 DEOPT UNPACKING pc=0x0000025f2e0023a3 sp=0x00000067262fd9e8 mode 2
Event: 2.534 Thread 0x0000025f1ee7e4b0 Uncommon trap: trap_request=0xffffffbe fr.pc=0x0000025f2e816550 relative=0x0000000000001990
Event: 2.534 Thread 0x0000025f1ee7e4b0 Uncommon trap: reason=profile_predicate action=maybe_recompile pc=0x0000025f2e816550 method=jdk.internal.jimage.ImageStringsReader.stringFromByteBufferMatches(Ljava/nio/ByteBuffer;ILjava/lang/String;I)I @ 19 c2
Event: 2.534 Thread 0x0000025f1ee7e4b0 DEOPT PACKING pc=0x0000025f2e816550 sp=0x00000067262fdcb0
Event: 2.534 Thread 0x0000025f1ee7e4b0 DEOPT UNPACKING pc=0x0000025f2e0023a3 sp=0x00000067262fd9e8 mode 2
Event: 2.534 Thread 0x0000025f1ee7e4b0 Uncommon trap: trap_request=0xffffffbe fr.pc=0x0000025f2e81933c relative=0x000000000000041c
Event: 2.534 Thread 0x0000025f1ee7e4b0 Uncommon trap: reason=profile_predicate action=maybe_recompile pc=0x0000025f2e81933c method=jdk.internal.jimage.ImageStringsReader.stringFromByteBufferMatches(Ljava/nio/ByteBuffer;ILjava/lang/String;I)I @ 19 c2
Event: 2.534 Thread 0x0000025f1ee7e4b0 DEOPT PACKING pc=0x0000025f2e81933c sp=0x00000067262fda60
Event: 2.534 Thread 0x0000025f1ee7e4b0 DEOPT UNPACKING pc=0x0000025f2e0023a3 sp=0x00000067262fd9c8 mode 2

Classes unloaded (0 events):
No events

Classes redefined (0 events):
No events

Internal exceptions (20 events):
Event: 0.691 Thread 0x0000025f1ee7e4b0 Exception <a 'java/lang/NoSuchMethodError'{0x00000007136bc8b8}: 'void java.lang.invoke.DirectMethodHandle$Holder.invokeStaticInit(java.lang.Object, java.lang.Object)'> (0x00000007136bc8b8) 
thrown [s\open\src\hotspot\share\interpreter\linkResolver.cpp, line 759]
Event: 0.692 Thread 0x0000025f1ee7e4b0 Exception <a 'java/lang/NoSuchMethodError'{0x00000007136c9958}: 'void java.lang.invoke.DirectMethodHandle$Holder.invokeStaticInit(java.lang.Object, java.lang.Object, java.lang.Object)'> (0x00000007136c9958) 
thrown [s\open\src\hotspot\share\interpreter\linkResolver.cpp, line 759]
Event: 0.696 Thread 0x0000025f1ee7e4b0 Exception <a 'java/lang/NoSuchMethodError'{0x0000000713707810}: 'java.lang.Object java.lang.invoke.DirectMethodHandle$Holder.invokeStatic(java.lang.Object, java.lang.Object, long, java.lang.Object)'> (0x0000000713707810) 
thrown [s\open\src\hotspot\share\interpreter\linkResolver.cpp, line 759]
Event: 0.696 Thread 0x0000025f1ee7e4b0 Exception <a 'java/lang/NoSuchMethodError'{0x000000071370b2a8}: 'java.lang.Object java.lang.invoke.DirectMethodHandle$Holder.invokeStaticInit(java.lang.Object, java.lang.Object, long, java.lang.Object)'> (0x000000071370b2a8) 
thrown [s\open\src\hotspot\share\interpreter\linkResolver.cpp, line 759]
Event: 0.697 Thread 0x0000025f1ee7e4b0 Exception <a 'java/lang/NoSuchMethodError'{0x00000007137119e8}: 'java.lang.Object java.lang.invoke.DirectMethodHandle$Holder.newInvokeSpecial(java.lang.Object, java.lang.Object, long)'> (0x00000007137119e8) 
thrown [s\open\src\hotspot\share\interpreter\linkResolver.cpp, line 759]
Event: 0.697 Thread 0x0000025f1ee7e4b0 Exception <a 'java/lang/NoSuchMethodError'{0x0000000713715558}: 'java.lang.Object java.lang.invoke.Invokers$Holder.linkToTargetMethod(java.lang.Object, long, java.lang.Object)'> (0x0000000713715558) 
thrown [s\open\src\hotspot\share\interpreter\linkResolver.cpp, line 759]
Event: 0.709 Thread 0x0000025f1ee7e4b0 Exception <a 'java/lang/NoSuchMethodError'{0x0000000713761648}: 'void java.lang.invoke.DirectMethodHandle$Holder.invokeVirtual(java.lang.Object, java.lang.Object, java.lang.Object, java.lang.Object)'> (0x0000000713761648) 
thrown [s\open\src\hotspot\share\interpreter\linkResolver.cpp, line 759]
Event: 0.736 Thread 0x0000025f1ee7e4b0 Exception <a 'java/lang/NoSuchMethodError'{0x00000007134b1508}: 'void java.lang.invoke.DirectMethodHandle$Holder.invokeSpecial(java.lang.Object, java.lang.Object, java.lang.Object)'> (0x00000007134b1508) 
thrown [s\open\src\hotspot\share\interpreter\linkResolver.cpp, line 759]
Event: 0.743 Thread 0x0000025f1ee7e4b0 Exception <a 'java/lang/IncompatibleClassChangeError'{0x00000007134e3418}: Found class java.lang.Object, but interface was expected> (0x00000007134e3418) 
thrown [s\open\src\hotspot\share\interpreter\linkResolver.cpp, line 826]
Event: 1.065 Thread 0x0000025f1ee7e4b0 Exception <a 'sun/nio/fs/WindowsException'{0x0000000713b7a7a8}> (0x0000000713b7a7a8) 
thrown [s\open\src\hotspot\share\prims\jni.cpp, line 516]
Event: 1.066 Thread 0x0000025f1ee7e4b0 Exception <a 'java/lang/NoSuchMethodError'{0x0000000713b7c070}: 'int java.lang.invoke.DirectMethodHandle$Holder.invokeSpecial(java.lang.Object, java.lang.Object, java.lang.Object, java.lang.Object, java.lang.Object)'> (0x0000000713b7c070) 
thrown [s\open\src\hotspot\share\interpreter\linkResolver.cpp, line 759]
Event: 1.068 Thread 0x0000025f1ee7e4b0 Exception <a 'java/lang/NoSuchMethodError'{0x0000000713b84da0}: 'void java.lang.invoke.DirectMethodHandle$Holder.invokeVirtual(java.lang.Object, java.lang.Object)'> (0x0000000713b84da0) 
thrown [s\open\src\hotspot\share\interpreter\linkResolver.cpp, line 759]
Event: 1.196 Thread 0x0000025f1ee7e4b0 Exception <a 'java/lang/reflect/InvocationTargetException'{0x0000000713181f90}> (0x0000000713181f90) 
thrown [s\open\src\hotspot\share\runtime\reflection.cpp, line 1121]
Event: 1.356 Thread 0x0000025f1ee7e4b0 Exception <a 'java/lang/IncompatibleClassChangeError'{0x0000000712560ad0}: Found class java.lang.Object, but interface was expected> (0x0000000712560ad0) 
thrown [s\open\src\hotspot\share\interpreter\linkResolver.cpp, line 826]
Event: 1.425 Thread 0x0000025f432be8a0 Exception <a 'java/lang/NoSuchMethodError'{0x0000000711857c78}: 'long java.lang.invoke.DirectMethodHandle$Holder.invokeSpecial(java.lang.Object, java.lang.Object)'> (0x0000000711857c78) 
thrown [s\open\src\hotspot\share\interpreter\linkResolver.cpp, line 759]
Event: 1.427 Thread 0x0000025f432be8a0 Exception <a 'java/lang/NoSuchMethodError'{0x0000000711862ea0}: 'long java.lang.invoke.DirectMethodHandle$Holder.invokeStatic(java.lang.Object, java.lang.Object)'> (0x0000000711862ea0) 
thrown [s\open\src\hotspot\share\interpreter\linkResolver.cpp, line 759]
Event: 1.428 Thread 0x0000025f432be8a0 Exception <a 'java/lang/NoSuchMethodError'{0x00000007118664a0}: 'long java.lang.invoke.DirectMethodHandle$Holder.invokeStaticInit(java.lang.Object, java.lang.Object)'> (0x00000007118664a0) 
thrown [s\open\src\hotspot\share\interpreter\linkResolver.cpp, line 759]
Event: 1.430 Thread 0x0000025f432be8a0 Exception <a 'java/lang/NoSuchMethodError'{0x0000000711874048}: 'long java.lang.invoke.DirectMethodHandle$Holder.invokeInterface(java.lang.Object, java.lang.Object)'> (0x0000000711874048) 
thrown [s\open\src\hotspot\share\interpreter\linkResolver.cpp, line 759]
Event: 1.430 Thread 0x0000025f432be8a0 Exception <a 'java/lang/IncompatibleClassChangeError'{0x00000007118775d8}: Found class java.lang.Object, but interface was expected> (0x00000007118775d8) 
thrown [s\open\src\hotspot\share\interpreter\linkResolver.cpp, line 826]
Event: 1.445 Thread 0x0000025f432be8a0 Exception <a 'java/lang/NoSuchMethodError'{0x00000007119e1f18}: 'java.lang.Object java.lang.invoke.DirectMethodHandle$Holder.invokeVirtual(java.lang.Object, java.lang.Object, java.lang.Object, java.lang.Object)'> (0x00000007119e1f18) 
thrown [s\open\src\hotspot\share\interpreter\linkResolver.cpp, line 759]

VM Operations (20 events):
Event: 0.863 Executing VM operation: HandshakeAllThreads done
Event: 0.965 Executing VM operation: G1CollectForAllocation
Event: 0.983 Executing VM operation: G1CollectForAllocation done
Event: 0.985 Executing VM operation: HandshakeAllThreads
Event: 0.985 Executing VM operation: HandshakeAllThreads done
Event: 1.050 Executing VM operation: HandshakeAllThreads
Event: 1.050 Executing VM operation: HandshakeAllThreads done
Event: 1.249 Executing VM operation: HandshakeAllThreads
Event: 1.249 Executing VM operation: HandshakeAllThreads done
Event: 1.250 Executing VM operation: HandshakeAllThreads
Event: 1.250 Executing VM operation: HandshakeAllThreads done
Event: 1.250 Executing VM operation: HandshakeAllThreads
Event: 1.250 Executing VM operation: HandshakeAllThreads done
Event: 1.251 Executing VM operation: HandshakeAllThreads
Event: 1.251 Executing VM operation: HandshakeAllThreads done
Event: 1.375 Executing VM operation: ICBufferFull
Event: 1.375 Executing VM operation: ICBufferFull done
Event: 2.381 Executing VM operation: Cleanup
Event: 2.507 Executing VM operation: Cleanup done
Event: 3.521 Executing VM operation: Cleanup

Events (20 events):
Event: 1.210 loading class java/util/concurrent/atomic/AtomicReferenceArray
Event: 1.210 loading class java/util/concurrent/atomic/AtomicReferenceArray done
Event: 1.247 loading class sun/text/resources/cldr/FormatData_en
Event: 1.247 loading class sun/text/resources/cldr/FormatData_en done
Event: 1.247 loading class sun/text/resources/cldr/FormatData_en_US
Event: 1.247 loading class sun/text/resources/cldr/FormatData_en_US done
Event: 1.256 Thread 0x0000025f8a0c9a40 Thread added: 0x0000025f8a0c9a40
Event: 1.266 loading class java/io/CharArrayReader
Event: 1.266 loading class java/io/CharArrayReader done
Event: 1.293 Thread 0x0000025f432be390 Thread added: 0x0000025f432be390
Event: 1.316 loading class javax/naming/ldap/LdapContext
Event: 1.317 loading class javax/naming/directory/DirContext
Event: 1.318 loading class javax/naming/directory/DirContext done
Event: 1.318 loading class javax/naming/ldap/LdapContext done
Event: 1.329 Thread 0x0000025f432be390 Thread exited: 0x0000025f432be390
Event: 1.408 loading class java/util/regex/Pattern$Pos
Event: 1.408 loading class java/util/regex/Pattern$Pos done
Event: 1.447 Thread 0x0000025f432be8a0 Thread exited: 0x0000025f432be8a0
Event: 2.585 loading class java/beans/PropertyVetoException
Event: 2.585 loading class java/beans/PropertyVetoException done


Dynamic libraries:
0x00007ff71dcf0000 - 0x00007ff71dd00000 	C:\Program Files\Java\jdk-17\bin\java.exe
0x00007ff91ede0000 - 0x00007ff91f048000 	C:\WINDOWS\SYSTEM32\ntdll.dll
0x00007ff91d090000 - 0x00007ff91d159000 	C:\WINDOWS\System32\KERNEL32.DLL
0x00007ff91c600000 - 0x00007ff91c9f2000 	C:\WINDOWS\System32\KERNELBASE.dll
0x00007ff91c2a0000 - 0x00007ff91c3eb000 	C:\WINDOWS\System32\ucrtbase.dll
0x00007ff8df520000 - 0x00007ff8df53b000 	C:\Program Files\Java\jdk-17\bin\VCRUNTIME140.dll
0x00007ff8de710000 - 0x00007ff8de729000 	C:\Program Files\Java\jdk-17\bin\jli.dll
0x00007ff91de60000 - 0x00007ff91df14000 	C:\WINDOWS\System32\ADVAPI32.dll
0x00007ff91db30000 - 0x00007ff91dbd9000 	C:\WINDOWS\System32\msvcrt.dll
0x00007ff91ecf0000 - 0x00007ff91ed96000 	C:\WINDOWS\System32\sechost.dll
0x00007ff91d1b0000 - 0x00007ff91d2c8000 	C:\WINDOWS\System32\RPCRT4.dll
0x00007ff91e290000 - 0x00007ff91e455000 	C:\WINDOWS\System32\USER32.dll
0x00007ff91ca00000 - 0x00007ff91ca27000 	C:\WINDOWS\System32\win32u.dll
0x00007ff91d3d0000 - 0x00007ff91d3fb000 	C:\WINDOWS\System32\GDI32.dll
0x00007ff91c170000 - 0x00007ff91c29d000 	C:\WINDOWS\System32\gdi32full.dll
0x00007ff8ffdd0000 - 0x00007ff900063000 	C:\WINDOWS\WinSxS\amd64_microsoft.windows.common-controls_6595b64144ccf1df_6.0.26100.6899_none_3e0efeeae32e88c1\COMCTL32.dll
0x00007ff91c4b0000 - 0x00007ff91c553000 	C:\WINDOWS\System32\msvcp_win.dll
0x00007ff91b810000 - 0x00007ff91b81b000 	C:\WINDOWS\SYSTEM32\VERSION.dll
0x00007ff91ecb0000 - 0x00007ff91ecdf000 	C:\WINDOWS\System32\IMM32.DLL
0x0000000057880000 - 0x000000005788d000 	C:\Program Files (x86)\360\360Safe\safemon\SafeWrapper.dll
0x00007ff90bd20000 - 0x00007ff90be24000 	C:\Program Files (x86)\360\360Safe\safemon\libzdtp64.dll
0x00007ff91e560000 - 0x00007ff91ecad000 	C:\WINDOWS\System32\SHELL32.dll
0x00007ff91c000000 - 0x00007ff91c16b000 	C:\WINDOWS\System32\wintypes.dll
0x00007ff91cbb0000 - 0x00007ff91cf2b000 	C:\WINDOWS\System32\combase.dll
0x00007ff91dac0000 - 0x00007ff91db22000 	C:\WINDOWS\System32\SHLWAPI.dll
0x00007ff908f70000 - 0x00007ff908f7c000 	C:\Program Files\Java\jdk-17\bin\vcruntime140_1.dll
0x00007ff82cbe0000 - 0x00007ff82cc6e000 	C:\Program Files\Java\jdk-17\bin\msvcp140.dll
0x00007ff821080000 - 0x00007ff821c60000 	C:\Program Files\Java\jdk-17\bin\server\jvm.dll
0x00007ff91d1a0000 - 0x00007ff91d1a8000 	C:\WINDOWS\System32\PSAPI.DLL
0x00007ff90f940000 - 0x00007ff90f975000 	C:\WINDOWS\SYSTEM32\WINMM.dll
0x00007ff912e50000 - 0x00007ff912e5a000 	C:\WINDOWS\SYSTEM32\WSOCK32.dll
0x00007ff91d400000 - 0x00007ff91d474000 	C:\WINDOWS\System32\WS2_32.dll
0x00007ff91ac80000 - 0x00007ff91ac9b000 	C:\WINDOWS\SYSTEM32\kernel.appcore.dll
0x00007ff908d00000 - 0x00007ff908d0a000 	C:\Program Files\Java\jdk-17\bin\jimage.dll
0x00007ff919810000 - 0x00007ff919a52000 	C:\WINDOWS\SYSTEM32\DBGHELP.DLL
0x00007ff91dc70000 - 0x00007ff91dd47000 	C:\WINDOWS\System32\OLEAUT32.dll
0x00007ff8fe7b0000 - 0x00007ff8fe7ec000 	C:\WINDOWS\SYSTEM32\dbgcore.DLL
0x00007ff91c560000 - 0x00007ff91c5f8000 	C:\WINDOWS\System32\bcryptPrimitives.dll
0x00007ff912ae0000 - 0x00007ff912aee000 	C:\Program Files\Java\jdk-17\bin\instrument.dll
0x00007ff89c6b0000 - 0x00007ff89c6d5000 	C:\Program Files\Java\jdk-17\bin\java.dll
0x00007ff82cb00000 - 0x00007ff82cbd7000 	C:\Program Files\Java\jdk-17\bin\jsvml.dll
0x00007ff919b60000 - 0x00007ff91a3bd000 	C:\WINDOWS\SYSTEM32\windows.storage.dll
0x00007ff91e460000 - 0x00007ff91e552000 	C:\WINDOWS\System32\SHCORE.dll
0x00007ff91be60000 - 0x00007ff91be89000 	C:\WINDOWS\SYSTEM32\profapi.dll
0x00007ff8c7a30000 - 0x00007ff8c7a48000 	C:\Program Files\Java\jdk-17\bin\zip.dll
0x00007ff8ce0a0000 - 0x00007ff8ce0b9000 	C:\Program Files\Java\jdk-17\bin\net.dll
0x00007ff9126c0000 - 0x00007ff9127df000 	C:\WINDOWS\SYSTEM32\WINHTTP.dll
0x00007ff91b1f0000 - 0x00007ff91b25b000 	C:\WINDOWS\system32\mswsock.dll
0x00007ff8cc6f0000 - 0x00007ff8cc706000 	C:\Program Files\Java\jdk-17\bin\nio.dll
0x00007ff8e9a90000 - 0x00007ff8e9aaa000 	E:\IntelliJ IDEA Community Edition 2022.1.4\bin\breakgen64.dll

dbghelp: loaded successfully - version: 4.0.5 - missing functions: none
symbol engine: initialized successfully - sym options: 0x614 - pdb path: .;C:\Program Files\Java\jdk-17\bin;C:\WINDOWS\SYSTEM32;C:\WINDOWS\WinSxS\amd64_microsoft.windows.common-controls_6595b64144ccf1df_6.0.26100.6899_none_3e0efeeae32e88c1;C:\Program Files (x86)\360\360Safe\safemon;C:\Program Files\Java\jdk-17\bin\server;E:\IntelliJ IDEA Community Edition 2022.1.4\bin

VM Arguments:
jvm_args: -javaagent:E:\IntelliJ IDEA Community Edition 2022.1.4\lib\idea_rt.jar=5701:E:\IntelliJ IDEA Community Edition 2022.1.4\bin -Dfile.encoding=UTF-8 
java_command: com.univ.researchhub.ResearchHubApplication
java_class_path (initial): F:\UnivResearchManager\UnivResearchManager\target\classes;C:\Users\35254\.m2\repository\org\springframework\boot\spring-boot-starter-web\3.1.5\spring-boot-starter-web-3.1.5.jar;C:\Users\35254\.m2\repository\org\springframework\boot\spring-boot-starter\3.1.5\spring-boot-starter-3.1.5.jar;C:\Users\35254\.m2\repository\org\springframework\boot\spring-boot-starter-logging\3.1.5\spring-boot-starter-logging-3.1.5.jar;C:\Users\35254\.m2\repository\ch\qos\logback\logback-classic\1.4.11\logback-classic-1.4.11.jar;C:\Users\35254\.m2\repository\ch\qos\logback\logback-core\1.4.11\logback-core-1.4.11.jar;C:\Users\35254\.m2\repository\org\apache\logging\log4j\log4j-to-slf4j\2.20.0\log4j-to-slf4j-2.20.0.jar;C:\Users\35254\.m2\repository\org\apache\logging\log4j\log4j-api\2.20.0\log4j-api-2.20.0.jar;C:\Users\35254\.m2\repository\org\slf4j\jul-to-slf4j\2.0.9\jul-to-slf4j-2.0.9.jar;C:\Users\35254\.m2\repository\jakarta\annotation\jakarta.annotation-api\2.1.1\jakarta.annotation-api-2.1.1.jar;C:\Users\35254\.m2\repository\org\yaml\snakeyaml\1.33\snakeyaml-1.33.jar;C:\Users\35254\.m2\repository\org\springframework\boot\spring-boot-starter-json\3.1.5\spring-boot-starter-json-3.1.5.jar;C:\Users\35254\.m2\repository\com\fasterxml\jackson\datatype\jackson-datatype-jdk8\2.15.3\jackson-datatype-jdk8-2.15.3.jar;C:\Users\35254\.m2\repository\com\fasterxml\jackson\datatype\jackson-datatype-jsr310\2.15.3\jackson-datatype-jsr310-2.15.3.jar;C:\Users\35254\.m2\repository\com\fasterxml\jackson\module\jackson-module-parameter-names\2.15.3\jackson-module-parameter-names-2.15.3.jar;C:\Users\35254\.m2\repository\org\springframework\boot\spring-boot-starter-tomcat\3.1.5\spring-boot-starter-tomcat-3.1.5.jar;C:\Users\35254\.m2\repository\org\apache\tomcat\embed\tomcat-embed-core\10.1.15\tomcat-embed-core-10.1.15.jar;C:\Users\35254\.m2\repository\org\apache\tomcat\embed\tomcat-embed-websocket\10.1.15\tomcat-embed-websocket-10.1.15.jar;C:\Users\35254\.m2\repository\org\springframe
Launcher Type: SUN_STANDARD

[Global flags]
     intx CICompilerCount                          = 12                                        {product} {ergonomic}
     uint ConcGCThreads                            = 3                                         {product} {ergonomic}
     uint G1ConcRefinementThreads                  = 13                                        {product} {ergonomic}
   size_t G1HeapRegionSize                         = 2097152                                   {product} {ergonomic}
    uintx GCDrainStackTargetSize                   = 64                                        {product} {ergonomic}
   size_t InitialHeapSize                          = 264241152                                 {product} {ergonomic}
   size_t MarkStackSize                            = 4194304                                   {product} {ergonomic}
   size_t MaxHeapSize                              = 4223664128                                {product} {ergonomic}
   size_t MaxNewSize                               = 2533359616                                {product} {ergonomic}
   size_t MinHeapDeltaBytes                        = 2097152                                   {product} {ergonomic}
   size_t MinHeapSize                              = 8388608                                   {product} {ergonomic}
    uintx NonNMethodCodeHeapSize                   = 7602480                                {pd product} {ergonomic}
    uintx NonProfiledCodeHeapSize                  = 122027880                              {pd product} {ergonomic}
    uintx ProfiledCodeHeapSize                     = 122027880                              {pd product} {ergonomic}
    uintx ReservedCodeCacheSize                    = 251658240                              {pd product} {ergonomic}
     bool SegmentedCodeCache                       = true                                      {product} {ergonomic}
   size_t SoftMaxHeapSize                          = 4223664128                             {manageable} {ergonomic}
     bool UseCompressedClassPointers               = true                           {product lp64_product} {ergonomic}
     bool UseCompressedOops                        = true                           {product lp64_product} {ergonomic}
     bool UseG1GC                                  = true                                      {product} {ergonomic}
     bool UseLargePagesIndividualAllocation        = false                                  {pd product} {ergonomic}

Logging:
Log output configuration:
 #0: stdout all=warning uptime,level,tags
 #1: stderr all=off uptime,level,tags

Environment Variables:
JAVA_HOME=C:\Program Files\Java\jdk1.8.0_212
CLASSPATH=.;C:\Program Files\Java\jdk1.8.0_212\lib;C:\Program Files\Java\jdk1.8.0_212\lib\tools.jar
PATH=C:\Program Files\Eclipse Adoptium\jdk-17.0.15.6-hotspot\bin;C:\Program Files\Java\jdk1.8.0_212\bin;C:\Program Files\Common Files\Oracle\Java\javapath;C:\Program Files\nodejs\node_global\bin;E:\VMware\bin\;C:;Program Files\Java\jdk-17\bin;C:\Windows\System32\HWAudioDriverLibs;C:\Windows\system32;C:\Windows;F:\download\mingw64\bin;C:\Windows\System32\Wbem;C:\Windows\System32\WindowsPowerShell\v1.0\;C:\Windows\System32\OpenSSH\;C:\Users\Administrator\AppData\Local\Microsoft\WindowsApps;C:\Windows\system32\config\systemprofile\AppData\Local\Microsoft\WindowsApps;C:\windows\system32\HWAudioDriver\;F:\download\\Web\dll;C:\Program Files (x86)\Windows Kits\10\Windows Performance Toolkit\;E:\web;\dll;F:\nodejs\node_modules;E:\maven\apache-maven-3.9.9\bin;F:\download\nvm;C:\Program Files\nodejs;C:\Program Files\nodejs\node_global;C:\Program Files\MySQL\MySQL Server 8.0\bin;F:\download\BlueWhale-3.31.3-Python38-win64\BlueWhale\bluewhale\Scripts;F:\download\BlueWhale-3.31.3-Python38-win64\BlueWhale\bluewhale\;F:\download\;C:\Program Files\Git\cmd;F:\download\anaconda\Scripts;F:\download\anaconda;F:\download\anaconda\Library\bin;C:\WINDOWS\system32;C:\WINDOWS;C:\WINDOWS\System32\Wbem;C:\WINDOWS\System32\WindowsPowerShell\v1.0\;C:\WINDOWS\System32\OpenSSH\;F:\download\miniconda\application\Scripts;F:\download\miniconda\application\condabin;F:\download\miniconda\application;F:\download\miniconda\application\Library\mingw-w64\bin;F:\download\miniconda\application\Library\usr\bin;F:\download\miniconda\application\Library\bin;F:\download\miniconda\application\Scripts;F:\download\anaconda\Scripts;E:\Proteus 8 Professional\python\Scripts\;E:\Proteus 8 Professional\python\;F:\download\anaconda;F:\download\anaconda\Library\bin;C:\Users\35254\AppData\Local\Microsoft\WindowsApps;E:\Microsoft VS Code\bin;E:\maven\apache-maven-3.9.9\bin;%JAVA_HOME\bin;C:\Users\35254\AppData\Local\Microsoft\WinGet\Packages\Schniz.fnm_Microsoft.Winget.Source_8wek
USERNAME=35254
OS=Windows_NT
PROCESSOR_IDENTIFIER=Intel64 Family 6 Model 154 Stepping 3, GenuineIntel



---------------  S Y S T E M  ---------------

OS:
 Windows 11 , 64 bit Build 26100 (10.0.26100.6725)
OS uptime: 5 days 3:36 hours

CPU: total 16 (initial active 16) (8 cores per cpu, 2 threads per core) family 6 model 154 stepping 3 microcode 0x420, cx8, cmov, fxsr, ht, mmx, 3dnowpref, sse, sse2, sse3, ssse3, sse4.1, sse4.2, popcnt, lzcnt, tsc, tscinvbit, avx, avx2, aes, erms, clmul, bmi1, bmi2, adx, sha, fma, vzeroupper, clflush, clflushopt, clwb

Memory: 4k page, system-wide physical 16108M (2248M free)
TotalPageFile size 16108M (AvailPageFile size 0M)
current process WorkingSet (physical memory assigned to process): 158M, peak: 159M
current process commit charge ("private bytes"): 419M, peak: 423M

vm_info: Java HotSpot(TM) 64-Bit Server VM (17.0.12+8-LTS-286) for windows-amd64 JRE (17.0.12+8-LTS-286), built on Jun  5 2024 06:46:59 by "mach5one" with MS VC++ 17.6 (VS2022)

END.
